#
# A fatal error has been detected by the Java Runtime Environment:
#
#  SIGSEGV (0xb) at pc=0x0000000119487f53, pid=83899, tid=48767
#
# JRE version: Java(TM) SE Runtime Environment (18.0.2.1+1) (build 18.0.2.1+1-1)
# Java VM: Java HotSpot(TM) 64-Bit Server VM (18.0.2.1+1-1, mixed mode, sharing, tiered, compressed oops, compressed class ptrs, g1 gc, bsd-amd64)
# Problematic frame:
# v  ~BufferBlob::MethodHandles adapters
#
# No core dump will be written. Core dumps have been disabled. To enable core dumping, try "ulimit -c unlimited" before starting Java again
#
# If you would like to submit a bug report, please visit:
#   https://bugreport.java.com/bugreport/crash.jsp
#

---------------  S U M M A R Y ------------

Command Line: -XX:+ShowCodeDetailsInExceptionMessages -agentlib:jdwp=transport=dt_socket,suspend=y,address=localhost:55997 -javaagent:/Users/tranhainam/eclipse/java-2022-06/Eclipse.app/Contents/Eclipse/configuration/org.eclipse.osgi/207/0/.cp/lib/javaagent-shaded.jar -Dfile.encoding=UTF-8 com.cacaotalk.user.CacaoSocialMediaApplication

Host: "MacBookPro17,1" x86_64 (EMULATED) 2400 MHz, 8 cores, 16G, Darwin 22.1.0, macOS 13.0.1 (22A400)
Time: Wed Feb 22 11:53:47 2023 +07 elapsed time: 11435.258134 seconds (0d 3h 10m 35s)

---------------  T H R E A D  ---------------

Current thread (0x00007fcfc8542200):  JavaThread "restartedMain" [_thread_in_Java, id=48767, stack(0x000000030e1d5000,0x000000030e2d5000)]

Stack: [0x000000030e1d5000,0x000000030e2d5000],  sp=0x000000030e2d3ae8,  free space=1018k
Native frames: (J=compiled Java code, j=interpreted, Vv=VM code, C=native code)
v  ~BufferBlob::MethodHandles adapters


siginfo: si_signo: 11 (SIGSEGV), si_code: 1 (SEGV_MAPERR), si_addr: 0xe08eb06f00000050

Register to memory mapping:

RAX=0x0000000119462e90 is at code_begin+4144 in an Interpreter codelet
return entry points  [0x0000000119461e60, 0x0000000119463ae0]  7296 bytes
RBX=0xe08eb06f00000000 is an unknown value
RCX=0x000000030e2d3af0 is pointing into the stack for thread: 0x00007fcfc8542200
RDX=0x0000000000000002 is an unknown value
RSP=0x000000030e2d3ae8 is pointing into the stack for thread: 0x00007fcfc8542200
RBP=0x000000030e2d3b38 is pointing into the stack for thread: 0x00007fcfc8542200
RSI=0x0000000000000004 is an unknown value
RDI=0x0 is NULL
R8 =0x0000000000000006 is an unknown value
R9 =0x0000000000000154 is an unknown value
R10=0x0000000800000000 is pointing into metadata
R11=0x00006000004d6624 points into unknown readable memory: bc d8 63 cd
R12=0x0 is NULL
R13=0x000000030e2d3ae8 is pointing into the stack for thread: 0x00007fcfc8542200
R14=0x000000030e2d3b58 is pointing into the stack for thread: 0x00007fcfc8542200
R15=0x00007fcfc8542200 is a thread


Registers:
RAX=0x0000000119462e90, RBX=0xe08eb06f00000000, RCX=0x000000030e2d3af0, RDX=0x0000000000000002
RSP=0x000000030e2d3ae8, RBP=0x000000030e2d3b38, RSI=0x0000000000000004, RDI=0x0000000000000000
R8 =0x0000000000000006, R9 =0x0000000000000154, R10=0x0000000800000000, R11=0x00006000004d6624
R12=0x0000000000000000, R13=0x000000030e2d3ae8, R14=0x000000030e2d3b58, R15=0x00007fcfc8542200
RIP=0x0000000119487f53, EFLAGS=0x0000000000000246, ERR=0x0000000000000004
  TRAPNO=0x000000000000000e

Top of Stack: (sp=0x000000030e2d3ae8)
0x000000030e2d3ae8:   0000000119462e90 000000030e2d3af0
0x000000030e2d3af8:   00000008006ebc97 000000030e2d3b58
0x000000030e2d3b08:   00000008000c5c08 00000001343e2f60
0x000000030e2d3b18:   00000007ffd07008 00000008000c9e58
0x000000030e2d3b28:   000000030e2d3ae8 000000030e2d3b60
0x000000030e2d3b38:   0000000704758310 000000012174aa46
0x000000030e2d3b48:   0000000704758280 0000000704758328
0x000000030e2d3b58:   00000007047582e0 00000007047580c0
0x000000030e2d3b68:   0000000704758310 0000000000000000
0x000000030e2d3b78:   0000000106dd9a28 0000000704758068
0x000000030e2d3b88:   0000000700ca75d0 00000007047580c0
0x000000030e2d3b98:   0000000704758310 0000000705df22b0
0x000000030e2d3ba8:   00000007047582e0 0000000706958d68
0x000000030e2d3bb8:   e0d2b1ad00000001 0000000000000001
0x000000030e2d3bc8:   0000000705d6e768 0000000121749e48
0x000000030e2d3bd8:   0000000700be6250 00000007047580b0
0x000000030e2d3be8:   0000000121c66cfb 0000000704755db8
0x000000030e2d3bf8:   00000007047580b0 0000000704757f10
0x000000030e2d3c08:   00000007047580c0 0000000700ca75d0
0x000000030e2d3c18:   0000000124c59000 00000000e08eabb7
0x000000030e2d3c28:   0000000200000000 0000000706dda300
0x000000030e2d3c38:   0000000704755b98 0000000704755b98
0x000000030e2d3c48:   0000000706dd9a28 0000000706a42f18
0x000000030e2d3c58:   0000000706958d68 00000007e08eabb7
0x000000030e2d3c68:   0000000704758068 00000000e08eafe2
0x000000030e2d3c78:   0000000705d7b1a0 0000000700502370
0x000000030e2d3c88:   0000000700000010 e0bb05a100c88ce0
0x000000030e2d3c98:   0000000705daa278 e0dbb34500000001
0x000000030e2d3ca8:   0000865004755ef0 0000000704755f08
0x000000030e2d3cb8:   0000000706a42f18 0000000706dd9a28
0x000000030e2d3cc8:   0000000706c00850 0000000705df22b0
0x000000030e2d3cd8:   00000000e00711b7 000000010000000a 

Instructions: (pc=0x0000000119487f53)
0x0000000119487e53:   00 00 00 74 03 ff 63 38 ff 63 50 e9 1d 16 00 00
0x0000000119487e63:   66 66 66 0f 1f 84 00 00 00 00 00 66 66 66 90 66
0x0000000119487e73:   66 0f 1f 84 00 00 00 00 00 66 66 66 90 48 8b 53
0x0000000119487e83:   08 0f b7 52 2c 48 8b 0c d4 58 5b 50 44 8b 51 08
0x0000000119487e93:   49 bb 00 00 00 00 08 00 00 00 4d 03 d3 4c 8b 5b
0x0000000119487ea3:   10 4b 8b 9c da b8 01 00 00 48 85 db 0f 84 10 00
0x0000000119487eb3:   00 00 41 80 bf 60 04 00 00 00 74 03 ff 63 38 ff
0x0000000119487ec3:   63 50 e9 b6 15 00 00 66 66 66 0f 1f 84 00 00 00
0x0000000119487ed3:   00 00 66 66 66 90 0f 1f 80 00 00 00 00 58 5b 50
0x0000000119487ee3:   8b 5b 24 48 c1 e3 03 48 8b 5b 10 48 85 db 0f 84
0x0000000119487ef3:   10 00 00 00 41 80 bf 60 04 00 00 00 74 03 ff 63
0x0000000119487f03:   38 ff 63 50 e9 74 15 00 00 66 66 66 0f 1f 84 00
0x0000000119487f13:   00 00 00 00 66 66 66 90 0f 1f 44 00 00 48 8b 53
0x0000000119487f23:   08 0f b7 52 2c 48 8b 0c d4 58 5b 50 48 3b 01 8b
0x0000000119487f33:   5b 24 48 c1 e3 03 48 8b 5b 10 48 85 db 0f 84 10
0x0000000119487f43:   00 00 00 41 80 bf 60 04 00 00 00 74 03 ff 63 38
0x0000000119487f53:   ff 63 50 e9 25 15 00 00 0f 1f 44 00 00 48 8b 53
0x0000000119487f63:   08 0f b7 52 2c 48 8b 0c d4 58 5b 50 44 8b 51 08
0x0000000119487f73:   49 bb 00 00 00 00 08 00 00 00 4d 03 d3 8b 43 18
0x0000000119487f83:   48 c1 e0 03 48 8b 40 10 48 8b 5b 10 45 8b 9a a0
0x0000000119487f93:   00 00 00 4f 8d 9c da b8 01 00 00 4d 8d 14 da 49
0x0000000119487fa3:   8b 1b 48 3b c3 74 15 48 85 db 0f 84 32 00 00 00
0x0000000119487fb3:   49 83 c3 10 49 8b 1b 48 3b c3 75 eb 45 8b 5b 08
0x0000000119487fc3:   4b 8b 1c 1a 48 85 db 0f 84 10 00 00 00 41 80 bf
0x0000000119487fd3:   60 04 00 00 00 74 03 ff 63 38 ff 63 50 e9 9b 14
0x0000000119487fe3:   00 00 e9 96 11 00 00 f4 00 00 00 00 00 00 00 00
0x0000000119487ff3:   00 00 00 00 00 00 00 00 00 00 00 00 00 00 00 00
0x0000000119488003:   00 00 00 00 00 00 00 00 00 00 00 00 00 00 00 00
0x0000000119488013:   00 00 00 00 00 00 00 00 00 00 00 00 00 00 00 00
0x0000000119488023:   00 00 00 00 00 00 00 00 00 00 00 00 00 00 00 00
0x0000000119488033:   00 00 00 00 00 00 00 00 00 00 00 00 00 00 00 00
0x0000000119488043:   00 00 00 00 00 00 00 00 00 00 00 00 00 00 00 00 


Stack slot to memory mapping:
stack at sp + 0 slots: 0x0000000119462e90 is at code_begin+4144 in an Interpreter codelet
return entry points  [0x0000000119461e60, 0x0000000119463ae0]  7296 bytes
stack at sp + 1 slots: 0x000000030e2d3af0 is pointing into the stack for thread: 0x00007fcfc8542200
stack at sp + 2 slots: 0x00000008006ebc97 is pointing into metadata
stack at sp + 3 slots: 0x000000030e2d3b58 is pointing into the stack for thread: 0x00007fcfc8542200
stack at sp + 4 slots: 0x00000008000c5c08 is pointing into metadata
stack at sp + 5 slots: 0x00000001343e2f60 is pointing into metadata
stack at sp + 6 slots: 0x00000007ffd07008 is an oop: java.lang.Class 
{0x00000007ffd07008} - klass: 'java/lang/Class'
 - ---- fields (total size 14 words):
 - private volatile transient 'classRedefinedCount' 'I' @12  0
 - abstract internal 'klass' 'J' @16  34360547368 (c5828 8)
 - abstract internal 'array_klass' 'J' @24  0 (0 0)
 - abstract internal 'oop_size' 'I' @32  14 (e)
 - abstract internal 'static_oop_field_count' 'I' @36  0
 - private volatile transient 'cachedConstructor' 'Ljava/lang/reflect/Constructor;' @40  NULL (0)
 - private transient 'name' 'Ljava/lang/String;' @44  NULL (0)
 - private transient 'module' 'Ljava/lang/Module;' @48  a 'java/lang/Module'{0x0000000700379720} (e006f2e4)
 - private final 'classLoader' 'Ljava/lang/ClassLoader;' @52  NULL (0)
 - private transient 'classData' 'Ljava/lang/Object;' @56  NULL (0)
 - private transient 'packageName' 'Ljava/lang/String;' @60  NULL (0)
 - private final 'componentType' 'Ljava/lang/Class;' @64  NULL (0)
 - private volatile transient 'reflectionData' 'Ljava/lang/ref/SoftReference;' @68  NULL (0)
 - private volatile transient 'genericInfo' 'Lsun/reflect/generics/repository/ClassRepository;' @72  NULL (0)
 - private volatile transient 'enumConstants' '[Ljava/lang/Object;' @76  NULL (0)
 - private volatile transient 'enumConstantDirectory' 'Ljava/util/Map;' @80  NULL (0)
 - private volatile transient 'annotationData' 'Ljava/lang/Class$AnnotationData;' @84  NULL (0)
 - private volatile transient 'annotationType' 'Lsun/reflect/annotation/AnnotationType;' @88  NULL (0)
 - transient 'classValueMap' 'Ljava/lang/ClassValue$ClassValueMap;' @92  NULL (0)
 - abstract internal 'protection_domain' 'Ljava/lang/Object;' @96  NULL (0)
 - abstract internal 'signers_name' 'Ljava/lang/Object;' @100  NULL (0)
 - abstract internal 'source_file' 'Ljava/lang/Object;' @104  NULL (0)
 - signature: Ljava/lang/invoke/DirectMethodHandle$Holder;
 - ---- static fields (0):
stack at sp + 7 slots: {method} {0x00000008000c9e58} 'newInvokeSpecial' '(Ljava/lang/Object;)Ljava/lang/Object;' in 'java/lang/invoke/DirectMethodHandle$Holder'

MethodHandle::interpreter_entry::_linkToSpecial [0x0000000119487f0c, 0x0000000119487f5b] (79 bytes)
[MachCode]
  0x0000000119487f0c: 6666 660f | 1f84 0000 | 0000 0066 | 6666 900f | 1f44 0000 | 488b 5308 | 0fb7 522c | 488b 0cd4 
  0x0000000119487f2c: 585b 5048 | 3b01 8b5b | 2448 c1e3 | 0348 8b5b | 1048 85db | 0f84 1000 | 0000 4180 | bf60 0400 
  0x0000000119487f4c: 0000 7403 | ff63 38ff | 6350 e925 | 
[/MachCode]

---------------  P R O C E S S  ---------------

Threads class SMR info:
_java_thread_list=0x0000600000122120, length=22, elements={
0x00007fcfc800e400, 0x00007fcfc800c400, 0x00007fcfc801f000, 0x00007fcfc801da00,
0x00007fcfc801b000, 0x00007fcfc801f600, 0x00007fcfc801fc00, 0x00007fcfd0011000,
0x00007fcfd082e600, 0x00007fcfc801b600, 0x00007fcfc801bc00, 0x00007fcfc8020200,
0x00007fcfd006a200, 0x00007fcfb89a4600, 0x00007fcf58a46600, 0x00007fcfd01e3e00,
0x00007fcf987fec00, 0x00007fcfc8542200, 0x00007fcf986d1200, 0x00007fcf987b2600,
0x00007fcf8880a800, 0x00007fcf59979200
}

Java Threads: ( => current thread )
  0x00007fcfc800e400 JavaThread "Reference Handler" daemon [_thread_blocked, id=22335, stack(0x000000030cc8a000,0x000000030cd8a000)]
  0x00007fcfc800c400 JavaThread "Finalizer" daemon [_thread_blocked, id=32003, stack(0x000000030cd8d000,0x000000030ce8d000)]
  0x00007fcfc801f000 JavaThread "Signal Dispatcher" daemon [_thread_blocked, id=30211, stack(0x000000030cf9f000,0x000000030d09f000)]
  0x00007fcfc801da00 JavaThread "Service Thread" daemon [_thread_blocked, id=25603, stack(0x000000030d0a2000,0x000000030d1a2000)]
  0x00007fcfc801b000 JavaThread "Monitor Deflation Thread" daemon [_thread_blocked, id=29699, stack(0x000000030d1a5000,0x000000030d2a5000)]
  0x00007fcfc801f600 JavaThread "C2 CompilerThread0" daemon [_thread_blocked, id=29187, stack(0x000000030d2a8000,0x000000030d3a8000)]
  0x00007fcfc801fc00 JavaThread "C1 CompilerThread0" daemon [_thread_blocked, id=28931, stack(0x000000030d3ab000,0x000000030d4ab000)]
  0x00007fcfd0011000 JavaThread "Sweeper thread" daemon [_thread_blocked, id=26371, stack(0x000000030d4ae000,0x000000030d5ae000)]
  0x00007fcfd082e600 JavaThread "Common-Cleaner" daemon [_thread_blocked, id=27947, stack(0x000000030d5b1000,0x000000030d6b1000)]
  0x00007fcfc801b600 JavaThread "JDWP Transport Listener: dt_socket" daemon [_thread_blocked, id=27479, stack(0x000000030d6b4000,0x000000030d7b4000)]
  0x00007fcfc801bc00 JavaThread "JDWP Event Helper Thread" daemon [_thread_blocked, id=43267, stack(0x000000030d7b7000,0x000000030d8b7000)]
  0x00007fcfc8020200 JavaThread "JDWP Command Reader" daemon [_thread_in_native, id=42755, stack(0x000000030d8ba000,0x000000030d9ba000)]
  0x00007fcfd006a200 JavaThread "Notification Thread" daemon [_thread_blocked, id=33943, stack(0x000000030d9bd000,0x000000030dabd000)]
  0x00007fcfb89a4600 JavaThread "mysql-cj-abandoned-connection-cleanup" daemon [_thread_blocked, id=45059, stack(0x000000030e8ea000,0x000000030e9ea000)]
  0x00007fcf58a46600 JavaThread "Live Reload Server" daemon [_thread_in_native, id=61191, stack(0x000000030ebf3000,0x000000030ecf3000)]
  0x00007fcfd01e3e00 JavaThread "DestroyJavaVM" [_thread_blocked, id=10499, stack(0x000000030c575000,0x000000030c675000)]
  0x00007fcf987fec00 JavaThread "Thread-128" [_thread_blocked, id=73779, stack(0x000000030e0d2000,0x000000030e1d2000)]
=>0x00007fcfc8542200 JavaThread "restartedMain" [_thread_in_Java, id=48767, stack(0x000000030e1d5000,0x000000030e2d5000)]
  0x00007fcf986d1200 JavaThread "Catalina-utility-1" [_thread_blocked, id=85259, stack(0x000000030e5e1000,0x000000030e6e1000)]
  0x00007fcf987b2600 JavaThread "Catalina-utility-2" [_thread_blocked, id=75831, stack(0x000000030e6e4000,0x000000030e7e4000)]
  0x00007fcf8880a800 JavaThread "container-0" [_thread_blocked, id=78995, stack(0x000000030e7e7000,0x000000030e8e7000)]
  0x00007fcf59979200 JavaThread "HikariPool-27 housekeeper" daemon [_thread_blocked, id=81675, stack(0x000000030e9ed000,0x000000030eaed000)]

Other Threads:
  0x00007fcfb80060c0 VMThread "VM Thread" [stack: 0x000000030cb87000,0x000000030cc87000] [id=32515]
  0x00007fcfcff16c00 WatcherThread "VM Periodic Task Thread" [stack: 0x000000030dac0000,0x000000030dbc0000] [id=34307]
  0x00007fcfb8105e00 WorkerThread "GC Thread#0" [stack: 0x000000030c678000,0x000000030c778000] [id=16643]
  0x00007fcfb8123080 WorkerThread "GC Thread#1" [stack: 0x000000030dbc3000,0x000000030dcc3000] [id=35379]
  0x00007fcfb81234f0 WorkerThread "GC Thread#2" [stack: 0x000000030dcc6000,0x000000030ddc6000] [id=41219]
  0x00007fcfb8123950 WorkerThread "GC Thread#3" [stack: 0x000000030ddc9000,0x000000030dec9000] [id=35587]
  0x00007fcfb8123db0 WorkerThread "GC Thread#4" [stack: 0x000000030decc000,0x000000030dfcc000] [id=40451]
  0x00007fcfb8124600 WorkerThread "GC Thread#5" [stack: 0x000000030dfcf000,0x000000030e0cf000] [id=39939]
  0x00007fcfb802e4e0 WorkerThread "GC Thread#6" [stack: 0x000000030e2d8000,0x000000030e3d8000] [id=38147]
  0x00007fcfb814e030 WorkerThread "GC Thread#7" [stack: 0x000000030e3db000,0x000000030e4db000] [id=65331]
  0x00007fcfaff04590 ConcurrentGCThread "G1 Main Marker" [stack: 0x000000030c77b000,0x000000030c87b000] [id=21507]
  0x00007fcfaff04df0 WorkerThread "G1 Conc#0" [stack: 0x000000030c87e000,0x000000030c97e000] [id=20739]
  0x00007fcf8ff06000 WorkerThread "G1 Conc#1" [stack: 0x000000030e4de000,0x000000030e5de000] [id=44291]
  0x00007fcfb8113260 ConcurrentGCThread "G1 Refine#0" [stack: 0x000000030c981000,0x000000030ca81000] [id=20483]
  0x00007fcf680048a0 ConcurrentGCThread "G1 Refine#1" [stack: 0x000000030edf9000,0x000000030eef9000] [id=49167]
  0x00007fcfb818adc0 ConcurrentGCThread "G1 Refine#2" [stack: 0x000000030fc23000,0x000000030fd23000] [id=87303]
  0x00007fcfb8113ae0 ConcurrentGCThread "G1 Service" [stack: 0x000000030ca84000,0x000000030cb84000] [id=19971]

Threads with active compile tasks:

VM state: not at safepoint (normal execution)

VM Mutex/Monitor currently owned by a thread: None

OutOfMemory and StackOverflow Exception counts:
StackOverflowErrors=28
LinkageErrors=92

Heap address: 0x0000000700000000, size: 4096 MB, Compressed Oops mode: Zero based, Oop shift amount: 3

CDS archive(s) mapped at: [0x0000000800000000-0x0000000800ba8000-0x0000000800ba8000), size 12222464, SharedBaseAddress: 0x0000000800000000, ArchiveRelocationMode: 0.
Compressed class space mapped at: 0x0000000800c00000-0x0000000840c00000, reserved size: 1073741824
Narrow klass base: 0x0000000800000000, Narrow klass shift: 0, Narrow klass range: 0x100000000

GC Precious Log:
 CardTable entry size: 512
 Card Set container configuration: InlinePtr #cards 4 size 8 Array Of Cards #cards 16 size 48 Howl #buckets 8 coarsen threshold 3686 Howl Bitmap #cards 512 size 80 coarsen threshold 460 Card regions per heap region 1 cards per card region 4096
 CPUs: 8 total, 8 available
 Memory: 16384M
 Large Page Support: Disabled
 NUMA Support: Disabled
 Compressed Oops: Enabled (Zero based)
 Heap Region Size: 2M
 Heap Min Capacity: 8M
 Heap Initial Capacity: 256M
 Heap Max Capacity: 4G
 Pre-touch: Disabled
 Parallel Workers: 8
 Concurrent Workers: 2
 Concurrent Refinement Workers: 8
 Periodic GC: Disabled

Heap:
 garbage-first heap   total 116736K, used 66142K [0x0000000700000000, 0x0000000800000000)
  region size 2048K, 20 young (40960K), 0 survivors (0K)
 Metaspace       used 72703K, committed 73600K, reserved 1179648K
  class space    used 8120K, committed 8576K, reserved 1048576K

Heap Regions: E=young(eden), S=young(survivor), O=old, HS=humongous(starts), HC=humongous(continues), CS=collection set, F=free, OA=open archive, CA=closed archive, TAMS=top-at-mark-start (previous, next)
|   0|0x0000000700000000, 0x00000007001ffff0, 0x0000000700200000| 99%| O|  |TAMS 0x00000007001ffff0, 0x0000000700000000| Untracked 
|   1|0x0000000700200000, 0x00000007003ffff0, 0x0000000700400000| 99%| O|  |TAMS 0x00000007003ffff0, 0x0000000700200000| Untracked 
|   2|0x0000000700400000, 0x00000007005fffb8, 0x0000000700600000| 99%| O|  |TAMS 0x00000007005fffb8, 0x0000000700400000| Untracked 
|   3|0x0000000700600000, 0x00000007007ffff0, 0x0000000700800000| 99%| O|  |TAMS 0x00000007007ffff0, 0x0000000700600000| Untracked 
|   4|0x0000000700800000, 0x00000007009ffff8, 0x0000000700a00000| 99%| O|  |TAMS 0x00000007009ffff8, 0x0000000700800000| Untracked 
|   5|0x0000000700a00000, 0x0000000700c00000, 0x0000000700c00000|100%| O|  |TAMS 0x0000000700c00000, 0x0000000700a00000| Untracked 
|   6|0x0000000700c00000, 0x0000000700e00000, 0x0000000700e00000|100%| O|  |TAMS 0x0000000700e00000, 0x0000000700c00000| Untracked 
|   7|0x0000000700e00000, 0x0000000700fffff0, 0x0000000701000000| 99%| O|  |TAMS 0x0000000700fffff0, 0x0000000700e00000| Untracked 
|   8|0x0000000701000000, 0x00000007011e0b18, 0x0000000701200000| 93%| O|  |TAMS 0x0000000701000000, 0x0000000701000000| Untracked 
|   9|0x0000000701200000, 0x00000007013ffff0, 0x0000000701400000| 99%| O|  |TAMS 0x00000007013ffff0, 0x0000000701200000| Untracked 
|  10|0x0000000701400000, 0x00000007015fd5f8, 0x0000000701600000| 99%| O|  |TAMS 0x0000000701400000, 0x0000000701400000| Untracked 
|  11|0x0000000701600000, 0x00000007017636b8, 0x0000000701800000| 69%| O|  |TAMS 0x0000000701600000, 0x0000000701600000| Untracked 
|  12|0x0000000701800000, 0x0000000701900cf0, 0x0000000701a00000| 50%| O|  |TAMS 0x0000000701800000, 0x0000000701800000| Untracked 
|  13|0x0000000701a00000, 0x0000000701a00000, 0x0000000701c00000|  0%| F|  |TAMS 0x0000000701a00000, 0x0000000701a00000| Untracked 
|  14|0x0000000701c00000, 0x0000000701c58288, 0x0000000701e00000| 17%| O|  |TAMS 0x0000000701c00000, 0x0000000701c00000| Untracked 
|  15|0x0000000701e00000, 0x0000000701e00000, 0x0000000702000000|  0%| F|  |TAMS 0x0000000701e00000, 0x0000000701e00000| Untracked 
|  16|0x0000000702000000, 0x0000000702000000, 0x0000000702200000|  0%| F|  |TAMS 0x0000000702000000, 0x0000000702000000| Untracked 
|  17|0x0000000702200000, 0x0000000702200000, 0x0000000702400000|  0%| F|  |TAMS 0x0000000702200000, 0x0000000702200000| Untracked 
|  18|0x0000000702400000, 0x00000007024172b0, 0x0000000702600000|  4%| O|  |TAMS 0x0000000702400000, 0x0000000702400000| Untracked 
|  19|0x0000000702600000, 0x0000000702600000, 0x0000000702800000|  0%| F|  |TAMS 0x0000000702600000, 0x0000000702600000| Untracked 
|  20|0x0000000702800000, 0x0000000702800000, 0x0000000702a00000|  0%| F|  |TAMS 0x0000000702800000, 0x0000000702800000| Untracked 
|  21|0x0000000702a00000, 0x0000000702a00000, 0x0000000702c00000|  0%| F|  |TAMS 0x0000000702a00000, 0x0000000702a00000| Untracked 
|  22|0x0000000702c00000, 0x0000000702c00000, 0x0000000702e00000|  0%| F|  |TAMS 0x0000000702c00000, 0x0000000702c00000| Untracked 
|  23|0x0000000702e00000, 0x0000000702e00000, 0x0000000703000000|  0%| F|  |TAMS 0x0000000702e00000, 0x0000000702e00000| Untracked 
|  24|0x0000000703000000, 0x0000000703000000, 0x0000000703200000|  0%| F|  |TAMS 0x0000000703000000, 0x0000000703000000| Untracked 
|  25|0x0000000703200000, 0x0000000703200000, 0x0000000703400000|  0%| F|  |TAMS 0x0000000703200000, 0x0000000703200000| Untracked 
|  26|0x0000000703400000, 0x0000000703400000, 0x0000000703600000|  0%| F|  |TAMS 0x0000000703400000, 0x0000000703400000| Untracked 
|  27|0x0000000703600000, 0x0000000703600000, 0x0000000703800000|  0%| F|  |TAMS 0x0000000703600000, 0x0000000703600000| Untracked 
|  28|0x0000000703800000, 0x0000000703800000, 0x0000000703a00000|  0%| F|  |TAMS 0x0000000703800000, 0x0000000703800000| Untracked 
|  29|0x0000000703a00000, 0x0000000703a00000, 0x0000000703c00000|  0%| F|  |TAMS 0x0000000703a00000, 0x0000000703a00000| Untracked 
|  30|0x0000000703c00000, 0x0000000703c00000, 0x0000000703e00000|  0%| F|  |TAMS 0x0000000703c00000, 0x0000000703c00000| Untracked 
|  31|0x0000000703e00000, 0x0000000703e00000, 0x0000000704000000|  0%| F|  |TAMS 0x0000000703e00000, 0x0000000703e00000| Untracked 
|  32|0x0000000704000000, 0x0000000704000000, 0x0000000704200000|  0%| F|  |TAMS 0x0000000704000000, 0x0000000704000000| Untracked 
|  33|0x0000000704200000, 0x0000000704200000, 0x0000000704400000|  0%| F|  |TAMS 0x0000000704200000, 0x0000000704200000| Untracked 
|  34|0x0000000704400000, 0x0000000704400000, 0x0000000704600000|  0%| F|  |TAMS 0x0000000704400000, 0x0000000704400000| Untracked 
|  35|0x0000000704600000, 0x000000070477b2c0, 0x0000000704800000| 74%| E|  |TAMS 0x0000000704600000, 0x0000000704600000| Complete 
|  36|0x0000000704800000, 0x0000000704a00000, 0x0000000704a00000|100%| E|CS|TAMS 0x0000000704800000, 0x0000000704800000| Complete 
|  37|0x0000000704a00000, 0x0000000704c00000, 0x0000000704c00000|100%| E|CS|TAMS 0x0000000704a00000, 0x0000000704a00000| Complete 
|  38|0x0000000704c00000, 0x0000000704e00000, 0x0000000704e00000|100%| E|CS|TAMS 0x0000000704c00000, 0x0000000704c00000| Complete 
|  39|0x0000000704e00000, 0x0000000705000000, 0x0000000705000000|100%| E|CS|TAMS 0x0000000704e00000, 0x0000000704e00000| Complete 
|  40|0x0000000705000000, 0x0000000705200000, 0x0000000705200000|100%| E|CS|TAMS 0x0000000705000000, 0x0000000705000000| Complete 
|  41|0x0000000705200000, 0x0000000705400000, 0x0000000705400000|100%| E|CS|TAMS 0x0000000705200000, 0x0000000705200000| Complete 
|  42|0x0000000705400000, 0x0000000705600000, 0x0000000705600000|100%| E|CS|TAMS 0x0000000705400000, 0x0000000705400000| Complete 
|  43|0x0000000705600000, 0x0000000705800000, 0x0000000705800000|100%| E|CS|TAMS 0x0000000705600000, 0x0000000705600000| Complete 
|  44|0x0000000705800000, 0x0000000705a00000, 0x0000000705a00000|100%| E|CS|TAMS 0x0000000705800000, 0x0000000705800000| Complete 
|  45|0x0000000705a00000, 0x0000000705c00000, 0x0000000705c00000|100%| E|CS|TAMS 0x0000000705a00000, 0x0000000705a00000| Complete 
|  46|0x0000000705c00000, 0x0000000705e00000, 0x0000000705e00000|100%| E|CS|TAMS 0x0000000705c00000, 0x0000000705c00000| Complete 
|  47|0x0000000705e00000, 0x0000000706000000, 0x0000000706000000|100%| E|CS|TAMS 0x0000000705e00000, 0x0000000705e00000| Complete 
|  48|0x0000000706000000, 0x0000000706200000, 0x0000000706200000|100%| E|CS|TAMS 0x0000000706000000, 0x0000000706000000| Complete 
|  49|0x0000000706200000, 0x0000000706400000, 0x0000000706400000|100%| E|CS|TAMS 0x0000000706200000, 0x0000000706200000| Complete 
|  50|0x0000000706400000, 0x0000000706600000, 0x0000000706600000|100%| E|CS|TAMS 0x0000000706400000, 0x0000000706400000| Complete 
|  51|0x0000000706600000, 0x0000000706800000, 0x0000000706800000|100%| E|CS|TAMS 0x0000000706600000, 0x0000000706600000| Complete 
|  52|0x0000000706800000, 0x0000000706a00000, 0x0000000706a00000|100%| E|CS|TAMS 0x0000000706800000, 0x0000000706800000| Complete 
|  53|0x0000000706a00000, 0x0000000706c00000, 0x0000000706c00000|100%| E|CS|TAMS 0x0000000706a00000, 0x0000000706a00000| Complete 
|  54|0x0000000706c00000, 0x0000000706e00000, 0x0000000706e00000|100%| E|CS|TAMS 0x0000000706c00000, 0x0000000706c00000| Complete 
|2046|0x00000007ffc00000, 0x00000007ffd74000, 0x00000007ffe00000| 72%|OA|  |TAMS 0x00000007ffd74000, 0x00000007ffc00000| Untracked 
|2047|0x00000007ffe00000, 0x00000007ffe72000, 0x0000000800000000| 22%|CA|  |TAMS 0x00000007ffe72000, 0x00000007ffe00000| Untracked 

Card table byte_map: [0x0000000128459000,0x0000000128c59000] _byte_map_base: 0x0000000124c59000

Marking Bits (Prev, Next): (CMBitMap*) 0x00007fcfd080a810, (CMBitMap*) 0x00007fcfd080a850
 Prev Bits: [0x0000000129459000, 0x000000012d459000)
 Next Bits: [0x000000012d459000, 0x0000000131459000)

Polling page: 0x0000000104064000

Metaspace:

Usage:
  Non-class:     63.07 MB used.
      Class:      7.93 MB used.
       Both:     71.00 MB used.

Virtual space:
  Non-class space:      128.00 MB reserved,      63.50 MB ( 50%) committed,  2 nodes.
      Class space:        1.00 GB reserved,       8.38 MB ( <1%) committed,  1 nodes.
             Both:        1.12 GB reserved,      71.88 MB (  6%) committed. 

Chunk freelists:
   Non-Class:  3.95 MB
       Class:  3.47 MB
        Both:  7.42 MB

MaxMetaspaceSize: unlimited
CompressedClassSpaceSize: 1.00 GB
Initial GC threshold: 21.00 MB
Current GC threshold: 119.31 MB
CDS: on
MetaspaceReclaimPolicy: balanced
 - commit_granule_bytes: 65536.
 - commit_granule_words: 8192.
 - virtual_space_node_default_size: 8388608.
 - enlarge_chunks_in_place: 1.
 - new_chunks_are_fully_committed: 0.
 - uncommit_free_chunks: 1.
 - use_allocation_guard: 0.


Internal statistics:

num_allocs_failed_limit: 6.
num_arena_births: 1438.
num_arena_deaths: 552.
num_vsnodes_births: 3.
num_vsnodes_deaths: 0.
num_space_committed: 1150.
num_space_uncommitted: 0.
num_chunks_returned_to_freelist: 746.
num_chunks_taken_from_freelist: 4914.
num_chunk_merges: 224.
num_chunk_splits: 2907.
num_chunks_enlarged: 1954.
num_inconsistent_stats: 0.

CodeHeap 'non-profiled nmethods': size=120028Kb used=14480Kb max_used=14480Kb free=105547Kb
 bounds [0x0000000120f22000, 0x0000000121d52000, 0x0000000128459000]
CodeHeap 'profiled nmethods': size=120028Kb used=33903Kb max_used=33903Kb free=86124Kb
 bounds [0x00000001199eb000, 0x000000011bb1b000, 0x0000000120f22000]
CodeHeap 'non-nmethods': size=5704Kb used=1380Kb max_used=1458Kb free=4323Kb
 bounds [0x0000000119459000, 0x00000001196c9000, 0x00000001199eb000]
 total_blobs=15999 nmethods=15355 adapters=557
 compilation: enabled
              stopped_count=0, restarted_count=0
 full_count=0

Compilation events (20 events):
Event: 11418.027 Thread 0x00007fcfc801fc00 19098       3       org.springframework.data.mapping.model.AbstractPersistentProperty$$Lambda$756/0x000000080121d1b0::<init> (10 bytes)
Event: 11418.027 Thread 0x00007fcfc801fc00 nmethod 19098 0x000000011ad2de90 code [0x000000011ad2e040, 0x000000011ad2e1f0]
Event: 11418.061 Thread 0x00007fcfc801fc00 19100       3       org.springframework.aop.framework.ProxyConfig::<init> (30 bytes)
Event: 11418.061 Thread 0x00007fcfc801fc00 nmethod 19100 0x000000011b4c7290 code [0x000000011b4c7440, 0x000000011b4c75b0]
Event: 11418.061 Thread 0x00007fcfc801fc00 19101       1       org.springframework.data.projection.ProxyProjectionFactory::setBeanClassLoader (6 bytes)
Event: 11418.061 Thread 0x00007fcfc801fc00 nmethod 19101 0x0000000121d44490 code [0x0000000121d44620, 0x0000000121d44730]
Event: 11418.061 Thread 0x00007fcfc801fc00 19102       1       org.springframework.data.projection.SpelAwareProxyProjectionFactory::setBeanFactory (6 bytes)
Event: 11418.061 Thread 0x00007fcfc801fc00 nmethod 19102 0x0000000121d44790 code [0x0000000121d44920, 0x0000000121d44a30]
Event: 11418.064 Thread 0x00007fcfc801f600 19103       4       org.springframework.core.convert.TypeDescriptor::isMap (10 bytes)
Event: 11418.065 Thread 0x00007fcfc801f600 nmethod 19103 0x0000000121d44a90 code [0x0000000121d44c20, 0x0000000121d44d98]
Event: 11418.069 Thread 0x00007fcfc801fc00 19104       3       java.util.Vector::<init> (7 bytes)
Event: 11418.070 Thread 0x00007fcfc801fc00 nmethod 19104 0x000000011b4c6e90 code [0x000000011b4c7040, 0x000000011b4c71e0]
Event: 11418.070 Thread 0x00007fcfc801fc00 19105       3       java.util.Vector::<init> (7 bytes)
Event: 11418.070 Thread 0x00007fcfc801fc00 nmethod 19105 0x000000011a026710 code [0x000000011a0268c0, 0x000000011a026a00]
Event: 11418.070 Thread 0x00007fcfc801fc00 19106       3       org.springframework.data.repository.core.support.DefaultRepositoryInformation::getDomainType (10 bytes)
Event: 11418.071 Thread 0x00007fcfc801fc00 nmethod 19106 0x000000011b4c6a10 code [0x000000011b4c6bc0, 0x000000011b4c6da0]
Event: 11418.071 Thread 0x00007fcfc801f600 19107       4       java.util.regex.Pattern$NotBehind::match (137 bytes)
Event: 11418.077 Thread 0x00007fcfc801fc00 19108       3       java.util.Stack::push (7 bytes)
Event: 11418.077 Thread 0x00007fcfc801fc00 nmethod 19108 0x000000011b4c5f10 code [0x000000011b4c6100, 0x000000011b4c6740]
Event: 11418.078 Thread 0x00007fcfc801f600 nmethod 19107 0x0000000121d44e90 code [0x0000000121d45060, 0x0000000121d45a68]

GC Heap History (20 events):
Event: 11142.754 GC heap before
{Heap before GC invocations=149 (full 24):
 garbage-first heap   total 122880K, used 84182K [0x0000000700000000, 0x0000000800000000)
  region size 2048K, 14 young (28672K), 1 survivors (2048K)
 Metaspace       used 72055K, committed 72896K, reserved 1114112K
  class space    used 8078K, committed 8512K, reserved 1048576K
}
Event: 11142.771 GC heap after
{Heap after GC invocations=150 (full 24):
 garbage-first heap   total 122880K, used 60797K [0x0000000700000000, 0x0000000800000000)
  region size 2048K, 1 young (2048K), 1 survivors (2048K)
 Metaspace       used 72055K, committed 72896K, reserved 1114112K
  class space    used 8078K, committed 8512K, reserved 1048576K
}
Event: 11143.451 GC heap before
{Heap before GC invocations=151 (full 24):
 garbage-first heap   total 122880K, used 85373K [0x0000000700000000, 0x0000000800000000)
  region size 2048K, 15 young (30720K), 1 survivors (2048K)
 Metaspace       used 72056K, committed 72896K, reserved 1114112K
  class space    used 8077K, committed 8512K, reserved 1048576K
}
Event: 11143.455 GC heap after
{Heap after GC invocations=152 (full 24):
 garbage-first heap   total 122880K, used 59544K [0x0000000700000000, 0x0000000800000000)
  region size 2048K, 2 young (4096K), 2 survivors (4096K)
 Metaspace       used 72056K, committed 72896K, reserved 1114112K
  class space    used 8077K, committed 8512K, reserved 1048576K
}
Event: 11143.465 GC heap before
{Heap before GC invocations=152 (full 24):
 garbage-first heap   total 122880K, used 59544K [0x0000000700000000, 0x0000000800000000)
  region size 2048K, 3 young (6144K), 2 survivors (4096K)
 Metaspace       used 72057K, committed 72896K, reserved 1114112K
  class space    used 8077K, committed 8512K, reserved 1048576K
}
Event: 11143.467 GC heap after
{Heap after GC invocations=153 (full 24):
 garbage-first heap   total 122880K, used 47680K [0x0000000700000000, 0x0000000800000000)
  region size 2048K, 1 young (2048K), 1 survivors (2048K)
 Metaspace       used 72057K, committed 72896K, reserved 1114112K
  class space    used 8077K, committed 8512K, reserved 1048576K
}
Event: 11143.469 GC heap before
{Heap before GC invocations=153 (full 24):
 garbage-first heap   total 122880K, used 49728K [0x0000000700000000, 0x0000000800000000)
  region size 2048K, 3 young (6144K), 1 survivors (2048K)
 Metaspace       used 72057K, committed 72896K, reserved 1114112K
  class space    used 8077K, committed 8512K, reserved 1048576K
}
Event: 11143.475 GC heap after
{Heap after GC invocations=154 (full 24):
 garbage-first heap   total 368640K, used 38904K [0x0000000700000000, 0x0000000800000000)
  region size 2048K, 1 young (2048K), 1 survivors (2048K)
 Metaspace       used 72057K, committed 72896K, reserved 1114112K
  class space    used 8077K, committed 8512K, reserved 1048576K
}
Event: 11338.429 GC heap before
{Heap before GC invocations=154 (full 24):
 garbage-first heap   total 368640K, used 43000K [0x0000000700000000, 0x0000000800000000)
  region size 2048K, 4 young (8192K), 1 survivors (2048K)
 Metaspace       used 72077K, committed 72896K, reserved 1114112K
  class space    used 8078K, committed 8512K, reserved 1048576K
}
Event: 11338.583 GC heap after
{Heap after GC invocations=155 (full 25):
 garbage-first heap   total 122880K, used 27846K [0x0000000700000000, 0x0000000800000000)
  region size 2048K, 0 young (0K), 0 survivors (0K)
 Metaspace       used 72077K, committed 72896K, reserved 1114112K
  class space    used 8078K, committed 8512K, reserved 1048576K
}
Event: 11339.914 GC heap before
{Heap before GC invocations=155 (full 25):
 garbage-first heap   total 122880K, used 74950K [0x0000000700000000, 0x0000000800000000)
  region size 2048K, 23 young (47104K), 0 survivors (0K)
 Metaspace       used 72399K, committed 73280K, reserved 1114112K
  class space    used 8100K, committed 8576K, reserved 1048576K
}
Event: 11339.920 GC heap after
{Heap after GC invocations=156 (full 25):
 garbage-first heap   total 122880K, used 32280K [0x0000000700000000, 0x0000000800000000)
  region size 2048K, 3 young (6144K), 3 survivors (6144K)
 Metaspace       used 72399K, committed 73280K, reserved 1114112K
  class space    used 8100K, committed 8576K, reserved 1048576K
}
Event: 11340.094 GC heap before
{Heap before GC invocations=157 (full 25):
 garbage-first heap   total 122880K, used 75288K [0x0000000700000000, 0x0000000800000000)
  region size 2048K, 25 young (51200K), 3 survivors (6144K)
 Metaspace       used 72399K, committed 73280K, reserved 1114112K
  class space    used 8100K, committed 8576K, reserved 1048576K
}
Event: 11340.112 GC heap after
{Heap after GC invocations=158 (full 25):
 garbage-first heap   total 122880K, used 44424K [0x0000000700000000, 0x0000000800000000)
  region size 2048K, 4 young (8192K), 4 survivors (8192K)
 Metaspace       used 72399K, committed 73280K, reserved 1114112K
  class space    used 8100K, committed 8576K, reserved 1048576K
}
Event: 11340.134 GC heap before
{Heap before GC invocations=158 (full 25):
 garbage-first heap   total 122880K, used 46472K [0x0000000700000000, 0x0000000800000000)
  region size 2048K, 5 young (10240K), 4 survivors (8192K)
 Metaspace       used 72399K, committed 73280K, reserved 1114112K
  class space    used 8100K, committed 8576K, reserved 1048576K
}
Event: 11340.143 GC heap after
{Heap after GC invocations=159 (full 25):
 garbage-first heap   total 122880K, used 46433K [0x0000000700000000, 0x0000000800000000)
  region size 2048K, 1 young (2048K), 1 survivors (2048K)
 Metaspace       used 72399K, committed 73280K, reserved 1114112K
  class space    used 8100K, committed 8576K, reserved 1048576K
}
Event: 11340.343 GC heap before
{Heap before GC invocations=159 (full 25):
 garbage-first heap   total 122880K, used 79201K [0x0000000700000000, 0x0000000800000000)
  region size 2048K, 18 young (36864K), 1 survivors (2048K)
 Metaspace       used 72401K, committed 73280K, reserved 1114112K
  class space    used 8100K, committed 8576K, reserved 1048576K
}
Event: 11340.346 GC heap after
{Heap after GC invocations=160 (full 25):
 garbage-first heap   total 122880K, used 54345K [0x0000000700000000, 0x0000000800000000)
  region size 2048K, 3 young (6144K), 3 survivors (6144K)
 Metaspace       used 72401K, committed 73280K, reserved 1114112K
  class space    used 8100K, committed 8576K, reserved 1048576K
}
Event: 11416.860 GC heap before
{Heap before GC invocations=161 (full 25):
 garbage-first heap   total 122880K, used 74825K [0x0000000700000000, 0x0000000800000000)
  region size 2048K, 14 young (28672K), 3 survivors (6144K)
 Metaspace       used 72405K, committed 73280K, reserved 1114112K
  class space    used 8100K, committed 8576K, reserved 1048576K
}
Event: 11417.038 GC heap after
{Heap after GC invocations=162 (full 26):
 garbage-first heap   total 116736K, used 27230K [0x0000000700000000, 0x0000000800000000)
  region size 2048K, 0 young (0K), 0 survivors (0K)
 Metaspace       used 72399K, committed 73280K, reserved 1114112K
  class space    used 8099K, committed 8576K, reserved 1048576K
}

Deoptimization events (20 events):
Event: 11418.092 Thread 0x00007fcfc8542200 DEOPT PACKING pc=0x000000011a70bdec sp=0x000000030e2d3540
Event: 11418.092 Thread 0x00007fcfc8542200 DEOPT UNPACKING pc=0x00000001194ab810 sp=0x000000030e2d2a28 mode 1
Event: 11418.093 Thread 0x00007fcfc8542200 Uncommon trap: trap_request=0xffffff97 fr.pc=0x000000012170b0e4 relative=0x00000000000025e4
Event: 11418.093 Thread 0x00007fcfc8542200 Uncommon trap: reason=unhandled action=none pc=0x000000012170b0e4 method=java.net.URLClassLoader.findClass(Ljava/lang/String;)Ljava/lang/Class; @ 44 c2
Event: 11418.093 Thread 0x00007fcfc8542200 DEOPT PACKING pc=0x000000012170b0e4 sp=0x000000030e2d20a0
Event: 11418.093 Thread 0x00007fcfc8542200 DEOPT UNPACKING pc=0x00000001194ab093 sp=0x000000030e2d1fd8 mode 2
Event: 11418.094 Thread 0x00007fcfc8542200 Uncommon trap: trap_request=0xffffff97 fr.pc=0x000000012170b0e4 relative=0x00000000000025e4
Event: 11418.094 Thread 0x00007fcfc8542200 Uncommon trap: reason=unhandled action=none pc=0x000000012170b0e4 method=java.net.URLClassLoader.findClass(Ljava/lang/String;)Ljava/lang/Class; @ 44 c2
Event: 11418.094 Thread 0x00007fcfc8542200 DEOPT PACKING pc=0x000000012170b0e4 sp=0x000000030e2cf830
Event: 11418.094 Thread 0x00007fcfc8542200 DEOPT UNPACKING pc=0x00000001194ab093 sp=0x000000030e2cf768 mode 2
Event: 11418.095 Thread 0x00007fcfc8542200 Uncommon trap: trap_request=0xffffff97 fr.pc=0x000000012170b0e4 relative=0x00000000000025e4
Event: 11418.095 Thread 0x00007fcfc8542200 Uncommon trap: reason=unhandled action=none pc=0x000000012170b0e4 method=java.net.URLClassLoader.findClass(Ljava/lang/String;)Ljava/lang/Class; @ 44 c2
Event: 11418.095 Thread 0x00007fcfc8542200 DEOPT PACKING pc=0x000000012170b0e4 sp=0x000000030e2d1d70
Event: 11418.095 Thread 0x00007fcfc8542200 DEOPT UNPACKING pc=0x00000001194ab093 sp=0x000000030e2d1ca8 mode 2
Event: 11418.096 Thread 0x00007fcfc8542200 Uncommon trap: trap_request=0xffffff97 fr.pc=0x000000012170b0e4 relative=0x00000000000025e4
Event: 11418.096 Thread 0x00007fcfc8542200 Uncommon trap: reason=unhandled action=none pc=0x000000012170b0e4 method=java.net.URLClassLoader.findClass(Ljava/lang/String;)Ljava/lang/Class; @ 44 c2
Event: 11418.096 Thread 0x00007fcfc8542200 DEOPT PACKING pc=0x000000012170b0e4 sp=0x000000030e2d33c0
Event: 11418.096 Thread 0x00007fcfc8542200 DEOPT UNPACKING pc=0x00000001194ab093 sp=0x000000030e2d32f8 mode 2
Event: 11429.380 Thread 0x00007fcfc8542200 DEOPT PACKING pc=0x00000001211fc30c sp=0x000000030e2d3b20
Event: 11429.380 Thread 0x00007fcfc8542200 DEOPT UNPACKING pc=0x00000001194ab810 sp=0x000000030e2d2fc8 mode 0

Classes loaded (20 events):
Event: 11339.629 Loading class java/lang/ObjectCustomizer
Event: 11339.629 Loading class java/lang/ObjectCustomizer done
Event: 11339.630 Loading class java/lang/ObjectCustomizer
Event: 11339.630 Loading class java/lang/ObjectCustomizer done
Event: 11339.635 Loading class java/lang/ObjectCustomizer
Event: 11339.635 Loading class java/lang/ObjectCustomizer done
Event: 11339.635 Loading class java/lang/ObjectCustomizer
Event: 11339.635 Loading class java/lang/ObjectCustomizer done
Event: 11418.001 Loading class java/lang/ObjectCustomizer
Event: 11418.001 Loading class java/lang/ObjectCustomizer done
Event: 11418.001 Loading class java/lang/ObjectCustomizer
Event: 11418.001 Loading class java/lang/ObjectCustomizer done
Event: 11418.017 Loading class java/lang/ObjectCustomizer
Event: 11418.017 Loading class java/lang/ObjectCustomizer done
Event: 11418.017 Loading class java/lang/ObjectCustomizer
Event: 11418.017 Loading class java/lang/ObjectCustomizer done
Event: 11418.021 Loading class java/lang/ObjectCustomizer
Event: 11418.021 Loading class java/lang/ObjectCustomizer done
Event: 11418.022 Loading class java/lang/ObjectCustomizer
Event: 11418.022 Loading class java/lang/ObjectCustomizer done

Classes unloaded (20 events):
Event: 10539.608 Thread 0x00007fcfb80060c0 Unloading class 0x00000008013f0400 'java/lang/invoke/LambdaForm$MH+0x00000008013f0400'
Event: 10539.608 Thread 0x00007fcfb80060c0 Unloading class 0x00000008013f0800 'java/lang/invoke/LambdaForm$MH+0x00000008013f0800'
Event: 10539.608 Thread 0x00007fcfb80060c0 Unloading class 0x00000008013eb800 'java/lang/invoke/LambdaForm$MH+0x00000008013eb800'
Event: 10539.608 Thread 0x00007fcfb80060c0 Unloading class 0x00000008013eb400 'java/lang/invoke/LambdaForm$MH+0x00000008013eb400'
Event: 10539.608 Thread 0x00007fcfb80060c0 Unloading class 0x00000008013e9400 'java/lang/invoke/LambdaForm$MH+0x00000008013e9400'
Event: 10539.608 Thread 0x00007fcfb80060c0 Unloading class 0x00000008012d0800 'java/lang/invoke/LambdaForm$MH+0x00000008012d0800'
Event: 10539.608 Thread 0x00007fcfb80060c0 Unloading class 0x00000008012d1800 'java/lang/invoke/LambdaForm$MH+0x00000008012d1800'
Event: 10539.608 Thread 0x00007fcfb80060c0 Unloading class 0x00000008012d3400 'java/lang/invoke/LambdaForm$MH+0x00000008012d3400'
Event: 10539.608 Thread 0x00007fcfb80060c0 Unloading class 0x00000008012d8400 'java/lang/invoke/LambdaForm$MH+0x00000008012d8400'
Event: 10809.630 Thread 0x00007fcfb80060c0 Unloading class 0x00000008013f0800 'jdk/internal/reflect/GeneratedSerializationConstructorAccessor22'
Event: 10809.630 Thread 0x00007fcfb80060c0 Unloading class 0x0000000801452800 'org/apache/catalina/loader/JdbcLeakPrevention'
Event: 11009.141 Thread 0x00007fcfb80060c0 Unloading class 0x0000000801460800 'jdk/internal/reflect/GeneratedSerializationConstructorAccessor23'
Event: 11009.141 Thread 0x00007fcfb80060c0 Unloading class 0x000000080140ec00 'org/apache/catalina/loader/JdbcLeakPrevention'
Event: 11117.825 Thread 0x00007fcfb80060c0 Unloading class 0x000000080146c000 'jdk/internal/reflect/GeneratedSerializationConstructorAccessor24'
Event: 11117.825 Thread 0x00007fcfb80060c0 Unloading class 0x0000000801460c00 'org/apache/catalina/loader/JdbcLeakPrevention'
Event: 11128.424 Thread 0x00007fcfb80060c0 Unloading class 0x0000000801474000 'jdk/internal/reflect/GeneratedSerializationConstructorAccessor25'
Event: 11142.830 Thread 0x00007fcfb80060c0 Unloading class 0x000000080146c800 'org/apache/catalina/loader/JdbcLeakPrevention'
Event: 11340.368 Thread 0x00007fcfb80060c0 Unloading class 0x000000080147b400 'jdk/internal/reflect/GeneratedSerializationConstructorAccessor26'
Event: 11416.887 Thread 0x00007fcfb80060c0 Unloading class 0x0000000801476800 'java/lang/invoke/LambdaForm$MH+0x0000000801476800'
Event: 11416.887 Thread 0x00007fcfb80060c0 Unloading class 0x000000080146c800 'org/apache/catalina/loader/JdbcLeakPrevention'

Classes redefined (10 events):
Event: 5468.801 Thread 0x00007fcfb80060c0 redefined class name=com.cacaotalk.user.entity.Post, count=1
Event: 5468.801 Thread 0x00007fcfb80060c0 redefined class name=com.cacaotalk.user.entity.Post, count=1
Event: 5468.801 Thread 0x00007fcfb80060c0 redefined class name=com.cacaotalk.user.entity.Post, count=1
Event: 5468.801 Thread 0x00007fcfb80060c0 redefined class name=com.cacaotalk.user.entity.Post, count=1
Event: 5468.801 Thread 0x00007fcfb80060c0 redefined class name=com.cacaotalk.user.entity.Post, count=1
Event: 5468.801 Thread 0x00007fcfb80060c0 redefined class name=com.cacaotalk.user.entity.Post, count=1
Event: 5468.801 Thread 0x00007fcfb80060c0 redefined class name=com.cacaotalk.user.entity.Post, count=1
Event: 5468.801 Thread 0x00007fcfb80060c0 redefined class name=com.cacaotalk.user.entity.Post, count=1
Event: 5468.801 Thread 0x00007fcfb80060c0 redefined class name=com.cacaotalk.user.entity.Post, count=1
Event: 5468.801 Thread 0x00007fcfb80060c0 redefined class name=com.cacaotalk.user.entity.Post, count=1

Internal exceptions (20 events):
Event: 11339.621 Thread 0x00007fcf59334e00 Exception <a 'java/lang/ClassNotFoundException'{0x000000070513f0f0}: com/cacaotalk/user/entity/CommentCustomizer> (0x000000070513f0f0) 
thrown [open/src/hotspot/share/classfile/systemDictionary.cpp, line 255]
Event: 11339.630 Thread 0x00007fcf59334e00 Exception <a 'java/lang/ClassNotFoundException'{0x000000070515a3f0}: java/lang/ObjectCustomizer> (0x000000070515a3f0) 
thrown [open/src/hotspot/share/classfile/systemDictionary.cpp, line 255]
Event: 11339.630 Thread 0x00007fcf59334e00 Exception <a 'java/lang/ClassNotFoundException'{0x00000007051619f8}: com/cacaotalk/user/entity/IdBaseEntityCustomizer> (0x00000007051619f8) 
thrown [open/src/hotspot/share/classfile/systemDictionary.cpp, line 255]
Event: 11339.631 Thread 0x00007fcf59334e00 Exception <a 'java/lang/ClassNotFoundException'{0x00000007051678c0}: com/cacaotalk/user/entity/UserCustomizer> (0x00000007051678c0) 
thrown [open/src/hotspot/share/classfile/systemDictionary.cpp, line 255]
Event: 11339.635 Thread 0x00007fcf59334e00 Exception <a 'java/lang/ClassNotFoundException'{0x00000007051b5550}: java/lang/ObjectCustomizer> (0x00000007051b5550) 
thrown [open/src/hotspot/share/classfile/systemDictionary.cpp, line 255]
Event: 11339.637 Thread 0x00007fcf59334e00 Exception <a 'java/lang/ClassNotFoundException'{0x00000007051bcb58}: com/cacaotalk/user/entity/IdBaseEntityCustomizer> (0x00000007051bcb58) 
thrown [open/src/hotspot/share/classfile/systemDictionary.cpp, line 255]
Event: 11339.639 Thread 0x00007fcf59334e00 Exception <a 'java/lang/ClassNotFoundException'{0x00000007051c29c0}: com/cacaotalk/user/entity/PostCustomizer> (0x00000007051c29c0) 
thrown [open/src/hotspot/share/classfile/systemDictionary.cpp, line 255]
Event: 11416.847 Thread 0x00007fcf88d4f200 Exception <a 'java/lang/InterruptedException'{0x0000000705e5c958}: sleep interrupted> (0x0000000705e5c958) 
thrown [open/src/hotspot/share/prims/jvm.cpp, line 3083]
Event: 11417.107 Thread 0x00007fcfc8542200 Exception <a 'sun/nio/fs/UnixException'{0x0000000706c79a88}> (0x0000000706c79a88) 
thrown [open/src/hotspot/share/prims/jni.cpp, line 516]
Event: 11417.644 Thread 0x00007fcfc8542200 Exception <a 'java/io/FileNotFoundException'{0x0000000705630670}> (0x0000000705630670) 
thrown [open/src/hotspot/share/prims/jni.cpp, line 516]
Event: 11417.673 Thread 0x00007fcfc8542200 Exception <a 'java/io/FileNotFoundException'{0x0000000705784608}> (0x0000000705784608) 
thrown [open/src/hotspot/share/prims/jni.cpp, line 516]
Event: 11418.001 Thread 0x00007fcfc8542200 Exception <a 'java/lang/ClassNotFoundException'{0x0000000704aa9ed0}: java/lang/ObjectCustomizer> (0x0000000704aa9ed0) 
thrown [open/src/hotspot/share/classfile/systemDictionary.cpp, line 255]
Event: 11418.007 Thread 0x00007fcfc8542200 Exception <a 'java/lang/ClassNotFoundException'{0x0000000704ab1958}: com/cacaotalk/user/entity/IdBaseEntityCustomizer> (0x0000000704ab1958) 
thrown [open/src/hotspot/share/classfile/systemDictionary.cpp, line 255]
Event: 11418.010 Thread 0x00007fcfc8542200 Exception <a 'java/lang/ClassNotFoundException'{0x0000000704ab76a8}: com/cacaotalk/user/entity/CommentCustomizer> (0x0000000704ab76a8) 
thrown [open/src/hotspot/share/classfile/systemDictionary.cpp, line 255]
Event: 11418.017 Thread 0x00007fcfc8542200 Exception <a 'java/lang/ClassNotFoundException'{0x0000000704ad2c78}: java/lang/ObjectCustomizer> (0x0000000704ad2c78) 
thrown [open/src/hotspot/share/classfile/systemDictionary.cpp, line 255]
Event: 11418.018 Thread 0x00007fcfc8542200 Exception <a 'java/lang/ClassNotFoundException'{0x0000000704ada280}: com/cacaotalk/user/entity/IdBaseEntityCustomizer> (0x0000000704ada280) 
thrown [open/src/hotspot/share/classfile/systemDictionary.cpp, line 255]
Event: 11418.019 Thread 0x00007fcfc8542200 Exception <a 'java/lang/ClassNotFoundException'{0x0000000704adfe40}: com/cacaotalk/user/entity/UserCustomizer> (0x0000000704adfe40) 
thrown [open/src/hotspot/share/classfile/systemDictionary.cpp, line 255]
Event: 11418.022 Thread 0x00007fcfc8542200 Exception <a 'java/lang/ClassNotFoundException'{0x0000000704b2d8b8}: java/lang/ObjectCustomizer> (0x0000000704b2d8b8) 
thrown [open/src/hotspot/share/classfile/systemDictionary.cpp, line 255]
Event: 11418.022 Thread 0x00007fcfc8542200 Exception <a 'java/lang/ClassNotFoundException'{0x0000000704b34ec0}: com/cacaotalk/user/entity/IdBaseEntityCustomizer> (0x0000000704b34ec0) 
thrown [open/src/hotspot/share/classfile/systemDictionary.cpp, line 255]
Event: 11418.023 Thread 0x00007fcfc8542200 Exception <a 'java/lang/ClassNotFoundException'{0x0000000704b3af90}: com/cacaotalk/user/entity/PostCustomizer> (0x0000000704b3af90) 
thrown [open/src/hotspot/share/classfile/systemDictionary.cpp, line 255]

VM Operations (20 events):
Event: 11430.330 Executing VM operation: get/set locals
Event: 11430.330 Executing VM operation: get/set locals done
Event: 11430.331 Executing VM operation: get/set locals
Event: 11430.331 Executing VM operation: get/set locals done
Event: 11430.331 Executing VM operation: get/set locals
Event: 11430.331 Executing VM operation: get/set locals done
Event: 11430.331 Executing VM operation: get/set locals
Event: 11430.331 Executing VM operation: get/set locals done
Event: 11430.331 Executing VM operation: get/set locals
Event: 11430.331 Executing VM operation: get/set locals done
Event: 11430.332 Executing VM operation: get/set locals
Event: 11430.332 Executing VM operation: get/set locals done
Event: 11430.332 Executing VM operation: get/set locals
Event: 11430.332 Executing VM operation: get/set locals done
Event: 11430.332 Executing VM operation: get/set locals
Event: 11430.332 Executing VM operation: get/set locals done
Event: 11430.333 Executing VM operation: get/set locals
Event: 11430.333 Executing VM operation: get/set locals done
Event: 11430.333 Executing VM operation: get/set locals
Event: 11430.333 Executing VM operation: get/set locals done

Events (20 events):
Event: 11417.044 Protecting memory [0x000000030e1d5000,0x000000030e1d9000] with protection modes 3
Event: 11417.044 Thread 0x00007fcf987b3600 Thread exited: 0x00007fcf987b3600
Event: 11417.047 Thread 0x00007fcfc8542200 Thread added: 0x00007fcfc8542200
Event: 11417.047 Protecting memory [0x000000030e1d5000,0x000000030e1d9000] with protection modes 0
Event: 11417.283 Thread 0x00007fcfc84d1a00 Thread added: 0x00007fcfc84d1a00
Event: 11417.283 Protecting memory [0x000000030e5e1000,0x000000030e5e5000] with protection modes 0
Event: 11417.322 Protecting memory [0x000000030e5e1000,0x000000030e5e5000] with protection modes 3
Event: 11417.322 Thread 0x00007fcfc84d1a00 Thread exited: 0x00007fcfc84d1a00
Event: 11417.675 Thread 0x00007fcf986d1200 Thread added: 0x00007fcf986d1200
Event: 11417.675 Protecting memory [0x000000030e5e1000,0x000000030e5e5000] with protection modes 0
Event: 11417.676 Thread 0x00007fcf987b2600 Thread added: 0x00007fcf987b2600
Event: 11417.676 Protecting memory [0x000000030e6e4000,0x000000030e6e8000] with protection modes 0
Event: 11417.676 Thread 0x00007fcf8880a800 Thread added: 0x00007fcf8880a800
Event: 11417.676 Protecting memory [0x000000030e7e7000,0x000000030e7eb000] with protection modes 0
Event: 11417.735 Thread 0x00007fcf59979200 Thread added: 0x00007fcf59979200
Event: 11417.735 Protecting memory [0x000000030e9ed000,0x000000030e9f1000] with protection modes 0
Event: 11417.838 Thread 0x00007fcf59979800 Thread added: 0x00007fcf59979800
Event: 11417.838 Protecting memory [0x000000030eaf0000,0x000000030eaf4000] with protection modes 0
Event: 11422.865 Protecting memory [0x000000030eaf0000,0x000000030eaf4000] with protection modes 3
Event: 11422.865 Thread 0x00007fcf59979800 Thread exited: 0x00007fcf59979800


Dynamic libraries:
0x000000010c61f000 	/Library/Java/JavaVirtualMachines/jdk-18.0.2.1.jdk/Contents/Home/lib/libjli.dylib
0x00007ff821199000 	/usr/lib/libz.1.dylib
0x00007ff821283000 	/usr/lib/libSystem.B.dylib
0x00007ff82127e000 	/usr/lib/system/libcache.dylib
0x00007ff821239000 	/usr/lib/system/libcommonCrypto.dylib
0x00007ff821262000 	/usr/lib/system/libcompiler_rt.dylib
0x00007ff821258000 	/usr/lib/system/libcopyfile.dylib
0x00007ff814f37000 	/usr/lib/system/libcorecrypto.dylib
0x00007ff814ff9000 	/usr/lib/system/libdispatch.dylib
0x00007ff815181000 	/usr/lib/system/libdyld.dylib
0x00007ff821274000 	/usr/lib/system/libkeymgr.dylib
0x00007ff821218000 	/usr/lib/system/libmacho.dylib
0x00007ff820806000 	/usr/lib/system/libquarantine.dylib
0x00007ff821272000 	/usr/lib/system/libremovefile.dylib
0x00007ff819d47000 	/usr/lib/system/libsystem_asl.dylib
0x00007ff814ed9000 	/usr/lib/system/libsystem_blocks.dylib
0x00007ff815043000 	/usr/lib/system/libsystem_c.dylib
0x00007ff82126a000 	/usr/lib/system/libsystem_collections.dylib
0x00007ff81fb08000 	/usr/lib/system/libsystem_configuration.dylib
0x00007ff81eb93000 	/usr/lib/system/libsystem_containermanager.dylib
0x00007ff820ee3000 	/usr/lib/system/libsystem_coreservices.dylib
0x00007ff817dd3000 	/usr/lib/system/libsystem_darwin.dylib
0x00007ff821275000 	/usr/lib/system/libsystem_dnssd.dylib
0x00007ff815040000 	/usr/lib/system/libsystem_featureflags.dylib
0x00007ff8151ac000 	/usr/lib/system/libsystem_info.dylib
0x00007ff8211ac000 	/usr/lib/system/libsystem_m.dylib
0x00007ff814fcc000 	/usr/lib/system/libsystem_malloc.dylib
0x00007ff819cd6000 	/usr/lib/system/libsystem_networkextension.dylib
0x00007ff818214000 	/usr/lib/system/libsystem_notify.dylib
0x00007ff81fb0c000 	/usr/lib/system/libsystem_sandbox.dylib
0x00007ff82126f000 	/usr/lib/system/libsystem_secinit.dylib
0x00007ff81513b000 	/usr/lib/system/libsystem_kernel.dylib
0x00007ff8151a2000 	/usr/lib/system/libsystem_platform.dylib
0x00007ff815175000 	/usr/lib/system/libsystem_pthread.dylib
0x00007ff81b790000 	/usr/lib/system/libsystem_symptoms.dylib
0x00007ff814f1d000 	/usr/lib/system/libsystem_trace.dylib
0x00007ff821245000 	/usr/lib/system/libunwind.dylib
0x00007ff814edd000 	/usr/lib/system/libxpc.dylib
0x00007ff815125000 	/usr/lib/libc++abi.dylib
0x00007ff814e08000 	/usr/lib/libobjc.A.dylib
0x00007ff821250000 	/usr/lib/liboah.dylib
0x00007ff8150cc000 	/usr/lib/libc++.1.dylib
0x00007ff82d682000 	/System/Library/Frameworks/Cocoa.framework/Versions/A/Cocoa
0x00007ff818273000 	/System/Library/Frameworks/AppKit.framework/Versions/C/AppKit
0x00007ff81af21000 	/System/Library/Frameworks/CoreData.framework/Versions/A/CoreData
0x00007ff815f88000 	/System/Library/Frameworks/Foundation.framework/Versions/C/Foundation
0x00007ff819278000 	/System/Library/PrivateFrameworks/UIFoundation.framework/Versions/A/UIFoundation
0x00007ffa341c5000 	/System/Library/PrivateFrameworks/CollectionViewCore.framework/Versions/A/CollectionViewCore
0x00007ff827696000 	/System/Library/PrivateFrameworks/RemoteViewServices.framework/Versions/A/RemoteViewServices
0x00007ff81f358000 	/System/Library/PrivateFrameworks/XCTTargetBootstrap.framework/Versions/A/XCTTargetBootstrap
0x00007ff8231b0000 	/System/Library/PrivateFrameworks/InternationalSupport.framework/Versions/A/InternationalSupport
0x00007ff823239000 	/System/Library/PrivateFrameworks/UserActivity.framework/Versions/A/UserActivity
0x00007ffb29fba000 	/System/Library/PrivateFrameworks/WindowManagement.framework/Versions/A/WindowManagement
0x00007ff815c74000 	/System/Library/Frameworks/SystemConfiguration.framework/Versions/A/SystemConfiguration
0x00007ff8225ae000 	/usr/lib/libspindump.dylib
0x00007ff819445000 	/System/Library/Frameworks/UniformTypeIdentifiers.framework/Versions/A/UniformTypeIdentifiers
0x00007ff81d84f000 	/usr/lib/libapp_launch_measurement.dylib
0x00007ff81c4c7000 	/System/Library/PrivateFrameworks/CoreAnalytics.framework/Versions/A/CoreAnalytics
0x00007ff81d852000 	/System/Library/PrivateFrameworks/CoreAutoLayout.framework/Versions/A/CoreAutoLayout
0x00007ff81ebdf000 	/System/Library/Frameworks/Metal.framework/Versions/A/Metal
0x00007ff81fb17000 	/usr/lib/liblangid.dylib
0x00007ff81f35d000 	/System/Library/PrivateFrameworks/CoreSVG.framework/Versions/A/CoreSVG
0x00007ff819d79000 	/System/Library/PrivateFrameworks/SkyLight.framework/Versions/A/SkyLight
0x00007ff81a162000 	/System/Library/Frameworks/CoreGraphics.framework/Versions/A/CoreGraphics
0x00007ff827d70000 	/System/Library/Frameworks/Accelerate.framework/Versions/A/Accelerate
0x00007ff822023000 	/System/Library/PrivateFrameworks/IconServices.framework/Versions/A/IconServices
0x00007ff81ebc2000 	/System/Library/Frameworks/IOSurface.framework/Versions/A/IOSurface
0x00007ff81c4f0000 	/usr/lib/libDiagnosticMessagesClient.dylib
0x00007ff82b2af000 	/System/Library/Frameworks/ApplicationServices.framework/Versions/A/ApplicationServices
0x00007ff81f344000 	/System/Library/PrivateFrameworks/DFRFoundation.framework/Versions/A/DFRFoundation
0x00007ff817b3f000 	/usr/lib/libicucore.A.dylib
0x00007ff824050000 	/System/Library/Frameworks/AudioToolbox.framework/Versions/A/AudioToolbox
0x00007ff8231bb000 	/System/Library/PrivateFrameworks/DataDetectorsCore.framework/Versions/A/DataDetectorsCore
0x00007ff91c9ae000 	/System/Library/PrivateFrameworks/TextInput.framework/Versions/A/TextInput
0x00007ff819cee000 	/usr/lib/libMobileGestalt.dylib
0x00007ff81f04c000 	/System/Library/Frameworks/Carbon.framework/Versions/A/Frameworks/HIToolbox.framework/Versions/A/HIToolbox
0x00007ff81d1f3000 	/System/Library/Frameworks/QuartzCore.framework/Versions/A/QuartzCore
0x00007ff8177bf000 	/System/Library/Frameworks/Security.framework/Versions/A/Security
0x00007ff8276ce000 	/System/Library/Frameworks/Carbon.framework/Versions/A/Frameworks/SpeechRecognition.framework/Versions/A/SpeechRecognition
0x00007ff81d58f000 	/System/Library/PrivateFrameworks/CoreUI.framework/Versions/A/CoreUI
0x00007ff8170c4000 	/System/Library/Frameworks/CoreAudio.framework/Versions/A/CoreAudio
0x00007ff81c5ca000 	/System/Library/Frameworks/DiskArbitration.framework/Versions/A/DiskArbitration
0x00007ff8229cb000 	/System/Library/PrivateFrameworks/MultitouchSupport.framework/Versions/A/MultitouchSupport
0x00007ff819ced000 	/usr/lib/libenergytrace.dylib
0x00007ff818155000 	/System/Library/Frameworks/IOKit.framework/Versions/A/IOKit
0x00007ff827ac7000 	/System/Library/Frameworks/CoreServices.framework/Versions/A/CoreServices
0x00007ff81d7e7000 	/System/Library/PrivateFrameworks/PerformanceAnalysis.framework/Versions/A/PerformanceAnalysis
0x00007ffa2a1bb000 	/System/Library/Frameworks/OpenGL.framework/Versions/A/OpenGL
0x00007ff81d89a000 	/usr/lib/libxml2.2.dylib
0x00007ff82071a000 	/System/Library/PrivateFrameworks/MobileKeyBag.framework/Versions/A/MobileKeyBag
0x00007ff81a983000 	/System/Library/Frameworks/ColorSync.framework/Versions/A/ColorSync
0x00007ff8151d7000 	/System/Library/Frameworks/CoreFoundation.framework/Versions/A/CoreFoundation
0x00007ff81f6f9000 	/System/Library/Frameworks/CoreImage.framework/Versions/A/CoreImage
0x00007ff816ed5000 	/System/Library/Frameworks/CoreText.framework/Versions/A/CoreText
0x00007ff81f398000 	/System/Library/Frameworks/ImageIO.framework/Versions/A/ImageIO
0x00007ff821289000 	/System/Library/PrivateFrameworks/SoftLinking.framework/Versions/A/SoftLinking
0x00007ff821508000 	/usr/lib/libcompression.dylib
0x00007ff8230e2000 	/System/Library/PrivateFrameworks/TextureIO.framework/Versions/A/TextureIO
0x00007ff821c52000 	/usr/lib/libate.dylib
0x00007ff8219e3000 	/usr/lib/liblzma.5.dylib
0x00007ff821285000 	/usr/lib/libfakelink.dylib
0x00007ff819931000 	/System/Library/Frameworks/CFNetwork.framework/Versions/A/CFNetwork
0x00007ff8213c2000 	/usr/lib/libarchive.2.dylib
0x00007ff82597f000 	/System/Library/Frameworks/Combine.framework/Versions/A/Combine
0x00007ff823ac8000 	/usr/lib/swift/libswiftCore.dylib
0x00007ff919a28000 	/usr/lib/swift/libswiftCoreFoundation.dylib
0x00007ff917a2a000 	/usr/lib/swift/libswiftDarwin.dylib
0x00007ff8292ea000 	/usr/lib/swift/libswiftDispatch.dylib
0x00007ff919a44000 	/usr/lib/swift/libswiftIOKit.dylib
0x00007ff82b6d8000 	/usr/lib/swift/libswiftObjectiveC.dylib
0x00007ff919a39000 	/usr/lib/swift/libswiftXPC.dylib
0x00007ffb30836000 	/usr/lib/swift/libswift_Concurrency.dylib
0x00007ffb30975000 	/usr/lib/swift/libswift_StringProcessing.dylib
0x00007ff82b6dc000 	/usr/lib/swift/libswiftos.dylib
0x00007ff8180da000 	/System/Library/PrivateFrameworks/CoreServicesInternal.framework/Versions/A/CoreServicesInternal
0x00007ff82082d000 	/usr/lib/libbsm.0.dylib
0x00007ff82121d000 	/usr/lib/system/libkxld.dylib
0x00007ff81d81b000 	/System/Library/Frameworks/CoreServices.framework/Versions/A/Frameworks/FSEvents.framework/Versions/A/FSEvents
0x00007ff817dde000 	/System/Library/Frameworks/CoreServices.framework/Versions/A/Frameworks/CarbonCore.framework/Versions/A/CarbonCore
0x00007ff81c533000 	/System/Library/Frameworks/CoreServices.framework/Versions/A/Frameworks/Metadata.framework/Versions/A/Metadata
0x00007ff820ee9000 	/System/Library/Frameworks/CoreServices.framework/Versions/A/Frameworks/OSServices.framework/Versions/A/OSServices
0x00007ff82144a000 	/System/Library/Frameworks/CoreServices.framework/Versions/A/Frameworks/SearchKit.framework/Versions/A/SearchKit
0x00007ff81b717000 	/System/Library/Frameworks/CoreServices.framework/Versions/A/Frameworks/AE.framework/Versions/A/AE
0x00007ff81566f000 	/System/Library/Frameworks/CoreServices.framework/Versions/A/Frameworks/LaunchServices.framework/Versions/A/LaunchServices
0x00007ff821994000 	/System/Library/Frameworks/CoreServices.framework/Versions/A/Frameworks/DictionaryServices.framework/Versions/A/DictionaryServices
0x00007ff81d828000 	/System/Library/Frameworks/CoreServices.framework/Versions/A/Frameworks/SharedFileList.framework/Versions/A/SharedFileList
0x00007ff8214d6000 	/usr/lib/libapple_nghttp2.dylib
0x00007ff81992d000 	/usr/lib/libnetwork.dylib
0x00007ff81b397000 	/usr/lib/libsqlite3.dylib
0x00007ff81b798000 	/System/Library/Frameworks/Network.framework/Versions/A/Network
0x00007ffb2f862000 	/usr/lib/libCoreEntitlements.dylib
0x00007ffb1d5b7000 	/System/Library/PrivateFrameworks/MessageSecurity.framework/Versions/A/MessageSecurity
0x00007ff81b37e000 	/System/Library/PrivateFrameworks/ProtocolBuffer.framework/Versions/A/ProtocolBuffer
0x00007ff820ec3000 	/System/Library/PrivateFrameworks/AppleFSCompression.framework/Versions/A/AppleFSCompression
0x00007ff820815000 	/usr/lib/libcoretls.dylib
0x00007ff8219fd000 	/usr/lib/libcoretls_cfhelpers.dylib
0x00007ff821503000 	/usr/lib/libpam.2.dylib
0x00007ff821a6a000 	/usr/lib/libxar.1.dylib
0x00007ff821fff000 	/usr/lib/libheimdal-asn1.dylib
0x00007ff82128a000 	/usr/lib/libpcap.A.dylib
0x00007ff81b787000 	/usr/lib/libdns_services.dylib
0x00007ff81fb13000 	/System/Library/PrivateFrameworks/AppleSystemInfo.framework/Versions/A/AppleSystemInfo
0x00007ff820524000 	/System/Library/PrivateFrameworks/IOMobileFramebuffer.framework/Versions/A/IOMobileFramebuffer
0x00007ff820ed3000 	/usr/lib/libbz2.1.0.dylib
0x00007ff820809000 	/usr/lib/libCheckFix.dylib
0x00007ff819d5e000 	/System/Library/PrivateFrameworks/TCC.framework/Versions/A/TCC
0x00007ff81fb19000 	/System/Library/PrivateFrameworks/CoreNLP.framework/Versions/A/CoreNLP
0x00007ff81c4f2000 	/System/Library/PrivateFrameworks/MetadataUtilities.framework/Versions/A/MetadataUtilities
0x00007ff82083d000 	/usr/lib/libmecab.dylib
0x00007ff815cf3000 	/usr/lib/libCRFSuite.dylib
0x00007ff820897000 	/usr/lib/libgermantok.dylib
0x00007ff8214b1000 	/usr/lib/libThaiTokenizer.dylib
0x00007ff81c5d2000 	/System/Library/Frameworks/Accelerate.framework/Versions/A/Frameworks/vImage.framework/Versions/A/vImage
0x00007ff827a9a000 	/System/Library/Frameworks/Accelerate.framework/Versions/A/Frameworks/vecLib.framework/Versions/A/vecLib
0x00007ff821aac000 	/System/Library/Frameworks/Accelerate.framework/Versions/A/Frameworks/vecLib.framework/Versions/A/libvMisc.dylib
0x00007ff82031f000 	/System/Library/Frameworks/Accelerate.framework/Versions/A/Frameworks/vecLib.framework/Versions/A/libvDSP.dylib
0x00007ff815a29000 	/System/Library/Frameworks/Accelerate.framework/Versions/A/Frameworks/vecLib.framework/Versions/A/libBLAS.dylib
0x00007ff8215e7000 	/System/Library/Frameworks/Accelerate.framework/Versions/A/Frameworks/vecLib.framework/Versions/A/libLAPACK.dylib
0x00007ff82089a000 	/System/Library/Frameworks/Accelerate.framework/Versions/A/Frameworks/vecLib.framework/Versions/A/libLinearAlgebra.dylib
0x00007ff8214ee000 	/System/Library/Frameworks/Accelerate.framework/Versions/A/Frameworks/vecLib.framework/Versions/A/libSparseBLAS.dylib
0x00007ff8215e1000 	/System/Library/Frameworks/Accelerate.framework/Versions/A/Frameworks/vecLib.framework/Versions/A/libQuadrature.dylib
0x00007ff81fc06000 	/System/Library/Frameworks/Accelerate.framework/Versions/A/Frameworks/vecLib.framework/Versions/A/libBNNS.dylib
0x00007ff815bfd000 	/System/Library/Frameworks/Accelerate.framework/Versions/A/Frameworks/vecLib.framework/Versions/A/libSparse.dylib
0x00007ffb1c8f4000 	/System/Library/PrivateFrameworks/MIL.framework/Versions/A/MIL
0x00007ff8212bf000 	/usr/lib/libiconv.2.dylib
0x00007ff821217000 	/usr/lib/libcharset.1.dylib
0x00007ff81d7ff000 	/System/Library/Frameworks/OpenDirectory.framework/Versions/A/Frameworks/CFOpenDirectory.framework/Versions/A/CFOpenDirectory
0x00007ff81d7f3000 	/System/Library/Frameworks/OpenDirectory.framework/Versions/A/OpenDirectory
0x00007ff8219ff000 	/System/Library/PrivateFrameworks/APFS.framework/Versions/A/APFS
0x00007ff82074d000 	/System/Library/Frameworks/SecurityFoundation.framework/Versions/A/SecurityFoundation
0x00007ff821a78000 	/usr/lib/libutil.dylib
0x00007ffb1bafa000 	/System/Library/PrivateFrameworks/InstalledContentLibrary.framework/Versions/A/InstalledContentLibrary
0x00007ff818119000 	/System/Library/PrivateFrameworks/CoreServicesStore.framework/Versions/A/CoreServicesStore
0x00007ffa32d32000 	/System/Library/PrivateFrameworks/AppleMobileFileIntegrity.framework/Versions/A/AppleMobileFileIntegrity
0x00007ff919a08000 	/usr/lib/libmis.dylib
0x00007ff927ed2000 	/System/Library/PrivateFrameworks/MobileSystemServices.framework/Versions/A/MobileSystemServices
0x00007ffa21c6d000 	/System/Library/PrivateFrameworks/ConfigProfileHelper.framework/Versions/A/ConfigProfileHelper
0x00007ff8214b3000 	/System/Library/PrivateFrameworks/AppleSauce.framework/Versions/A/AppleSauce
0x00007ff81699a000 	/System/Library/PrivateFrameworks/LanguageModeling.framework/Versions/A/LanguageModeling
0x00007ff821a7c000 	/usr/lib/libxslt.1.dylib
0x00007ff8213b1000 	/usr/lib/libcmph.dylib
0x00007ff820512000 	/System/Library/PrivateFrameworks/CoreEmoji.framework/Versions/A/CoreEmoji
0x00007ff81fc00000 	/System/Library/PrivateFrameworks/LinguisticData.framework/Versions/A/LinguisticData
0x00007ff815bb3000 	/System/Library/PrivateFrameworks/Lexicon.framework/Versions/A/Lexicon
0x00007ff8207db000 	/System/Library/PrivateFrameworks/BackgroundTaskManagement.framework/Versions/A/BackgroundTaskManagement
0x00007ffb2f998000 	/usr/lib/libTLE.dylib
0x00007ffb308ba000 	/usr/lib/swift/libswift_RegexParser.dylib
0x00007ff822895000 	/System/Library/PrivateFrameworks/AppleJPEG.framework/Versions/A/AppleJPEG
0x00007ff821fe4000 	/usr/lib/libexpat.1.dylib
0x00007ff822f3f000 	/System/Library/Frameworks/ImageIO.framework/Versions/A/Resources/libPng.dylib
0x00007ff822f6c000 	/System/Library/Frameworks/ImageIO.framework/Versions/A/Resources/libTIFF.dylib
0x00007ff82305c000 	/System/Library/Frameworks/ImageIO.framework/Versions/A/Resources/libGIF.dylib
0x00007ff8228e0000 	/System/Library/Frameworks/ImageIO.framework/Versions/A/Resources/libJP2.dylib
0x00007ff822ffc000 	/System/Library/Frameworks/ImageIO.framework/Versions/A/Resources/libJPEG.dylib
0x00007ff822ff3000 	/System/Library/Frameworks/ImageIO.framework/Versions/A/Resources/libRadiance.dylib
0x00007ff81eee2000 	/System/Library/PrivateFrameworks/FontServices.framework/libFontParser.dylib
0x00007ff81b6bd000 	/System/Library/PrivateFrameworks/RunningBoardServices.framework/Versions/A/RunningBoardServices
0x00007ff82dcb8000 	/System/Library/PrivateFrameworks/IOSurfaceAccelerator.framework/Versions/A/IOSurfaceAccelerator
0x00007ff8229c7000 	/System/Library/PrivateFrameworks/WatchdogClient.framework/Versions/A/WatchdogClient
0x00007ff816afc000 	/System/Library/Frameworks/CoreDisplay.framework/Versions/A/CoreDisplay
0x00007ff81edd2000 	/System/Library/Frameworks/CoreMedia.framework/Versions/A/CoreMedia
0x00007ff81ebd6000 	/System/Library/PrivateFrameworks/IOAccelerator.framework/Versions/A/IOAccelerator
0x00007ff81d979000 	/System/Library/Frameworks/CoreVideo.framework/Versions/A/CoreVideo
0x00007ff821501000 	/System/Library/Frameworks/MetalPerformanceShaders.framework/Versions/A/MetalPerformanceShaders
0x00007ff822a04000 	/System/Library/Frameworks/VideoToolbox.framework/Versions/A/VideoToolbox
0x00007ff81b602000 	/System/Library/PrivateFrameworks/BaseBoard.framework/Versions/A/BaseBoard
0x00007ff822fec000 	/System/Library/PrivateFrameworks/GPUWrangler.framework/Versions/A/GPUWrangler
0x00007ff822fd0000 	/System/Library/PrivateFrameworks/IOPresentment.framework/Versions/A/IOPresentment
0x00007ff822ff6000 	/System/Library/PrivateFrameworks/DSExternalDisplay.framework/Versions/A/DSExternalDisplay
0x00007ffb18213000 	/System/Library/PrivateFrameworks/GPUCompiler.framework/Versions/31001/Libraries/libllvm-flatbuffers.dylib
0x00007ffa2a1af000 	/System/Library/Frameworks/OpenGL.framework/Versions/A/Libraries/libCoreFSCache.dylib
0x00007ffb1820f000 	/System/Library/PrivateFrameworks/GPUCompiler.framework/Versions/31001/Libraries/libGPUCompilerUtils.dylib
0x00007ff823062000 	/System/Library/PrivateFrameworks/CMCaptureCore.framework/Versions/A/CMCaptureCore
0x00007ffa2d39b000 	/System/Library/Frameworks/ExtensionFoundation.framework/Versions/A/ExtensionFoundation
0x00007ff829a63000 	/System/Library/PrivateFrameworks/CoreTime.framework/Versions/A/CoreTime
0x00007ff822598000 	/System/Library/PrivateFrameworks/AppServerSupport.framework/Versions/A/AppServerSupport
0x00007ff824915000 	/System/Library/PrivateFrameworks/perfdata.framework/Versions/A/perfdata
0x00007ff816c28000 	/System/Library/PrivateFrameworks/AudioToolboxCore.framework/Versions/A/AudioToolboxCore
0x00007ff81edac000 	/System/Library/PrivateFrameworks/caulk.framework/Versions/A/caulk
0x00007ff8241e7000 	/usr/lib/libAudioStatistics.dylib
0x00007ff918ead000 	/System/Library/PrivateFrameworks/SystemPolicy.framework/Versions/A/SystemPolicy
0x00007ff824480000 	/usr/lib/libSMC.dylib
0x00007ff82d527000 	/System/Library/Frameworks/CoreMIDI.framework/Versions/A/CoreMIDI
0x00007ff822f0d000 	/usr/lib/libAudioToolboxUtility.dylib
0x00007ff8329ee000 	/System/Library/PrivateFrameworks/OSAServicesClient.framework/Versions/A/OSAServicesClient
0x00007ff824922000 	/usr/lib/libperfcheck.dylib
0x00007ff821ec8000 	/System/Library/PrivateFrameworks/PlugInKit.framework/Versions/A/PlugInKit
0x00007ff820740000 	/System/Library/PrivateFrameworks/AssertionServices.framework/Versions/A/AssertionServices
0x00007ffa2a20a000 	/System/Library/Frameworks/OpenGL.framework/Versions/A/Libraries/libGLU.dylib
0x00007ffa2a1ce000 	/System/Library/Frameworks/OpenGL.framework/Versions/A/Libraries/libGFXShared.dylib
0x00007ffa2a3d7000 	/System/Library/Frameworks/OpenGL.framework/Versions/A/Libraries/libGL.dylib
0x00007ffa2a1d7000 	/System/Library/Frameworks/OpenGL.framework/Versions/A/Libraries/libGLImage.dylib
0x00007ffa2a1cb000 	/System/Library/Frameworks/OpenGL.framework/Versions/A/Libraries/libCVMSPluginSupport.dylib
0x00007ffb2f977000 	/usr/lib/libRosetta.dylib
0x00007ffa2a1b6000 	/System/Library/Frameworks/OpenGL.framework/Versions/A/Libraries/libCoreVMClient.dylib
0x00007ff81fa91000 	/System/Library/Frameworks/MetalPerformanceShaders.framework/Versions/A/Frameworks/MPSCore.framework/Versions/A/MPSCore
0x00007ff820e2d000 	/System/Library/Frameworks/MetalPerformanceShaders.framework/Versions/A/Frameworks/MPSImage.framework/Versions/A/MPSImage
0x00007ff8208b0000 	/System/Library/Frameworks/MetalPerformanceShaders.framework/Versions/A/Frameworks/MPSNeuralNetwork.framework/Versions/A/MPSNeuralNetwork
0x00007ff820d23000 	/System/Library/Frameworks/MetalPerformanceShaders.framework/Versions/A/Frameworks/MPSMatrix.framework/Versions/A/MPSMatrix
0x00007ff820ade000 	/System/Library/Frameworks/MetalPerformanceShaders.framework/Versions/A/Frameworks/MPSRayIntersector.framework/Versions/A/MPSRayIntersector
0x00007ff820d5e000 	/System/Library/Frameworks/MetalPerformanceShaders.framework/Versions/A/Frameworks/MPSNDArray.framework/Versions/A/MPSNDArray
0x00007ffa2e6ec000 	/System/Library/Frameworks/MetalPerformanceShaders.framework/Versions/A/Frameworks/MPSFunctions.framework/Versions/A/MPSFunctions
0x00007ff8158ea000 	/System/Library/PrivateFrameworks/MetalTools.framework/Versions/A/MetalTools
0x00007ff81fb12000 	/System/Library/PrivateFrameworks/AggregateDictionary.framework/Versions/A/AggregateDictionary
0x00007ff821d82000 	/usr/lib/libIOReport.dylib
0x00007ffa2ae9e000 	/System/Library/Frameworks/OpenCL.framework/Versions/A/OpenCL
0x00007ff82212a000 	/System/Library/PrivateFrameworks/GraphVisualizer.framework/Versions/A/GraphVisualizer
0x00007ffb18114000 	/System/Library/PrivateFrameworks/FontServices.framework/Versions/A/FontServices
0x00007ff822553000 	/System/Library/PrivateFrameworks/OTSVG.framework/Versions/A/OTSVG
0x00007ff81d543000 	/System/Library/Frameworks/ApplicationServices.framework/Versions/A/Frameworks/ATS.framework/Versions/A/Resources/libFontRegistry.dylib
0x00007ff8225a2000 	/System/Library/PrivateFrameworks/FontServices.framework/libhvf.dylib
0x00007ffb18115000 	/System/Library/PrivateFrameworks/FontServices.framework/libXTFontStaticRegistryData.dylib
0x00007ffb28f96000 	/System/Library/PrivateFrameworks/VideoToolboxParavirtualizationSupport.framework/Versions/A/VideoToolboxParavirtualizationSupport
0x00007ff821f94000 	/System/Library/PrivateFrameworks/AppleVA.framework/Versions/A/AppleVA
0x00007ff824223000 	/System/Library/Frameworks/ApplicationServices.framework/Versions/A/Frameworks/ATS.framework/Versions/A/ATS
0x00007ff81aa73000 	/System/Library/Frameworks/ApplicationServices.framework/Versions/A/Frameworks/HIServices.framework/Versions/A/HIServices
0x00007ff82306e000 	/System/Library/Frameworks/ApplicationServices.framework/Versions/A/Frameworks/PrintCore.framework/Versions/A/PrintCore
0x00007ff8245d5000 	/System/Library/Frameworks/ApplicationServices.framework/Versions/A/Frameworks/QD.framework/Versions/A/QD
0x00007ff8245cd000 	/System/Library/Frameworks/ApplicationServices.framework/Versions/A/Frameworks/ColorSyncLegacy.framework/Versions/A/ColorSyncLegacy
0x00007ff8241fb000 	/System/Library/Frameworks/ApplicationServices.framework/Versions/A/Frameworks/SpeechSynthesis.framework/Versions/A/SpeechSynthesis
0x00007ff82302c000 	/System/Library/Frameworks/ApplicationServices.framework/Versions/A/Frameworks/ATSUI.framework/Versions/A/ATSUI
0x00007ff824560000 	/usr/lib/libcups.2.dylib
0x00007ff824931000 	/System/Library/Frameworks/Kerberos.framework/Versions/A/Kerberos
0x00007ff824940000 	/System/Library/Frameworks/GSS.framework/Versions/A/GSS
0x00007ff824291000 	/usr/lib/libresolv.9.dylib
0x00007ff8225b3000 	/System/Library/PrivateFrameworks/Heimdal.framework/Versions/A/Heimdal
0x00007ff82b65c000 	/System/Library/Frameworks/Kerberos.framework/Versions/A/Libraries/libHeimdalProxy.dylib
0x00007ff82498b000 	/System/Library/PrivateFrameworks/CommonAuth.framework/Versions/A/CommonAuth
0x00007ffa2c67b000 	/System/Library/Frameworks/AVFAudio.framework/Versions/A/AVFAudio
0x00007ff832a37000 	/System/Library/PrivateFrameworks/AXCoreUtilities.framework/Versions/A/AXCoreUtilities
0x00007ff824177000 	/System/Library/PrivateFrameworks/AudioSession.framework/Versions/A/AudioSession
0x00007ff825758000 	/System/Library/Frameworks/IOBluetooth.framework/Versions/A/IOBluetooth
0x00007ff82209a000 	/System/Library/PrivateFrameworks/MediaExperience.framework/Versions/A/MediaExperience
0x00007ff82401f000 	/System/Library/PrivateFrameworks/AudioSession.framework/libSessionUtility.dylib
0x00007ff8245e1000 	/System/Library/PrivateFrameworks/AudioResourceArbitration.framework/Versions/A/AudioResourceArbitration
0x00007ff8286a7000 	/System/Library/PrivateFrameworks/PowerLog.framework/Versions/A/PowerLog
0x00007ff8285e9000 	/System/Library/Frameworks/CoreBluetooth.framework/Versions/A/CoreBluetooth
0x00007ff82b65d000 	/System/Library/Frameworks/AudioUnit.framework/Versions/A/AudioUnit
0x00007ff8205ab000 	/System/Library/PrivateFrameworks/CoreUtils.framework/Versions/A/CoreUtils
0x00007ffb16ce9000 	/System/Library/PrivateFrameworks/CoreUtilsExtras.framework/Versions/A/CoreUtilsExtras
0x00007ffb1b991000 	/System/Library/PrivateFrameworks/IO80211.framework/Versions/A/IO80211
0x00007ff822008000 	/System/Library/PrivateFrameworks/IconFoundation.framework/Versions/A/IconFoundation
0x00007ff8276be000 	/System/Library/PrivateFrameworks/SpeechRecognitionCore.framework/Versions/A/SpeechRecognitionCore
0x000000010f3ad000 	/Library/Java/JavaVirtualMachines/jdk-18.0.2.1.jdk/Contents/Home/lib/server/libjvm.dylib
0x000000010e37c000 	/Library/Java/JavaVirtualMachines/jdk-18.0.2.1.jdk/Contents/Home/lib/libjimage.dylib
0x000000010e3df000 	/Library/Java/JavaVirtualMachines/jdk-18.0.2.1.jdk/Contents/Home/lib/libjdwp.dylib
0x000000010e48b000 	/Library/Java/JavaVirtualMachines/jdk-18.0.2.1.jdk/Contents/Home/lib/libjava.dylib
0x000000010e39b000 	/Library/Java/JavaVirtualMachines/jdk-18.0.2.1.jdk/Contents/Home/lib/libinstrument.dylib
0x000000010f13e000 	/Library/Java/JavaVirtualMachines/jdk-18.0.2.1.jdk/Contents/Home/lib/libdt_socket.dylib
0x000000010f170000 	/Library/Java/JavaVirtualMachines/jdk-18.0.2.1.jdk/Contents/Home/lib/libzip.dylib
0x000000010f1ae000 	/Library/Java/JavaVirtualMachines/jdk-18.0.2.1.jdk/Contents/Home/lib/libnio.dylib
0x000000010f1e7000 	/Library/Java/JavaVirtualMachines/jdk-18.0.2.1.jdk/Contents/Home/lib/libnet.dylib
0x0000000133476000 	/Library/Java/JavaVirtualMachines/jdk-18.0.2.1.jdk/Contents/Home/lib/libverify.dylib
0x0000000133726000 	/Library/Java/JavaVirtualMachines/jdk-18.0.2.1.jdk/Contents/Home/lib/libmanagement.dylib
0x000000013374f000 	/Library/Java/JavaVirtualMachines/jdk-18.0.2.1.jdk/Contents/Home/lib/libmanagement_ext.dylib
0x000000013890b000 	/Library/Java/JavaVirtualMachines/jdk-18.0.2.1.jdk/Contents/Home/lib/libextnet.dylib


VM Arguments:
jvm_args: -XX:+ShowCodeDetailsInExceptionMessages -agentlib:jdwp=transport=dt_socket,suspend=y,address=localhost:55997 -javaagent:/Users/tranhainam/eclipse/java-2022-06/Eclipse.app/Contents/Eclipse/configuration/org.eclipse.osgi/207/0/.cp/lib/javaagent-shaded.jar -Dfile.encoding=UTF-8 
java_command: com.cacaotalk.user.CacaoSocialMediaApplication
java_class_path (initial): /Users/tranhainam/Downloads/user/target/classes:/Users/tranhainam/.m2/repository/org/springframework/boot/spring-boot-starter/2.4.1/spring-boot-starter-2.4.1.jar:/Users/tranhainam/.m2/repository/org/springframework/boot/spring-boot/2.4.1/spring-boot-2.4.1.jar:/Users/tranhainam/.m2/repository/org/springframework/spring-context/5.3.2/spring-context-5.3.2.jar:/Users/tranhainam/.m2/repository/org/springframework/boot/spring-boot-autoconfigure/2.4.1/spring-boot-autoconfigure-2.4.1.jar:/Users/tranhainam/.m2/repository/org/springframework/boot/spring-boot-starter-logging/2.4.1/spring-boot-starter-logging-2.4.1.jar:/Users/tranhainam/.m2/repository/ch/qos/logback/logback-classic/1.2.3/logback-classic-1.2.3.jar:/Users/tranhainam/.m2/repository/ch/qos/logback/logback-core/1.2.3/logback-core-1.2.3.jar:/Users/tranhainam/.m2/repository/org/apache/logging/log4j/log4j-to-slf4j/2.13.3/log4j-to-slf4j-2.13.3.jar:/Users/tranhainam/.m2/repository/org/apache/logging/log4j/log4j-api/2.13.3/log4j-api-2.13.3.jar:/Users/tranhainam/.m2/repository/org/slf4j/jul-to-slf4j/1.7.30/jul-to-slf4j-1.7.30.jar:/Users/tranhainam/.m2/repository/jakarta/annotation/jakarta.annotation-api/1.3.5/jakarta.annotation-api-1.3.5.jar:/Users/tranhainam/.m2/repository/org/springframework/spring-core/5.3.2/spring-core-5.3.2.jar:/Users/tranhainam/.m2/repository/org/springframework/spring-jcl/5.3.2/spring-jcl-5.3.2.jar:/Users/tranhainam/.m2/repository/org/yaml/snakeyaml/1.27/snakeyaml-1.27.jar:/Users/tranhainam/.m2/repository/org/springframework/boot/spring-boot-starter-web/2.4.1/spring-boot-starter-web-2.4.1.jar:/Users/tranhainam/.m2/repository/org/springframework/boot/spring-boot-starter-json/2.4.1/spring-boot-starter-json-2.4.1.jar:/Users/tranhainam/.m2/repository/com/fasterxml/jackson/core/jackson-databind/2.11.3/jackson-databind-2.11.3.jar:/Users/tranhainam/.m2/repository/com/fasterxml/jackson/core/jackson-annotations/2.11.3/jackson-annotations-2.11.3.jar:/Users/tranhainam/.m2/repository/com/fasterxml/jackson/datatype/jackson-datatype-jdk8/2.11.3/jackson-datatype-jdk8-2.11.3.jar:/Users/tranhainam/.m2/repository/com/fasterxml/jackson/datatype/jackson-datatype-jsr310/2.11.3/jackson-datatype-jsr310-2.11.3.jar:/Users/tranhainam/.m2/repository/com/fasterxml/jackson/module/jackson-module-parameter-names/2.11.3/jackson-module-parameter-names-2.11.3.jar:/Users/tranhainam/.m2/repository/org/springframework/boot/spring-boot-starter-tomcat/2.4.1/spring-boot-starter-tomcat-2.4.1.jar:/Users/tranhainam/.m2/repository/org/apache/tomcat/embed/tomcat-embed-core/9.0.41/tomcat-embed-core-9.0.41.jar:/Users/tranhainam/.m2/repository/org/glassfish/jakarta.el/3.0.3/jakarta.el-3.0.3.jar:/Users/tranhainam/.m2/repository/org/apache/tomcat/embed/tomcat-embed-websocket/9.0.41/tomcat-embed-websocket-9.0.41.jar:/Users/tranhainam/.m2/repository/org/springframework/spring-web/5.3.2/spring-web-5.3.2.jar:/Users/tranhainam/.m2/repository/org/springframework/spring-beans/5.3.2/spring-beans-5.3.2.jar:/Users/tranhainam/.m2/repository/org/springframework/spring-webmvc/5.3.2/spring-webmvc-5.3.2.jar:/Users/tranhainam/.m2/repository/org/springframework/spring-aop/5.3.2/spring-aop-5.3.2.jar:/Users/tranhainam/.m2/repository/org/springframework/spring-expression/5.3.2/spring-expression-5.3.2.jar:/Users/tranhainam/.m2/repository/jakarta/xml/bind/jakarta.xml.bind-api/2.3.3/jakarta.xml.bind-api-2.3.3.jar:/Users/tranhainam/.m2/repository/jakarta/activation/jakarta.activation-api/1.2.2/jakarta.activation-api-1.2.2.jar:/Users/tranhainam/.m2/repository/net/bytebuddy/byte-buddy/1.10.18/byte-buddy-1.10.18.jar:/Users/tranhainam/.m2/repository/org/springframework/boot/spring-boot-starter-data-jpa/2.4.1/spring-boot-starter-data-jpa-2.4.1.jar:/Users/tranhainam/.m2/repository/org/springframework/boot/spring-boot-starter-aop/2.4.1/spring-boot-starter-aop-2.4.1.jar:/Users/tranhainam/.m2/repository/org/aspectj/aspectjweaver/1.9.6/aspectjweaver-1.9.6.jar:/Users/tranhainam/.m2/repository/org/springframework/boot/spring-boot-starter-jdbc/2.4.1/spring-boot-starter-jdbc-2.4.1.jar:/Users/tranhainam/.m2/repository/com/zaxxer/HikariCP/3.4.5/HikariCP-3.4.5.jar:/Users/tranhainam/.m2/repository/org/springframework/spring-jdbc/5.3.2/spring-jdbc-5.3.2.jar:/Users/tranhainam/.m2/repository/jakarta/transaction/jakarta.transaction-api/1.3.3/jakarta.transaction-api-1.3.3.jar:/Users/tranhainam/.m2/repository/jakarta/persistence/jakarta.persistence-api/2.2.3/jakarta.persistence-api-2.2.3.jar:/Users/tranhainam/.m2/repository/org/hibernate/hibernate-core/5.4.25.Final/hibernate-core-5.4.25.Final.jar:/Users/tranhainam/.m2/repository/org/jboss/logging/jboss-logging/3.4.1.Final/jboss-logging-3.4.1.Final.jar:/Users/tranhainam/.m2/repository/org/javassist/javassist/3.27.0-GA/javassist-3.27.0-GA.jar:/Users/tranhainam/.m2/repository/antlr/antlr/2.7.7/antlr-2.7.7.jar:/Users/tranhainam/.m2/repository/org/jboss/jandex/2.1.3.Final/jandex-2.1.3.Final.jar:/Users/tranhainam/.m2/repository/com/fasterxml/classmate/1.5.1/classmate-1.5.1.jar:/Users/tranhainam/.m2/repository/org/dom4j/dom4j/2.1.3/dom4j-2.1.3.jar:/Users/tranhainam/.m2/repository/org/hibernate/common/hibernate-commons-annotations/5.1.2.Final/hibernate-commons-annotations-5.1.2.Final.jar:/Users/tranhainam/.m2/repository/org/glassfish/jaxb/jaxb-runtime/2.3.3/jaxb-runtime-2.3.3.jar:/Users/tranhainam/.m2/repository/org/glassfish/jaxb/txw2/2.3.3/txw2-2.3.3.jar:/Users/tranhainam/.m2/repository/com/sun/istack/istack-commons-runtime/3.0.11/istack-commons-runtime-3.0.11.jar:/Users/tranhainam/.m2/repository/com/sun/activation/jakarta.activation/1.2.2/jakarta.activation-1.2.2.jar:/Users/tranhainam/.m2/repository/org/springframework/data/spring-data-jpa/2.4.2/spring-data-jpa-2.4.2.jar:/Users/tranhainam/.m2/repository/org/springframework/data/spring-data-commons/2.4.2/spring-data-commons-2.4.2.jar:/Users/tranhainam/.m2/repository/org/springframework/spring-orm/5.3.2/spring-orm-5.3.2.jar:/Users/tranhainam/.m2/repository/org/springframework/spring-tx/5.3.2/spring-tx-5.3.2.jar:/Users/tranhainam/.m2/repository/org/springframework/spring-aspects/5.3.2/spring-aspects-5.3.2.jar:/Users/tranhainam/.m2/repository/org/springframework/boot/spring-boot-devtools/2.4.1/spring-boot-devtools-2.4.1.jar:/Users/tranhainam/.m2/repository/mysql/mysql-connector-java/8.0.22/mysql-connector-java-8.0.22.jar:/Users/tranhainam/.m2/repository/net/sf/supercsv/super-csv/2.4.0/super-csv-2.4.0.jar:/Users/tranhainam/.m2/repository/org/apache/poi/poi-ooxml/4.1.0/poi-ooxml-4.1.0.jar:/Users/tranhainam/.m2/repository/org/apache/poi/poi/4.1.0/poi-4.1.0.jar:/Users/tranhainam/.m2/repository/commons-codec/commons-codec/1.15/commons-codec-1.15.jar:/Users/tranhainam/.m2/repository/org/apache/commons/commons-collections4/4.3/commons-collections4-4.3.jar:/Users/tranhainam/.m2/repository/org/apache/commons/commons-math3/3.6.1/commons-math3-3.6.1.jar:/Users/tranhainam/.m2/repository/org/apache/poi/poi-ooxml-schemas/4.1.0/poi-ooxml-schemas-4.1.0.jar:/Users/tranhainam/.m2/repository/org/apache/xmlbeans/xmlbeans/3.1.0/xmlbeans-3.1.0.jar:/Users/tranhainam/.m2/repository/org/apache/commons/commons-compress/1.18/commons-compress-1.18.jar:/Users/tranhainam/.m2/repository/com/github/virtuald/curvesapi/1.06/curvesapi-1.06.jar:/Users/tranhainam/.m2/repository/com/github/librepdf/openpdf/1.3.8/openpdf-1.3.8.jar:/Users/tranhainam/.m2/repository/com/github/albfernandez/juniversalchardet/2.3.0/juniversalchardet-2.3.0.jar:/Users/tranhainam/.m2/repository/org/webjars/bootstrap/4.3.1/bootstrap-4.3.1.jar:/Users/tranhainam/.m2/repository/org/webjars/popper.js/1.14.3/popper.js-1.14.3.jar:/Users/tranhainam/.m2/repository/org/webjars/jquery/3.4.1/jquery-3.4.1.jar:/Users/tranhainam/.m2/repository/org/webjars/webjars-locator-core/0.46/webjars-locator-core-0.46.jar:/Users/tranhainam/.m2/repository/org/slf4j/slf4j-api/1.7.30/slf4j-api-1.7.30.jar:/Users/tranhainam/.m2/repository/io/github/classgraph/classgraph/4.8.69/classgraph-4.8.69.jar:/Users/tranhainam/.m2/repository/com/fasterxml/jackson/core/jackson-core/2.11.3/jackson-core-2.11.3.jar
Launcher Type: SUN_STANDARD

[Global flags]
     intx CICompilerCount                          = 4                                         {product} {ergonomic}
     uint ConcGCThreads                            = 2                                         {product} {ergonomic}
     uint G1ConcRefinementThreads                  = 8                                         {product} {ergonomic}
   size_t G1HeapRegionSize                         = 2097152                                   {product} {ergonomic}
    uintx GCDrainStackTargetSize                   = 64                                        {product} {ergonomic}
   size_t InitialHeapSize                          = 268435456                                 {product} {ergonomic}
   size_t MarkStackSize                            = 4194304                                   {product} {ergonomic}
   size_t MaxHeapSize                              = 4294967296                                {product} {ergonomic}
   size_t MaxNewSize                               = 2575302656                                {product} {ergonomic}
   size_t MinHeapDeltaBytes                        = 2097152                                   {product} {ergonomic}
   size_t MinHeapSize                              = 8388608                                   {product} {ergonomic}
    uintx NonNMethodCodeHeapSize                   = 5839372                                {pd product} {ergonomic}
    uintx NonProfiledCodeHeapSize                  = 122909434                              {pd product} {ergonomic}
    uintx ProfiledCodeHeapSize                     = 122909434                              {pd product} {ergonomic}
    uintx ReservedCodeCacheSize                    = 251658240                              {pd product} {ergonomic}
     bool SegmentedCodeCache                       = true                                      {product} {ergonomic}
     bool ShowCodeDetailsInExceptionMessages       = true                                   {manageable} {command line}
   size_t SoftMaxHeapSize                          = 4294967296                             {manageable} {ergonomic}
     bool UseCompressedClassPointers               = true                           {product lp64_product} {ergonomic}
     bool UseCompressedOops                        = true                           {product lp64_product} {ergonomic}
     bool UseG1GC                                  = true                                      {product} {ergonomic}
     bool UseNUMA                                  = false                                     {product} {ergonomic}
     bool UseNUMAInterleaving                      = false                                     {product} {ergonomic}

Logging:
Log output configuration:
 #0: stdout all=warning uptime,level,tags foldmultilines=false
 #1: stderr all=off uptime,level,tags foldmultilines=false

Environment Variables:
PATH=/usr/bin:/bin:/usr/sbin:/sbin
SHELL=/bin/zsh

Signal Handlers:
   SIGSEGV: crash_handler in libjvm.dylib, mask=11100110100111111111111111111111, flags=SA_RESTART|SA_SIGINFO
    SIGBUS: crash_handler in libjvm.dylib, mask=11100110100111111111111111111111, flags=SA_RESTART|SA_SIGINFO
    SIGFPE: crash_handler in libjvm.dylib, mask=11100110100111111111111111111111, flags=SA_RESTART|SA_SIGINFO
   SIGPIPE: javaSignalHandler in libjvm.dylib, mask=11100110100111111111111111111111, flags=SA_RESTART|SA_SIGINFO
   SIGXFSZ: javaSignalHandler in libjvm.dylib, mask=11100110100111111111111111111111, flags=SA_RESTART|SA_SIGINFO
    SIGILL: crash_handler in libjvm.dylib, mask=11100110100111111111111111111111, flags=SA_RESTART|SA_SIGINFO
   SIGUSR2: SR_handler in libjvm.dylib, mask=00100000000000000000000000000000, flags=SA_RESTART|SA_SIGINFO
    SIGHUP: UserHandler in libjvm.dylib, mask=11100110100111111111111111111111, flags=SA_RESTART|SA_SIGINFO
    SIGINT: UserHandler in libjvm.dylib, mask=11100110100111111111111111111111, flags=SA_RESTART|SA_SIGINFO
   SIGTERM: UserHandler in libjvm.dylib, mask=11100110100111111111111111111111, flags=SA_RESTART|SA_SIGINFO
   SIGQUIT: UserHandler in libjvm.dylib, mask=11100110100111111111111111111111, flags=SA_RESTART|SA_SIGINFO
   SIGTRAP: crash_handler in libjvm.dylib, mask=11100110100111111111111111111111, flags=SA_RESTART|SA_SIGINFO


---------------  S Y S T E M  ---------------

OS:
uname: Darwin 22.1.0 Darwin Kernel Version 22.1.0: Sun Oct  9 20:14:30 PDT 2022; root:xnu-8792.41.9~2/RELEASE_ARM64_T8103 x86_64
OS uptime: 18 days 21:34 hours
rlimit (soft/hard): STACK 8176k/65520k , CORE 0k/infinity , NPROC 2666/4000 , NOFILE 10240/infinity , AS infinity/infinity , CPU infinity/infinity , DATA infinity/infinity , FSIZE infinity/infinity , MEMLOCK infinity/infinity , RSS infinity/infinity
load average: 3.55 3.38 4.78

CPU: (EMULATED) total 8 (initial active 8) (1 cores per cpu, 1 threads per core) family 6 model 44 stepping 0 microcode 0x0, cx8, cmov, fxsr, mmx, sse, sse2, sse3, ssse3, sse4.1, sse4.2, popcnt, tsc, tscinvbit, aes, clmul, clflush

Memory: 4k page, physical 16777216k(18504k free), swap 12582912k(1502976k free)

vm_info: Java HotSpot(TM) 64-Bit Server VM (18.0.2.1+1-1) for bsd-amd64 JRE (18.0.2.1+1-1), built on Aug 16 2022 00:46:02 by "mach5one" with clang Apple LLVM 12.0.0 (clang-1200.0.32.29)

END.
