#
# A fatal error has been detected by the Java Runtime Environment:
#
#  SIGSEGV (0xb) at pc=0x0000000117cd6f53, pid=43488, tid=48071
#
# JRE version: Java(TM) SE Runtime Environment (18.0.2.1+1) (build 18.0.2.1+1-1)
# Java VM: Java HotSpot(TM) 64-Bit Server VM (18.0.2.1+1-1, mixed mode, sharing, tiered, compressed oops, compressed class ptrs, g1 gc, bsd-amd64)
# Problematic frame:
# v  ~BufferBlob::MethodHandles adapters
#
# No core dump will be written. Core dumps have been disabled. To enable core dumping, try "ulimit -c unlimited" before starting Java again
#
# If you would like to submit a bug report, please visit:
#   https://bugreport.java.com/bugreport/crash.jsp
#

---------------  S U M M A R Y ------------

Command Line: -XX:+ShowCodeDetailsInExceptionMessages -agentlib:jdwp=transport=dt_socket,suspend=y,address=localhost:56383 -javaagent:/Users/tranhainam/eclipse/java-2022-06/Eclipse.app/Contents/Eclipse/configuration/org.eclipse.osgi/207/0/.cp/lib/javaagent-shaded.jar -Dfile.encoding=UTF-8 com.cacaotalk.user.CacaoSocialMediaApplication

Host: "MacBookPro17,1" x86_64 (EMULATED) 2400 MHz, 8 cores, 16G, Darwin 22.1.0, macOS 13.0.1 (22A400)
Time: Tue Feb 28 11:50:01 2023 +07 elapsed time: 7734.430693 seconds (0d 2h 8m 54s)

---------------  T H R E A D  ---------------

Current thread (0x00007fb804fde200):  JavaThread "restartedMain" [_thread_in_Java, id=48071, stack(0x000000030b55c000,0x000000030b65c000)]

Stack: [0x000000030b55c000,0x000000030b65c000],  sp=0x000000030b65a7e8,  free space=1017k
Native frames: (J=compiled Java code, j=interpreted, Vv=VM code, C=native code)
v  ~BufferBlob::MethodHandles adapters


siginfo: si_signo: 11 (SIGSEGV), si_code: 1 (SEGV_MAPERR), si_addr: 0xe093a25700000050

Register to memory mapping:

RAX=0x0000000117cb1e90 is at code_begin+4144 in an Interpreter codelet
return entry points  [0x0000000117cb0e60, 0x0000000117cb2ae0]  7296 bytes
RBX=0xe093a25700000000 is an unknown value
RCX=0x000000030b65a7f0 is pointing into the stack for thread: 0x00007fb804fde200
RDX=0x0000000000000002 is an unknown value
RSP=0x000000030b65a7e8 is pointing into the stack for thread: 0x00007fb804fde200
RBP=0x000000030b65a838 is pointing into the stack for thread: 0x00007fb804fde200
RSI=0x0000000000000004 is an unknown value
RDI=0x0 is NULL
R8 =0x0000000000000006 is an unknown value
R9 =0x0000000000000154 is an unknown value
R10=0x0000000800000000 is pointing into metadata
R11=0x0000600000558420 points into unknown readable memory: 0x73800110e3a0214f | 4f 21 a0 e3 10 01 80 73
R12=0x0 is NULL
R13=0x000000030b65a7e8 is pointing into the stack for thread: 0x00007fb804fde200
R14=0x000000030b65a858 is pointing into the stack for thread: 0x00007fb804fde200
R15=0x00007fb804fde200 is a thread


Registers:
RAX=0x0000000117cb1e90, RBX=0xe093a25700000000, RCX=0x000000030b65a7f0, RDX=0x0000000000000002
RSP=0x000000030b65a7e8, RBP=0x000000030b65a838, RSI=0x0000000000000004, RDI=0x0000000000000000
R8 =0x0000000000000006, R9 =0x0000000000000154, R10=0x0000000800000000, R11=0x0000600000558420
R12=0x0000000000000000, R13=0x000000030b65a7e8, R14=0x000000030b65a858, R15=0x00007fb804fde200
RIP=0x0000000117cd6f53, EFLAGS=0x0000000000000246, ERR=0x0000000000000004
  TRAPNO=0x000000000000000e

Top of Stack: (sp=0x000000030b65a7e8)
0x000000030b65a7e8:   0000000117cb1e90 000000030b65a7f0
0x000000030b65a7f8:   00000008006ebc97 000000030b65a858
0x000000030b65a808:   00000008000c5c08 0000000132be5c60
0x000000030b65a818:   00000007ffd07008 00000008000c9e58
0x000000030b65a828:   000000030b65a7e8 000000030b65a860
0x000000030b65a838:   00000007049d1250 000000011ff9dac6
0x000000030b65a848:   00000007049d11c0 00000007049d1268
0x000000030b65a858:   00000007049d1220 00000007049d1000
0x000000030b65a868:   00000007049d1250 0000000000000000
0x000000030b65a878:   00000001192e04b4 00000007049d0f98
0x000000030b65a888:   00000007006ee708 00000007049d1000
0x000000030b65a898:   00000007049d1250 0000000700000000
0x000000030b65a8a8:   00000007049d1220 0000000707543110
0x000000030b65a8b8:   e0ea862200000001 0000000300000001
0x000000030b65a8c8:   000000010e1aa5a1 000000011ff9cec8
0x000000030b65a8d8:   0000000000000000 00000007049c6368
0x000000030b65a8e8:   00000001204a9b23 00000007049d0ff0
0x000000030b65a8f8:   00000007004a0388 0000000700000000
0x000000030b65a908:   00000007049d1000 00000007006ee708
0x000000030b65a918:   00000007049d0fe0 00000007049d0f98
0x000000030b65a928:   000000070785cc68 00000001204a9688
0x000000030b65a938:   000000070123da08 00000007049c6368
0x000000030b65a948:   0000000119831efd 00000007014b7280
0x000000030b65a958:   0000000707543110 0000000000000000
0x000000030b65a968:   00000007067f2910 0000000000000000
0x000000030b65a978:   0000000100000001 00000007049d0e98
0x000000030b65a988:   00000007049d0ef8 00000007049d0eb0
0x000000030b65a998:   00000007049d0eb0 0000000000000000
0x000000030b65a9a8:   00000007049c6390 0000000707bdec50
0x000000030b65a9b8:   000000070785cc68 0000000707bde378
0x000000030b65a9c8:   00000007049c64b0 00000007049c65b0
0x000000030b65a9d8:   0000000000000000 0000000707543110 

Instructions: (pc=0x0000000117cd6f53)
0x0000000117cd6e53:   00 00 00 74 03 ff 63 38 ff 63 50 e9 1d 16 00 00
0x0000000117cd6e63:   66 66 66 0f 1f 84 00 00 00 00 00 66 66 66 90 66
0x0000000117cd6e73:   66 0f 1f 84 00 00 00 00 00 66 66 66 90 48 8b 53
0x0000000117cd6e83:   08 0f b7 52 2c 48 8b 0c d4 58 5b 50 44 8b 51 08
0x0000000117cd6e93:   49 bb 00 00 00 00 08 00 00 00 4d 03 d3 4c 8b 5b
0x0000000117cd6ea3:   10 4b 8b 9c da b8 01 00 00 48 85 db 0f 84 10 00
0x0000000117cd6eb3:   00 00 41 80 bf 60 04 00 00 00 74 03 ff 63 38 ff
0x0000000117cd6ec3:   63 50 e9 b6 15 00 00 66 66 66 0f 1f 84 00 00 00
0x0000000117cd6ed3:   00 00 66 66 66 90 0f 1f 80 00 00 00 00 58 5b 50
0x0000000117cd6ee3:   8b 5b 24 48 c1 e3 03 48 8b 5b 10 48 85 db 0f 84
0x0000000117cd6ef3:   10 00 00 00 41 80 bf 60 04 00 00 00 74 03 ff 63
0x0000000117cd6f03:   38 ff 63 50 e9 74 15 00 00 66 66 66 0f 1f 84 00
0x0000000117cd6f13:   00 00 00 00 66 66 66 90 0f 1f 44 00 00 48 8b 53
0x0000000117cd6f23:   08 0f b7 52 2c 48 8b 0c d4 58 5b 50 48 3b 01 8b
0x0000000117cd6f33:   5b 24 48 c1 e3 03 48 8b 5b 10 48 85 db 0f 84 10
0x0000000117cd6f43:   00 00 00 41 80 bf 60 04 00 00 00 74 03 ff 63 38
0x0000000117cd6f53:   ff 63 50 e9 25 15 00 00 0f 1f 44 00 00 48 8b 53
0x0000000117cd6f63:   08 0f b7 52 2c 48 8b 0c d4 58 5b 50 44 8b 51 08
0x0000000117cd6f73:   49 bb 00 00 00 00 08 00 00 00 4d 03 d3 8b 43 18
0x0000000117cd6f83:   48 c1 e0 03 48 8b 40 10 48 8b 5b 10 45 8b 9a a0
0x0000000117cd6f93:   00 00 00 4f 8d 9c da b8 01 00 00 4d 8d 14 da 49
0x0000000117cd6fa3:   8b 1b 48 3b c3 74 15 48 85 db 0f 84 32 00 00 00
0x0000000117cd6fb3:   49 83 c3 10 49 8b 1b 48 3b c3 75 eb 45 8b 5b 08
0x0000000117cd6fc3:   4b 8b 1c 1a 48 85 db 0f 84 10 00 00 00 41 80 bf
0x0000000117cd6fd3:   60 04 00 00 00 74 03 ff 63 38 ff 63 50 e9 9b 14
0x0000000117cd6fe3:   00 00 e9 96 11 00 00 f4 00 00 00 00 00 00 00 00
0x0000000117cd6ff3:   00 00 00 00 00 00 00 00 00 00 00 00 00 00 00 00
0x0000000117cd7003:   00 00 00 00 00 00 00 00 00 00 00 00 00 00 00 00
0x0000000117cd7013:   00 00 00 00 00 00 00 00 00 00 00 00 00 00 00 00
0x0000000117cd7023:   00 00 00 00 00 00 00 00 00 00 00 00 00 00 00 00
0x0000000117cd7033:   00 00 00 00 00 00 00 00 00 00 00 00 00 00 00 00
0x0000000117cd7043:   00 00 00 00 00 00 00 00 00 00 00 00 00 00 00 00 


Stack slot to memory mapping:
stack at sp + 0 slots: 0x0000000117cb1e90 is at code_begin+4144 in an Interpreter codelet
return entry points  [0x0000000117cb0e60, 0x0000000117cb2ae0]  7296 bytes
stack at sp + 1 slots: 0x000000030b65a7f0 is pointing into the stack for thread: 0x00007fb804fde200
stack at sp + 2 slots: 0x00000008006ebc97 is pointing into metadata
stack at sp + 3 slots: 0x000000030b65a858 is pointing into the stack for thread: 0x00007fb804fde200
stack at sp + 4 slots: 0x00000008000c5c08 is pointing into metadata
stack at sp + 5 slots: 0x0000000132be5c60 is pointing into metadata
stack at sp + 6 slots: 0x00000007ffd07008 is an oop: java.lang.Class 
{0x00000007ffd07008} - klass: 'java/lang/Class'
 - ---- fields (total size 14 words):
 - private volatile transient 'classRedefinedCount' 'I' @12  0
 - abstract internal 'klass' 'J' @16  34360547368 (c5828 8)
 - abstract internal 'array_klass' 'J' @24  0 (0 0)
 - abstract internal 'oop_size' 'I' @32  14 (e)
 - abstract internal 'static_oop_field_count' 'I' @36  0
 - private volatile transient 'cachedConstructor' 'Ljava/lang/reflect/Constructor;' @40  NULL (0)
 - private transient 'name' 'Ljava/lang/String;' @44  NULL (0)
 - private transient 'module' 'Ljava/lang/Module;' @48  a 'java/lang/Module'{0x00000007003d3df8} (e007a7bf)
 - private final 'classLoader' 'Ljava/lang/ClassLoader;' @52  NULL (0)
 - private transient 'classData' 'Ljava/lang/Object;' @56  NULL (0)
 - private transient 'packageName' 'Ljava/lang/String;' @60  NULL (0)
 - private final 'componentType' 'Ljava/lang/Class;' @64  NULL (0)
 - private volatile transient 'reflectionData' 'Ljava/lang/ref/SoftReference;' @68  NULL (0)
 - private volatile transient 'genericInfo' 'Lsun/reflect/generics/repository/ClassRepository;' @72  NULL (0)
 - private volatile transient 'enumConstants' '[Ljava/lang/Object;' @76  NULL (0)
 - private volatile transient 'enumConstantDirectory' 'Ljava/util/Map;' @80  NULL (0)
 - private volatile transient 'annotationData' 'Ljava/lang/Class$AnnotationData;' @84  NULL (0)
 - private volatile transient 'annotationType' 'Lsun/reflect/annotation/AnnotationType;' @88  NULL (0)
 - transient 'classValueMap' 'Ljava/lang/ClassValue$ClassValueMap;' @92  NULL (0)
 - abstract internal 'protection_domain' 'Ljava/lang/Object;' @96  NULL (0)
 - abstract internal 'signers_name' 'Ljava/lang/Object;' @100  NULL (0)
 - abstract internal 'source_file' 'Ljava/lang/Object;' @104  NULL (0)
 - signature: Ljava/lang/invoke/DirectMethodHandle$Holder;
 - ---- static fields (0):
stack at sp + 7 slots: {method} {0x00000008000c9e58} 'newInvokeSpecial' '(Ljava/lang/Object;)Ljava/lang/Object;' in 'java/lang/invoke/DirectMethodHandle$Holder'

MethodHandle::interpreter_entry::_linkToSpecial [0x0000000117cd6f0c, 0x0000000117cd6f5b] (79 bytes)
[MachCode]
  0x0000000117cd6f0c: 6666 660f | 1f84 0000 | 0000 0066 | 6666 900f | 1f44 0000 | 488b 5308 | 0fb7 522c | 488b 0cd4 
  0x0000000117cd6f2c: 585b 5048 | 3b01 8b5b | 2448 c1e3 | 0348 8b5b | 1048 85db | 0f84 1000 | 0000 4180 | bf60 0400 
  0x0000000117cd6f4c: 0000 7403 | ff63 38ff | 6350 e925 | 
[/MachCode]

---------------  P R O C E S S  ---------------

Threads class SMR info:
_java_thread_list=0x00006000003ff7c0, length=23, elements={
0x00007fb851851600, 0x00007fb851853e00, 0x00007fb851859400, 0x00007fb84183b000,
0x00007fb84183a800, 0x00007fb84183be00, 0x00007fb84183c400, 0x00007fb853009800,
0x00007fb85185cc00, 0x00007fb8518cf000, 0x00007fb8518cf600, 0x00007fb8518cfc00,
0x00007fb8531d4400, 0x00007fb851e40a00, 0x00007fb804c46200, 0x00007fb8531dce00,
0x00007fb841f2f200, 0x00007fb804150600, 0x00007fb804fde200, 0x00007fb7f1ffba00,
0x00007fb851fe6a00, 0x00007fb851e3d200, 0x00007fb851e72a00
}

Java Threads: ( => current thread )
  0x00007fb851851600 JavaThread "Reference Handler" daemon [_thread_blocked, id=22335, stack(0x0000000309b02000,0x0000000309c02000)]
  0x00007fb851853e00 JavaThread "Finalizer" daemon [_thread_blocked, id=31747, stack(0x0000000309c05000,0x0000000309d05000)]
  0x00007fb851859400 JavaThread "Signal Dispatcher" daemon [_thread_blocked, id=28931, stack(0x0000000309e17000,0x0000000309f17000)]
  0x00007fb84183b000 JavaThread "Service Thread" daemon [_thread_blocked, id=24579, stack(0x0000000309f1a000,0x000000030a01a000)]
  0x00007fb84183a800 JavaThread "Monitor Deflation Thread" daemon [_thread_blocked, id=28419, stack(0x000000030a01d000,0x000000030a11d000)]
  0x00007fb84183be00 JavaThread "C2 CompilerThread0" daemon [_thread_blocked, id=27907, stack(0x000000030a120000,0x000000030a220000)]
  0x00007fb84183c400 JavaThread "C1 CompilerThread0" daemon [_thread_blocked, id=27651, stack(0x000000030a223000,0x000000030a323000)]
  0x00007fb853009800 JavaThread "Sweeper thread" daemon [_thread_blocked, id=25347, stack(0x000000030a326000,0x000000030a426000)]
  0x00007fb85185cc00 JavaThread "Common-Cleaner" daemon [_thread_blocked, id=26943, stack(0x000000030a429000,0x000000030a529000)]
  0x00007fb8518cf000 JavaThread "JDWP Transport Listener: dt_socket" daemon [_thread_blocked, id=26859, stack(0x000000030a52c000,0x000000030a62c000)]
  0x00007fb8518cf600 JavaThread "JDWP Event Helper Thread" daemon [_thread_blocked, id=33027, stack(0x000000030a62f000,0x000000030a72f000)]
  0x00007fb8518cfc00 JavaThread "JDWP Command Reader" daemon [_thread_in_native, id=43011, stack(0x000000030a732000,0x000000030a832000)]
  0x00007fb8531d4400 JavaThread "Notification Thread" daemon [_thread_blocked, id=34107, stack(0x000000030a835000,0x000000030a935000)]
  0x00007fb851e40a00 JavaThread "mysql-cj-abandoned-connection-cleanup" daemon [_thread_blocked, id=65275, stack(0x000000030b459000,0x000000030b559000)]
  0x00007fb804c46200 JavaThread "Live Reload Server" daemon [_thread_in_native, id=62215, stack(0x000000030ba6b000,0x000000030bb6b000)]
  0x00007fb8531dce00 JavaThread "DestroyJavaVM" [_thread_blocked, id=8707, stack(0x00000003093ed000,0x00000003094ed000)]
  0x00007fb841f2f200 JavaThread "File Watcher" daemon [_thread_blocked, id=83503, stack(0x000000030b04d000,0x000000030b14d000)]
  0x00007fb804150600 JavaThread "Thread-81" [_thread_blocked, id=84243, stack(0x000000030af4a000,0x000000030b04a000)]
=>0x00007fb804fde200 JavaThread "restartedMain" [_thread_in_Java, id=48071, stack(0x000000030b55c000,0x000000030b65c000)]
  0x00007fb7f1ffba00 JavaThread "HikariPool-17 housekeeper" daemon [_thread_blocked, id=38059, stack(0x000000030b65f000,0x000000030b75f000)]
  0x00007fb851fe6a00 JavaThread "Catalina-utility-1" [_thread_blocked, id=38667, stack(0x000000030b865000,0x000000030b965000)]
  0x00007fb851e3d200 JavaThread "Catalina-utility-2" [_thread_blocked, id=48875, stack(0x000000030b968000,0x000000030ba68000)]
  0x00007fb851e72a00 JavaThread "container-0" [_thread_blocked, id=47503, stack(0x000000030bb6e000,0x000000030bc6e000)]

Other Threads:
  0x00007fb85170bf20 VMThread "VM Thread" [stack: 0x00000003099ff000,0x0000000309aff000] [id=22019]
  0x00007fb85290fcf0 WatcherThread "VM Periodic Task Thread" [stack: 0x000000030a938000,0x000000030aa38000] [id=41475]
  0x00007fb851707ca0 WorkerThread "GC Thread#0" [stack: 0x00000003094f0000,0x00000003095f0000] [id=21507]
  0x00007fb841723920 WorkerThread "GC Thread#1" [stack: 0x000000030aa3b000,0x000000030ab3b000] [id=40775]
  0x00007fb841723d80 WorkerThread "GC Thread#2" [stack: 0x000000030ab3e000,0x000000030ac3e000] [id=34307]
  0x00007fb8417241e0 WorkerThread "GC Thread#3" [stack: 0x000000030ac41000,0x000000030ad41000] [id=34819]
  0x00007fb841724640 WorkerThread "GC Thread#4" [stack: 0x000000030ad44000,0x000000030ae44000] [id=35075]
  0x00007fb841724aa0 WorkerThread "GC Thread#5" [stack: 0x000000030ae47000,0x000000030af47000] [id=35331]
  0x00007fb852815580 WorkerThread "GC Thread#6" [stack: 0x000000030b150000,0x000000030b250000] [id=36923]
  0x00007fb85175dee0 WorkerThread "GC Thread#7" [stack: 0x000000030b253000,0x000000030b353000] [id=44203]
  0x00007fb8417042b0 ConcurrentGCThread "G1 Main Marker" [stack: 0x00000003095f3000,0x00000003096f3000] [id=21251]
  0x00007fb841704b10 WorkerThread "G1 Conc#0" [stack: 0x00000003096f6000,0x00000003097f6000] [id=20739]
  0x00007fb85292de70 WorkerThread "G1 Conc#1" [stack: 0x000000030b356000,0x000000030b456000] [id=37719]
  0x00007fb841712360 ConcurrentGCThread "G1 Refine#0" [stack: 0x00000003097f9000,0x00000003098f9000] [id=19971]
  0x00007fb852954870 ConcurrentGCThread "G1 Refine#1" [stack: 0x000000030c998000,0x000000030ca98000] [id=56067]
  0x00007fb851708100 ConcurrentGCThread "G1 Service" [stack: 0x00000003098fc000,0x00000003099fc000] [id=17411]

Threads with active compile tasks:

VM state: not at safepoint (normal execution)

VM Mutex/Monitor currently owned by a thread: None

OutOfMemory and StackOverflow Exception counts:
StackOverflowErrors=7
LinkageErrors=102

Heap address: 0x0000000700000000, size: 4096 MB, Compressed Oops mode: Zero based, Oop shift amount: 3

CDS archive(s) mapped at: [0x0000000800000000-0x0000000800ba8000-0x0000000800ba8000), size 12222464, SharedBaseAddress: 0x0000000800000000, ArchiveRelocationMode: 0.
Compressed class space mapped at: 0x0000000800c00000-0x0000000840c00000, reserved size: 1073741824
Narrow klass base: 0x0000000800000000, Narrow klass shift: 0, Narrow klass range: 0x100000000

GC Precious Log:
 CardTable entry size: 512
 Card Set container configuration: InlinePtr #cards 4 size 8 Array Of Cards #cards 16 size 48 Howl #buckets 8 coarsen threshold 3686 Howl Bitmap #cards 512 size 80 coarsen threshold 460 Card regions per heap region 1 cards per card region 4096
 CPUs: 8 total, 8 available
 Memory: 16384M
 Large Page Support: Disabled
 NUMA Support: Disabled
 Compressed Oops: Enabled (Zero based)
 Heap Region Size: 2M
 Heap Min Capacity: 8M
 Heap Initial Capacity: 256M
 Heap Max Capacity: 4G
 Pre-touch: Disabled
 Parallel Workers: 8
 Concurrent Workers: 2
 Concurrent Refinement Workers: 8
 Periodic GC: Disabled

Heap:
 garbage-first heap   total 131072K, used 82944K [0x0000000700000000, 0x0000000800000000)
  region size 2048K, 27 young (55296K), 0 survivors (0K)
 Metaspace       used 78219K, committed 79168K, reserved 1179648K
  class space    used 8732K, committed 9216K, reserved 1048576K

Heap Regions: E=young(eden), S=young(survivor), O=old, HS=humongous(starts), HC=humongous(continues), CS=collection set, F=free, OA=open archive, CA=closed archive, TAMS=top-at-mark-start (previous, next)
|   0|0x0000000700000000, 0x0000000700200000, 0x0000000700200000|100%| O|  |TAMS 0x0000000700200000, 0x0000000700000000| Untracked 
|   1|0x0000000700200000, 0x0000000700400000, 0x0000000700400000|100%| O|  |TAMS 0x0000000700400000, 0x0000000700200000| Untracked 
|   2|0x0000000700400000, 0x0000000700600000, 0x0000000700600000|100%| O|  |TAMS 0x0000000700600000, 0x0000000700400000| Untracked 
|   3|0x0000000700600000, 0x00000007007fffe0, 0x0000000700800000| 99%| O|  |TAMS 0x00000007007fffe0, 0x0000000700600000| Untracked 
|   4|0x0000000700800000, 0x00000007009ffff8, 0x0000000700a00000| 99%| O|  |TAMS 0x00000007009ffff8, 0x0000000700800000| Untracked 
|   5|0x0000000700a00000, 0x0000000700c00000, 0x0000000700c00000|100%| O|  |TAMS 0x0000000700c00000, 0x0000000700a00000| Untracked 
|   6|0x0000000700c00000, 0x0000000700e00000, 0x0000000700e00000|100%| O|  |TAMS 0x0000000700e00000, 0x0000000700c00000| Untracked 
|   7|0x0000000700e00000, 0x0000000700ffffc0, 0x0000000701000000| 99%| O|  |TAMS 0x0000000700ffffc0, 0x0000000700e00000| Untracked 
|   8|0x0000000701000000, 0x00000007011ffdd0, 0x0000000701200000| 99%| O|  |TAMS 0x00000007011ffdd0, 0x0000000701000000| Untracked 
|   9|0x0000000701200000, 0x00000007013fffc8, 0x0000000701400000| 99%| O|  |TAMS 0x00000007013fffc8, 0x0000000701200000| Untracked 
|  10|0x0000000701400000, 0x0000000701600000, 0x0000000701600000|100%| O|  |TAMS 0x0000000701400000, 0x0000000701400000| Untracked 
|  11|0x0000000701600000, 0x00000007017ffff0, 0x0000000701800000| 99%| O|  |TAMS 0x0000000701600000, 0x0000000701600000| Untracked 
|  12|0x0000000701800000, 0x00000007019beb60, 0x0000000701a00000| 87%| O|  |TAMS 0x0000000701800000, 0x0000000701800000| Untracked 
|  13|0x0000000701a00000, 0x0000000701bdf4c8, 0x0000000701c00000| 93%| O|  |TAMS 0x0000000701a00000, 0x0000000701a00000| Untracked 
|  14|0x0000000701c00000, 0x0000000701cfb418, 0x0000000701e00000| 49%| O|  |TAMS 0x0000000701c00000, 0x0000000701c00000| Untracked 
|  15|0x0000000701e00000, 0x0000000701e00000, 0x0000000702000000|  0%| F|  |TAMS 0x0000000701e00000, 0x0000000701e00000| Untracked 
|  16|0x0000000702000000, 0x0000000702000000, 0x0000000702200000|  0%| F|  |TAMS 0x0000000702000000, 0x0000000702000000| Untracked 
|  17|0x0000000702200000, 0x0000000702200000, 0x0000000702400000|  0%| F|  |TAMS 0x0000000702200000, 0x0000000702200000| Untracked 
|  18|0x0000000702400000, 0x0000000702400000, 0x0000000702600000|  0%| F|  |TAMS 0x0000000702400000, 0x0000000702400000| Untracked 
|  19|0x0000000702600000, 0x0000000702600000, 0x0000000702800000|  0%| F|  |TAMS 0x0000000702600000, 0x0000000702600000| Untracked 
|  20|0x0000000702800000, 0x0000000702800000, 0x0000000702a00000|  0%| F|  |TAMS 0x0000000702800000, 0x0000000702800000| Untracked 
|  21|0x0000000702a00000, 0x0000000702a68848, 0x0000000702c00000| 20%| O|  |TAMS 0x0000000702a00000, 0x0000000702a00000| Untracked 
|  22|0x0000000702c00000, 0x0000000702c00000, 0x0000000702e00000|  0%| F|  |TAMS 0x0000000702c00000, 0x0000000702c00000| Untracked 
|  23|0x0000000702e00000, 0x0000000702e18940, 0x0000000703000000|  4%| O|  |TAMS 0x0000000702e00000, 0x0000000702e00000| Untracked 
|  24|0x0000000703000000, 0x0000000703000000, 0x0000000703200000|  0%| F|  |TAMS 0x0000000703000000, 0x0000000703000000| Untracked 
|  25|0x0000000703200000, 0x0000000703200000, 0x0000000703400000|  0%| F|  |TAMS 0x0000000703200000, 0x0000000703200000| Untracked 
|  26|0x0000000703400000, 0x0000000703400000, 0x0000000703600000|  0%| F|  |TAMS 0x0000000703400000, 0x0000000703400000| Untracked 
|  27|0x0000000703600000, 0x0000000703600000, 0x0000000703800000|  0%| F|  |TAMS 0x0000000703600000, 0x0000000703600000| Untracked 
|  28|0x0000000703800000, 0x0000000703800000, 0x0000000703a00000|  0%| F|  |TAMS 0x0000000703800000, 0x0000000703800000| Untracked 
|  29|0x0000000703a00000, 0x0000000703a00000, 0x0000000703c00000|  0%| F|  |TAMS 0x0000000703a00000, 0x0000000703a00000| Untracked 
|  30|0x0000000703c00000, 0x0000000703c00000, 0x0000000703e00000|  0%| F|  |TAMS 0x0000000703c00000, 0x0000000703c00000| Untracked 
|  31|0x0000000703e00000, 0x0000000703e00000, 0x0000000704000000|  0%| F|  |TAMS 0x0000000703e00000, 0x0000000703e00000| Untracked 
|  32|0x0000000704000000, 0x0000000704000000, 0x0000000704200000|  0%| F|  |TAMS 0x0000000704000000, 0x0000000704000000| Untracked 
|  33|0x0000000704200000, 0x0000000704200000, 0x0000000704400000|  0%| F|  |TAMS 0x0000000704200000, 0x0000000704200000| Untracked 
|  34|0x0000000704400000, 0x0000000704400000, 0x0000000704600000|  0%| F|  |TAMS 0x0000000704400000, 0x0000000704400000| Untracked 
|  35|0x0000000704600000, 0x00000007046694c0, 0x0000000704800000| 20%| E|  |TAMS 0x0000000704600000, 0x0000000704600000| Complete 
|  36|0x0000000704800000, 0x0000000704a00000, 0x0000000704a00000|100%| E|CS|TAMS 0x0000000704800000, 0x0000000704800000| Complete 
|  37|0x0000000704a00000, 0x0000000704c00000, 0x0000000704c00000|100%| E|CS|TAMS 0x0000000704a00000, 0x0000000704a00000| Complete 
|  38|0x0000000704c00000, 0x0000000704e00000, 0x0000000704e00000|100%| E|CS|TAMS 0x0000000704c00000, 0x0000000704c00000| Complete 
|  39|0x0000000704e00000, 0x0000000705000000, 0x0000000705000000|100%| E|CS|TAMS 0x0000000704e00000, 0x0000000704e00000| Complete 
|  40|0x0000000705000000, 0x0000000705200000, 0x0000000705200000|100%| E|CS|TAMS 0x0000000705000000, 0x0000000705000000| Complete 
|  41|0x0000000705200000, 0x0000000705400000, 0x0000000705400000|100%| E|CS|TAMS 0x0000000705200000, 0x0000000705200000| Complete 
|  42|0x0000000705400000, 0x0000000705600000, 0x0000000705600000|100%| E|CS|TAMS 0x0000000705400000, 0x0000000705400000| Complete 
|  43|0x0000000705600000, 0x0000000705800000, 0x0000000705800000|100%| E|CS|TAMS 0x0000000705600000, 0x0000000705600000| Complete 
|  44|0x0000000705800000, 0x0000000705a00000, 0x0000000705a00000|100%| E|CS|TAMS 0x0000000705800000, 0x0000000705800000| Complete 
|  45|0x0000000705a00000, 0x0000000705c00000, 0x0000000705c00000|100%| E|CS|TAMS 0x0000000705a00000, 0x0000000705a00000| Complete 
|  46|0x0000000705c00000, 0x0000000705e00000, 0x0000000705e00000|100%| E|CS|TAMS 0x0000000705c00000, 0x0000000705c00000| Complete 
|  47|0x0000000705e00000, 0x0000000706000000, 0x0000000706000000|100%| E|CS|TAMS 0x0000000705e00000, 0x0000000705e00000| Complete 
|  48|0x0000000706000000, 0x0000000706200000, 0x0000000706200000|100%| E|CS|TAMS 0x0000000706000000, 0x0000000706000000| Complete 
|  49|0x0000000706200000, 0x0000000706400000, 0x0000000706400000|100%| E|  |TAMS 0x0000000706200000, 0x0000000706200000| Complete 
|  50|0x0000000706400000, 0x0000000706600000, 0x0000000706600000|100%| E|CS|TAMS 0x0000000706400000, 0x0000000706400000| Complete 
|  51|0x0000000706600000, 0x0000000706800000, 0x0000000706800000|100%| E|CS|TAMS 0x0000000706600000, 0x0000000706600000| Complete 
|  52|0x0000000706800000, 0x0000000706a00000, 0x0000000706a00000|100%| E|CS|TAMS 0x0000000706800000, 0x0000000706800000| Complete 
|  53|0x0000000706a00000, 0x0000000706c00000, 0x0000000706c00000|100%| E|CS|TAMS 0x0000000706a00000, 0x0000000706a00000| Complete 
|  54|0x0000000706c00000, 0x0000000706e00000, 0x0000000706e00000|100%| E|CS|TAMS 0x0000000706c00000, 0x0000000706c00000| Complete 
|  55|0x0000000706e00000, 0x0000000707000000, 0x0000000707000000|100%| E|CS|TAMS 0x0000000706e00000, 0x0000000706e00000| Complete 
|  56|0x0000000707000000, 0x0000000707200000, 0x0000000707200000|100%| E|CS|TAMS 0x0000000707000000, 0x0000000707000000| Complete 
|  57|0x0000000707200000, 0x0000000707400000, 0x0000000707400000|100%| E|CS|TAMS 0x0000000707200000, 0x0000000707200000| Complete 
|  58|0x0000000707400000, 0x0000000707600000, 0x0000000707600000|100%| E|CS|TAMS 0x0000000707400000, 0x0000000707400000| Complete 
|  59|0x0000000707600000, 0x0000000707800000, 0x0000000707800000|100%| E|CS|TAMS 0x0000000707600000, 0x0000000707600000| Complete 
|  60|0x0000000707800000, 0x0000000707a00000, 0x0000000707a00000|100%| E|CS|TAMS 0x0000000707800000, 0x0000000707800000| Complete 
|  61|0x0000000707a00000, 0x0000000707c00000, 0x0000000707c00000|100%| E|CS|TAMS 0x0000000707a00000, 0x0000000707a00000| Complete 
|2046|0x00000007ffc00000, 0x00000007ffd74000, 0x00000007ffe00000| 72%|OA|  |TAMS 0x00000007ffd74000, 0x00000007ffc00000| Untracked 
|2047|0x00000007ffe00000, 0x00000007ffe72000, 0x0000000800000000| 22%|CA|  |TAMS 0x00000007ffe72000, 0x00000007ffe00000| Untracked 

Card table byte_map: [0x0000000126ca8000,0x00000001274a8000] _byte_map_base: 0x00000001234a8000

Marking Bits (Prev, Next): (CMBitMap*) 0x00007fb841808210, (CMBitMap*) 0x00007fb841808250
 Prev Bits: [0x0000000127ca8000, 0x000000012bca8000)
 Next Bits: [0x000000012bca8000, 0x000000012fca8000)

Polling page: 0x00000001028b3000

Metaspace:

Usage:
  Non-class:     67.86 MB used.
      Class:      8.53 MB used.
       Both:     76.39 MB used.

Virtual space:
  Non-class space:      128.00 MB reserved,      68.31 MB ( 53%) committed,  2 nodes.
      Class space:        1.00 GB reserved,       9.00 MB ( <1%) committed,  1 nodes.
             Both:        1.12 GB reserved,      77.31 MB (  7%) committed. 

Chunk freelists:
   Non-Class:  3.03 MB
       Class:  3.01 MB
        Both:  6.05 MB

MaxMetaspaceSize: unlimited
CompressedClassSpaceSize: 1.00 GB
Initial GC threshold: 21.00 MB
Current GC threshold: 128.12 MB
CDS: on
MetaspaceReclaimPolicy: balanced
 - commit_granule_bytes: 65536.
 - commit_granule_words: 8192.
 - virtual_space_node_default_size: 8388608.
 - enlarge_chunks_in_place: 1.
 - new_chunks_are_fully_committed: 0.
 - uncommit_free_chunks: 1.
 - use_allocation_guard: 0.


Internal statistics:

num_allocs_failed_limit: 9.
num_arena_births: 1460.
num_arena_deaths: 346.
num_vsnodes_births: 3.
num_vsnodes_deaths: 0.
num_space_committed: 1237.
num_space_uncommitted: 0.
num_chunks_returned_to_freelist: 436.
num_chunks_taken_from_freelist: 5052.
num_chunk_merges: 134.
num_chunk_splits: 3156.
num_chunks_enlarged: 2187.
num_inconsistent_stats: 0.

CodeHeap 'non-profiled nmethods': size=120028Kb used=20656Kb max_used=20656Kb free=99371Kb
 bounds [0x000000011f771000, 0x0000000120ba1000, 0x0000000126ca8000]
CodeHeap 'profiled nmethods': size=120028Kb used=34800Kb max_used=36397Kb free=85227Kb
 bounds [0x000000011823a000, 0x000000011a5ca000, 0x000000011f771000]
CodeHeap 'non-nmethods': size=5704Kb used=1385Kb max_used=1508Kb free=4319Kb
 bounds [0x0000000117ca8000, 0x0000000117f18000, 0x000000011823a000]
 total_blobs=17405 nmethods=16751 adapters=567
 compilation: enabled
              stopped_count=0, restarted_count=0
 full_count=0

Compilation events (20 events):
Event: 7711.182 Thread 0x00007fb84183c400 21597       3       org.springframework.context.support.GenericApplicationContext::getResources (30 bytes)
Event: 7711.182 Thread 0x00007fb84183c400 nmethod 21597 0x0000000119280b10 code [0x0000000119280d00, 0x00000001192812b0]
Event: 7711.197 Thread 0x00007fb84183be00 21599       4       org.springframework.beans.factory.support.AbstractAutowireCapableBeanFactory::applyMergedBeanDefinitionPostProcessors (50 bytes)
Event: 7711.200 Thread 0x00007fb84183be00 nmethod 21599 0x0000000120b9c510 code [0x0000000120b9c6c0, 0x0000000120b9ca68]
Event: 7711.202 Thread 0x00007fb84183c400 21600       3       java.beans.FeatureDescriptor::<init> (69 bytes)
Event: 7711.206 Thread 0x00007fb84183c400 nmethod 21600 0x0000000118affe10 code [0x0000000118b00040, 0x0000000118b00820]
Event: 7711.216 Thread 0x00007fb84183c400 21601       3       org.hibernate.hql.internal.ast.tree.FromElement::getPropertyType (10 bytes)
Event: 7711.217 Thread 0x00007fb84183c400 nmethod 21601 0x0000000118ce8e90 code [0x0000000118ce9040, 0x0000000118ce91a0]
Event: 7711.217 Thread 0x00007fb84183c400 21602       3       org.hibernate.hql.internal.ast.tree.FromElement::getPropertyTableName (9 bytes)
Event: 7711.217 Thread 0x00007fb84183c400 nmethod 21602 0x0000000118ced910 code [0x0000000118cedac0, 0x0000000118cedc20]
Event: 7711.217 Thread 0x00007fb84183c400 21603   !   3       org.hibernate.hql.internal.ast.tree.FromElementType::getPropertyTableName (34 bytes)
Event: 7711.218 Thread 0x00007fb84183c400 nmethod 21603 0x0000000118b7ed10 code [0x0000000118b7ef20, 0x0000000118b7f5d0]
Event: 7711.224 Thread 0x00007fb84183be00 21604       4       org.springframework.boot.web.servlet.context.WebApplicationContextServletContextAwareProcessor::getServletConfig (23 bytes)
Event: 7711.225 Thread 0x00007fb84183c400 21605       3       org.springframework.beans.factory.BeanCreationException::<init> (84 bytes)
Event: 7711.225 Thread 0x00007fb84183be00 nmethod 21604 0x0000000120b9cf10 code [0x0000000120b9d0a0, 0x0000000120b9d178]
Event: 7711.225 Thread 0x00007fb84183c400 nmethod 21605 0x00000001183ac190 code [0x00000001183ac4c0, 0x00000001183ad4c0]
Event: 7711.228 Thread 0x00007fb84183c400 21606   !   3       org.springframework.beans.factory.support.FactoryBeanRegistrySupport::doGetObjectFromFactoryBean (117 bytes)
Event: 7711.229 Thread 0x00007fb84183c400 nmethod 21606 0x0000000118c69990 code [0x0000000118c69c00, 0x0000000118c6a610]
Event: 7711.229 Thread 0x00007fb84183c400 21607       3       org.springframework.beans.factory.support.AbstractAutowireCapableBeanFactory::postProcessObjectFromFactoryBean (7 bytes)
Event: 7711.229 Thread 0x00007fb84183c400 nmethod 21607 0x0000000118cfc310 code [0x0000000118cfc4c0, 0x0000000118cfc6a0]

GC Heap History (20 events):
Event: 6364.452 GC heap before
{Heap before GC invocations=147 (full 15):
 garbage-first heap   total 131072K, used 80907K [0x0000000700000000, 0x0000000800000000)
  region size 2048K, 25 young (51200K), 3 survivors (6144K)
 Metaspace       used 77290K, committed 78208K, reserved 1179648K
  class space    used 8659K, committed 9088K, reserved 1048576K
}
Event: 6364.460 GC heap after
{Heap after GC invocations=148 (full 15):
 garbage-first heap   total 131072K, used 44967K [0x0000000700000000, 0x0000000800000000)
  region size 2048K, 4 young (8192K), 4 survivors (8192K)
 Metaspace       used 77290K, committed 78208K, reserved 1179648K
  class space    used 8659K, committed 9088K, reserved 1048576K
}
Event: 6364.585 GC heap before
{Heap before GC invocations=148 (full 15):
 garbage-first heap   total 131072K, used 81831K [0x0000000700000000, 0x0000000800000000)
  region size 2048K, 23 young (47104K), 4 survivors (8192K)
 Metaspace       used 77291K, committed 78208K, reserved 1179648K
  class space    used 8659K, committed 9088K, reserved 1048576K
}
Event: 6364.589 GC heap after
{Heap after GC invocations=149 (full 15):
 garbage-first heap   total 131072K, used 45883K [0x0000000700000000, 0x0000000800000000)
  region size 2048K, 3 young (6144K), 3 survivors (6144K)
 Metaspace       used 77291K, committed 78208K, reserved 1179648K
  class space    used 8659K, committed 9088K, reserved 1048576K
}
Event: 6368.494 GC heap before
{Heap before GC invocations=150 (full 15):
 garbage-first heap   total 131072K, used 84795K [0x0000000700000000, 0x0000000800000000)
  region size 2048K, 22 young (45056K), 3 survivors (6144K)
 Metaspace       used 77371K, committed 78336K, reserved 1179648K
  class space    used 8668K, committed 9152K, reserved 1048576K
}
Event: 6368.498 GC heap after
{Heap after GC invocations=151 (full 15):
 garbage-first heap   total 131072K, used 42194K [0x0000000700000000, 0x0000000800000000)
  region size 2048K, 1 young (2048K), 1 survivors (2048K)
 Metaspace       used 77371K, committed 78336K, reserved 1179648K
  class space    used 8668K, committed 9152K, reserved 1048576K
}
Event: 7038.831 GC heap before
{Heap before GC invocations=151 (full 15):
 garbage-first heap   total 131072K, used 87250K [0x0000000700000000, 0x0000000800000000)
  region size 2048K, 23 young (47104K), 1 survivors (2048K)
 Metaspace       used 77627K, committed 78528K, reserved 1179648K
  class space    used 8691K, committed 9152K, reserved 1048576K
}
Event: 7038.848 GC heap after
{Heap after GC invocations=152 (full 15):
 garbage-first heap   total 131072K, used 42330K [0x0000000700000000, 0x0000000800000000)
  region size 2048K, 1 young (2048K), 1 survivors (2048K)
 Metaspace       used 77627K, committed 78528K, reserved 1179648K
  class space    used 8691K, committed 9152K, reserved 1048576K
}
Event: 7294.905 GC heap before
{Heap before GC invocations=153 (full 15):
 garbage-first heap   total 131072K, used 89434K [0x0000000700000000, 0x0000000800000000)
  region size 2048K, 24 young (49152K), 1 survivors (2048K)
 Metaspace       used 77692K, committed 78720K, reserved 1179648K
  class space    used 8698K, committed 9216K, reserved 1048576K
}
Event: 7294.933 GC heap after
{Heap after GC invocations=154 (full 15):
 garbage-first heap   total 131072K, used 42182K [0x0000000700000000, 0x0000000800000000)
  region size 2048K, 1 young (2048K), 1 survivors (2048K)
 Metaspace       used 77692K, committed 78720K, reserved 1179648K
  class space    used 8698K, committed 9216K, reserved 1048576K
}
Event: 7317.038 GC heap before
{Heap before GC invocations=154 (full 15):
 garbage-first heap   total 131072K, used 46278K [0x0000000700000000, 0x0000000800000000)
  region size 2048K, 3 young (6144K), 1 survivors (2048K)
 Metaspace       used 77692K, committed 78720K, reserved 1179648K
  class space    used 8698K, committed 9216K, reserved 1048576K
}
Event: 7317.061 GC heap after
{Heap after GC invocations=155 (full 15):
 garbage-first heap   total 131072K, used 38816K [0x0000000700000000, 0x0000000800000000)
  region size 2048K, 1 young (2048K), 1 survivors (2048K)
 Metaspace       used 77692K, committed 78720K, reserved 1179648K
  class space    used 8698K, committed 9216K, reserved 1048576K
}
Event: 7431.959 GC heap before
{Heap before GC invocations=155 (full 15):
 garbage-first heap   total 131072K, used 96160K [0x0000000700000000, 0x0000000800000000)
  region size 2048K, 29 young (59392K), 1 survivors (2048K)
 Metaspace       used 77776K, committed 78720K, reserved 1179648K
  class space    used 8702K, committed 9216K, reserved 1048576K
}
Event: 7431.982 GC heap after
{Heap after GC invocations=156 (full 15):
 garbage-first heap   total 131072K, used 38931K [0x0000000700000000, 0x0000000800000000)
  region size 2048K, 1 young (2048K), 1 survivors (2048K)
 Metaspace       used 77776K, committed 78720K, reserved 1179648K
  class space    used 8702K, committed 9216K, reserved 1048576K
}
Event: 7568.703 GC heap before
{Heap before GC invocations=157 (full 15):
 garbage-first heap   total 131072K, used 98323K [0x0000000700000000, 0x0000000800000000)
  region size 2048K, 30 young (61440K), 1 survivors (2048K)
 Metaspace       used 77796K, committed 78784K, reserved 1179648K
  class space    used 8702K, committed 9216K, reserved 1048576K
}
Event: 7568.722 GC heap after
{Heap after GC invocations=158 (full 15):
 garbage-first heap   total 131072K, used 38957K [0x0000000700000000, 0x0000000800000000)
  region size 2048K, 1 young (2048K), 1 survivors (2048K)
 Metaspace       used 77796K, committed 78784K, reserved 1179648K
  class space    used 8702K, committed 9216K, reserved 1048576K
}
Event: 7576.040 GC heap before
{Heap before GC invocations=158 (full 15):
 garbage-first heap   total 131072K, used 43053K [0x0000000700000000, 0x0000000800000000)
  region size 2048K, 3 young (6144K), 1 survivors (2048K)
 Metaspace       used 77797K, committed 78784K, reserved 1179648K
  class space    used 8702K, committed 9216K, reserved 1048576K
}
Event: 7576.059 GC heap after
{Heap after GC invocations=159 (full 15):
 garbage-first heap   total 131072K, used 37250K [0x0000000700000000, 0x0000000800000000)
  region size 2048K, 1 young (2048K), 1 survivors (2048K)
 Metaspace       used 77797K, committed 78784K, reserved 1179648K
  class space    used 8702K, committed 9216K, reserved 1048576K
}
Event: 7709.747 GC heap before
{Heap before GC invocations=159 (full 15):
 garbage-first heap   total 131072K, used 88450K [0x0000000700000000, 0x0000000800000000)
  region size 2048K, 27 young (55296K), 1 survivors (2048K)
 Metaspace       used 77804K, committed 78784K, reserved 1179648K
  class space    used 8703K, committed 9216K, reserved 1048576K
}
Event: 7709.921 GC heap after
{Heap after GC invocations=160 (full 16):
 garbage-first heap   total 131072K, used 31744K [0x0000000700000000, 0x0000000800000000)
  region size 2048K, 0 young (0K), 0 survivors (0K)
 Metaspace       used 77804K, committed 78784K, reserved 1179648K
  class space    used 8703K, committed 9216K, reserved 1048576K
}

Deoptimization events (20 events):
Event: 7711.201 Thread 0x00007fb804fde200 DEOPT PACKING pc=0x000000011f7ca9e4 sp=0x000000030b658ba0
Event: 7711.201 Thread 0x00007fb804fde200 DEOPT UNPACKING pc=0x0000000117cfa810 sp=0x000000030b658058 mode 1
Event: 7711.201 Thread 0x00007fb804fde200 DEOPT PACKING pc=0x000000011f930fc4 sp=0x000000030b659280
Event: 7711.201 Thread 0x00007fb804fde200 DEOPT UNPACKING pc=0x0000000117cfa810 sp=0x000000030b658698 mode 1
Event: 7711.201 Thread 0x00007fb804fde200 DEOPT PACKING pc=0x0000000119f07354 sp=0x000000030b6592c0
Event: 7711.201 Thread 0x00007fb804fde200 DEOPT UNPACKING pc=0x0000000117cfa810 sp=0x000000030b658800 mode 1
Event: 7711.201 Thread 0x00007fb804fde200 DEOPT PACKING pc=0x0000000120718854 sp=0x000000030b6592c0
Event: 7711.201 Thread 0x00007fb804fde200 DEOPT UNPACKING pc=0x0000000117cfa810 sp=0x000000030b658728 mode 1
Event: 7711.224 Thread 0x00007fb804fde200 DEOPT PACKING pc=0x00000001189d2c04 sp=0x000000030b658d50
Event: 7711.224 Thread 0x00007fb804fde200 DEOPT UNPACKING pc=0x0000000117cfa810 sp=0x000000030b658378 mode 1
Event: 7711.224 Thread 0x00007fb804fde200 DEOPT PACKING pc=0x0000000119b48cd4 sp=0x000000030b658fb0
Event: 7711.224 Thread 0x00007fb804fde200 DEOPT UNPACKING pc=0x0000000117cfa810 sp=0x000000030b658798 mode 1
Event: 7711.224 Thread 0x00007fb804fde200 DEOPT PACKING pc=0x00000001189d2c04 sp=0x000000030b658fe0
Event: 7711.224 Thread 0x00007fb804fde200 DEOPT UNPACKING pc=0x0000000117cfa810 sp=0x000000030b658658 mode 1
Event: 7711.224 Thread 0x00007fb804fde200 DEOPT PACKING pc=0x00000001189d2c04 sp=0x000000030b658fe0
Event: 7711.224 Thread 0x00007fb804fde200 DEOPT UNPACKING pc=0x0000000117cfa810 sp=0x000000030b658658 mode 1
Event: 7711.225 Thread 0x00007fb804fde200 DEOPT PACKING pc=0x00000001189d2c04 sp=0x000000030b658fe0
Event: 7711.225 Thread 0x00007fb804fde200 DEOPT UNPACKING pc=0x0000000117cfa810 sp=0x000000030b658658 mode 1
Event: 7724.823 Thread 0x00007fb804fde200 DEOPT PACKING pc=0x00000001206cf40c sp=0x000000030b65a820
Event: 7724.823 Thread 0x00007fb804fde200 DEOPT UNPACKING pc=0x0000000117cfa810 sp=0x000000030b659cc8 mode 0

Classes loaded (20 events):
Event: 7710.639 Loading class java/lang/ObjectCustomizer
Event: 7710.639 Loading class java/lang/ObjectCustomizer done
Event: 7710.640 Loading class java/lang/ObjectCustomizer
Event: 7710.640 Loading class java/lang/ObjectCustomizer done
Event: 7711.012 Loading class java/lang/ObjectCustomizer
Event: 7711.012 Loading class java/lang/ObjectCustomizer done
Event: 7711.013 Loading class java/lang/ObjectCustomizer
Event: 7711.013 Loading class java/lang/ObjectCustomizer done
Event: 7711.043 Loading class java/lang/ObjectCustomizer
Event: 7711.043 Loading class java/lang/ObjectCustomizer done
Event: 7711.043 Loading class java/lang/ObjectCustomizer
Event: 7711.043 Loading class java/lang/ObjectCustomizer done
Event: 7711.051 Loading class java/lang/ObjectCustomizer
Event: 7711.051 Loading class java/lang/ObjectCustomizer done
Event: 7711.052 Loading class java/lang/ObjectCustomizer
Event: 7711.052 Loading class java/lang/ObjectCustomizer done
Event: 7711.199 Loading class java/lang/ObjectCustomizer
Event: 7711.199 Loading class java/lang/ObjectCustomizer done
Event: 7711.199 Loading class java/lang/ObjectCustomizer
Event: 7711.199 Loading class java/lang/ObjectCustomizer done

Classes unloaded (20 events):
Event: 5272.809 Thread 0x00007fb85170bf20 Unloading class 0x0000000800d5dc00 'java/lang/invoke/LambdaForm$MH+0x0000000800d5dc00'
Event: 5272.809 Thread 0x00007fb85170bf20 Unloading class 0x0000000800d5d400 'java/lang/invoke/LambdaForm$MH+0x0000000800d5d400'
Event: 5272.809 Thread 0x00007fb85170bf20 Unloading class 0x0000000800d5d000 'java/lang/invoke/LambdaForm$MH+0x0000000800d5d000'
Event: 5272.809 Thread 0x00007fb85170bf20 Unloading class 0x0000000800d5cc00 'java/lang/invoke/LambdaForm$MH+0x0000000800d5cc00'
Event: 5272.809 Thread 0x00007fb85170bf20 Unloading class 0x0000000800d5c800 'java/lang/invoke/LambdaForm$MH+0x0000000800d5c800'
Event: 5431.762 Thread 0x00007fb85170bf20 Unloading class 0x0000000801458c00 'jdk/internal/reflect/GeneratedSerializationConstructorAccessor11'
Event: 5586.291 Thread 0x00007fb85170bf20 Unloading class 0x0000000801498400 'java/lang/invoke/LambdaForm$MH+0x0000000801498400'
Event: 5586.291 Thread 0x00007fb85170bf20 Unloading class 0x0000000801458c00 'java/lang/invoke/LambdaForm$MH+0x0000000801458c00'
Event: 5586.291 Thread 0x00007fb85170bf20 Unloading class 0x0000000801492c00 'java/lang/invoke/LambdaForm$MH+0x0000000801492c00'
Event: 5586.291 Thread 0x00007fb85170bf20 Unloading class 0x0000000800d5e000 'org/apache/catalina/loader/JdbcLeakPrevention'
Event: 5923.936 Thread 0x00007fb85170bf20 Unloading class 0x00000008014a9400 'jdk/internal/reflect/GeneratedSerializationConstructorAccessor12'
Event: 6000.293 Thread 0x00007fb85170bf20 Unloading class 0x00000008014a0000 'org/apache/catalina/loader/JdbcLeakPrevention'
Event: 6221.078 Thread 0x00007fb85170bf20 Unloading class 0x00000008014ba800 'jdk/internal/reflect/GeneratedSerializationConstructorAccessor13'
Event: 6223.772 Thread 0x00007fb85170bf20 Unloading class 0x00000008014b5800 'org/apache/catalina/loader/JdbcLeakPrevention'
Event: 6280.926 Thread 0x00007fb85170bf20 Unloading class 0x00000008014ca400 'jdk/internal/reflect/GeneratedSerializationConstructorAccessor14'
Event: 6280.926 Thread 0x00007fb85170bf20 Unloading class 0x00000008014ba800 'org/apache/catalina/loader/JdbcLeakPrevention'
Event: 6362.587 Thread 0x00007fb85170bf20 Unloading class 0x00000008014d4400 'jdk/internal/reflect/GeneratedSerializationConstructorAccessor15'
Event: 6362.587 Thread 0x00007fb85170bf20 Unloading class 0x00000008014cac00 'org/apache/catalina/loader/JdbcLeakPrevention'
Event: 7038.878 Thread 0x00007fb85170bf20 Unloading class 0x00000008014de000 'jdk/internal/reflect/GeneratedSerializationConstructorAccessor16'
Event: 7038.879 Thread 0x00007fb85170bf20 Unloading class 0x00000008014d4800 'org/apache/catalina/loader/JdbcLeakPrevention'

Classes redefined (2 events):
Event: 715.829 Thread 0x00007fb85170bf20 redefined class name=com.cacaotalk.user.service.UserRepository, count=1
Event: 715.829 Thread 0x00007fb85170bf20 redefined class name=com.cacaotalk.user.service.UserRepository, count=1

Internal exceptions (20 events):
Event: 7710.651 Thread 0x00007fb804fde200 Exception <a 'java/lang/ClassNotFoundException'{0x0000000705ea0a00}: com/cacaotalk/user/security/SecurityConfigurationCustomizer> (0x0000000705ea0a00) 
thrown [open/src/hotspot/share/classfile/systemDictionary.cpp, line 255]
Event: 7710.653 Thread 0x00007fb804fde200 Exception <a 'java/lang/ClassNotFoundException'{0x0000000705eabf88}: com/cacaotalk/user/security/SecurityConfiguration$$EnhancerBySpringCGLIB$$4cac8977Customizer> (0x0000000705eabf88) 
thrown [open/src/hotspot/share/classfile/systemDictionary.cpp, line 255]
Event: 7710.656 Thread 0x00007fb804fde200 Exception <a 'java/lang/ClassNotFoundException'{0x0000000705ec2220}: org/springframework/context/annotation/ConfigurationClassEnhancer$EnhancedConfigurationCustomizer> (0x0000000705ec2220) 
thrown [open/src/hotspot/share/classfile/systemDictionary.cpp, line 255]
Event: 7710.657 Thread 0x00007fb804fde200 Exception <a 'java/lang/ClassNotFoundException'{0x0000000705ec83e8}: org/springframework/beans/factory/BeanFactoryAwareCustomizer> (0x0000000705ec83e8) 
thrown [open/src/hotspot/share/classfile/systemDictionary.cpp, line 255]
Event: 7710.659 Thread 0x00007fb804fde200 Exception <a 'java/lang/ClassNotFoundException'{0x0000000705ecfaf8}: org/springframework/beans/factory/AwareCustomizer> (0x0000000705ecfaf8) 
thrown [open/src/hotspot/share/classfile/systemDictionary.cpp, line 255]
Event: 7710.660 Thread 0x00007fb804fde200 Exception <a 'java/lang/ClassNotFoundException'{0x0000000705ed6300}: org/springframework/security/config/annotation/web/WebSecurityConfigurerCustomizer> (0x0000000705ed6300) 
thrown [open/src/hotspot/share/classfile/systemDictionary.cpp, line 255]
Event: 7710.661 Thread 0x00007fb804fde200 Exception <a 'java/lang/ClassNotFoundException'{0x0000000705edc8e8}: org/springframework/security/config/annotation/SecurityConfigurerCustomizer> (0x0000000705edc8e8) 
thrown [open/src/hotspot/share/classfile/systemDictionary.cpp, line 255]
Event: 7711.013 Thread 0x00007fb804fde200 Exception <a 'java/lang/ClassNotFoundException'{0x00000007051537a8}: java/lang/ObjectCustomizer> (0x00000007051537a8) 
thrown [open/src/hotspot/share/classfile/systemDictionary.cpp, line 255]
Event: 7711.021 Thread 0x00007fb804fde200 Exception <a 'java/lang/ClassNotFoundException'{0x000000070515ea48}: com/cacaotalk/user/entity/IdBaseEntityCustomizer> (0x000000070515ea48) 
thrown [open/src/hotspot/share/classfile/systemDictionary.cpp, line 255]
Event: 7711.029 Thread 0x00007fb804fde200 Exception <a 'java/lang/ClassNotFoundException'{0x0000000705168d78}: com/cacaotalk/user/entity/UserCustomizer> (0x0000000705168d78) 
thrown [open/src/hotspot/share/classfile/systemDictionary.cpp, line 255]
Event: 7711.043 Thread 0x00007fb804fde200 Exception <a 'java/lang/ClassNotFoundException'{0x00000007051bcff0}: java/lang/ObjectCustomizer> (0x00000007051bcff0) 
thrown [open/src/hotspot/share/classfile/systemDictionary.cpp, line 255]
Event: 7711.046 Thread 0x00007fb804fde200 Exception <a 'java/lang/ClassNotFoundException'{0x00000007051c8270}: com/cacaotalk/user/entity/IdBaseEntityCustomizer> (0x00000007051c8270) 
thrown [open/src/hotspot/share/classfile/systemDictionary.cpp, line 255]
Event: 7711.049 Thread 0x00007fb804fde200 Exception <a 'java/lang/ClassNotFoundException'{0x00000007051d1e78}: com/cacaotalk/user/entity/PostCustomizer> (0x00000007051d1e78) 
thrown [open/src/hotspot/share/classfile/systemDictionary.cpp, line 255]
Event: 7711.052 Thread 0x00007fb804fde200 Exception <a 'java/lang/ClassNotFoundException'{0x00000007051fa068}: java/lang/ObjectCustomizer> (0x00000007051fa068) 
thrown [open/src/hotspot/share/classfile/systemDictionary.cpp, line 255]
Event: 7711.053 Thread 0x00007fb804fde200 Exception <a 'java/lang/ClassNotFoundException'{0x0000000704e05778}: com/cacaotalk/user/entity/IdBaseEntityCustomizer> (0x0000000704e05778) 
thrown [open/src/hotspot/share/classfile/systemDictionary.cpp, line 255]
Event: 7711.055 Thread 0x00007fb804fde200 Exception <a 'java/lang/ClassNotFoundException'{0x0000000704e0f368}: com/cacaotalk/user/entity/CommentCustomizer> (0x0000000704e0f368) 
thrown [open/src/hotspot/share/classfile/systemDictionary.cpp, line 255]
Event: 7711.174 Thread 0x00007fb804fde200 Exception <a 'java/io/FileNotFoundException'{0x0000000704dfdc48}> (0x0000000704dfdc48) 
thrown [open/src/hotspot/share/prims/jni.cpp, line 516]
Event: 7711.199 Thread 0x00007fb804fde200 Exception <a 'java/lang/ClassNotFoundException'{0x0000000704ba0488}: java/lang/ObjectCustomizer> (0x0000000704ba0488) 
thrown [open/src/hotspot/share/classfile/systemDictionary.cpp, line 255]
Event: 7711.200 Thread 0x00007fb804fde200 Exception <a 'java/lang/ClassNotFoundException'{0x0000000704ba74d8}: com/cacaotalk/user/entity/IdBaseEntityCustomizer> (0x0000000704ba74d8) 
thrown [open/src/hotspot/share/classfile/systemDictionary.cpp, line 255]
Event: 7711.201 Thread 0x00007fb804fde200 Exception <a 'java/lang/ClassNotFoundException'{0x0000000704bac990}: com/cacaotalk/user/entity/MessageCustomizer> (0x0000000704bac990) 
thrown [open/src/hotspot/share/classfile/systemDictionary.cpp, line 255]

VM Operations (20 events):
Event: 7725.927 Executing VM operation: get/set locals
Event: 7725.927 Executing VM operation: get/set locals done
Event: 7725.928 Executing VM operation: get/set locals
Event: 7725.928 Executing VM operation: get/set locals done
Event: 7725.928 Executing VM operation: get/set locals
Event: 7725.928 Executing VM operation: get/set locals done
Event: 7725.928 Executing VM operation: get/set locals
Event: 7725.928 Executing VM operation: get/set locals done
Event: 7725.929 Executing VM operation: get/set locals
Event: 7725.929 Executing VM operation: get/set locals done
Event: 7725.929 Executing VM operation: get/set locals
Event: 7725.929 Executing VM operation: get/set locals done
Event: 7725.929 Executing VM operation: get/set locals
Event: 7725.929 Executing VM operation: get/set locals done
Event: 7725.930 Executing VM operation: get/set locals
Event: 7725.930 Executing VM operation: get/set locals done
Event: 7725.930 Executing VM operation: get/set locals
Event: 7725.930 Executing VM operation: get/set locals done
Event: 7725.930 Executing VM operation: get/set locals
Event: 7725.930 Executing VM operation: get/set locals done

Events (20 events):
Event: 7709.927 Protecting memory [0x000000030b55c000,0x000000030b560000] with protection modes 3
Event: 7709.927 Thread 0x00007fb804fde200 Thread exited: 0x00007fb804fde200
Event: 7709.929 Thread 0x00007fb804fde200 Thread added: 0x00007fb804fde200
Event: 7709.929 Protecting memory [0x000000030b55c000,0x000000030b560000] with protection modes 0
Event: 7710.187 Thread 0x00007fb804204200 Thread added: 0x00007fb804204200
Event: 7710.187 Protecting memory [0x000000030b65f000,0x000000030b663000] with protection modes 0
Event: 7710.240 Protecting memory [0x000000030b65f000,0x000000030b663000] with protection modes 3
Event: 7710.240 Thread 0x00007fb804204200 Thread exited: 0x00007fb804204200
Event: 7710.740 Thread 0x00007fb7f1ffba00 Thread added: 0x00007fb7f1ffba00
Event: 7710.740 Protecting memory [0x000000030b65f000,0x000000030b663000] with protection modes 0
Event: 7710.847 Thread 0x00007fb804fdd800 Thread added: 0x00007fb804fdd800
Event: 7710.847 Protecting memory [0x000000030b762000,0x000000030b766000] with protection modes 0
Event: 7711.176 Thread 0x00007fb851fe6a00 Thread added: 0x00007fb851fe6a00
Event: 7711.176 Protecting memory [0x000000030b865000,0x000000030b869000] with protection modes 0
Event: 7711.176 Thread 0x00007fb851e3d200 Thread added: 0x00007fb851e3d200
Event: 7711.176 Protecting memory [0x000000030b968000,0x000000030b96c000] with protection modes 0
Event: 7711.176 Thread 0x00007fb851e72a00 Thread added: 0x00007fb851e72a00
Event: 7711.176 Protecting memory [0x000000030bb6e000,0x000000030bb72000] with protection modes 0
Event: 7715.870 Protecting memory [0x000000030b762000,0x000000030b766000] with protection modes 3
Event: 7715.870 Thread 0x00007fb804fdd800 Thread exited: 0x00007fb804fdd800


Dynamic libraries:
0x000000010ae6e000 	/Library/Java/JavaVirtualMachines/jdk-18.0.2.1.jdk/Contents/Home/lib/libjli.dylib
0x00007ff821199000 	/usr/lib/libz.1.dylib
0x00007ff821283000 	/usr/lib/libSystem.B.dylib
0x00007ff82127e000 	/usr/lib/system/libcache.dylib
0x00007ff821239000 	/usr/lib/system/libcommonCrypto.dylib
0x00007ff821262000 	/usr/lib/system/libcompiler_rt.dylib
0x00007ff821258000 	/usr/lib/system/libcopyfile.dylib
0x00007ff814f37000 	/usr/lib/system/libcorecrypto.dylib
0x00007ff814ff9000 	/usr/lib/system/libdispatch.dylib
0x00007ff815181000 	/usr/lib/system/libdyld.dylib
0x00007ff821274000 	/usr/lib/system/libkeymgr.dylib
0x00007ff821218000 	/usr/lib/system/libmacho.dylib
0x00007ff820806000 	/usr/lib/system/libquarantine.dylib
0x00007ff821272000 	/usr/lib/system/libremovefile.dylib
0x00007ff819d47000 	/usr/lib/system/libsystem_asl.dylib
0x00007ff814ed9000 	/usr/lib/system/libsystem_blocks.dylib
0x00007ff815043000 	/usr/lib/system/libsystem_c.dylib
0x00007ff82126a000 	/usr/lib/system/libsystem_collections.dylib
0x00007ff81fb08000 	/usr/lib/system/libsystem_configuration.dylib
0x00007ff81eb93000 	/usr/lib/system/libsystem_containermanager.dylib
0x00007ff820ee3000 	/usr/lib/system/libsystem_coreservices.dylib
0x00007ff817dd3000 	/usr/lib/system/libsystem_darwin.dylib
0x00007ff821275000 	/usr/lib/system/libsystem_dnssd.dylib
0x00007ff815040000 	/usr/lib/system/libsystem_featureflags.dylib
0x00007ff8151ac000 	/usr/lib/system/libsystem_info.dylib
0x00007ff8211ac000 	/usr/lib/system/libsystem_m.dylib
0x00007ff814fcc000 	/usr/lib/system/libsystem_malloc.dylib
0x00007ff819cd6000 	/usr/lib/system/libsystem_networkextension.dylib
0x00007ff818214000 	/usr/lib/system/libsystem_notify.dylib
0x00007ff81fb0c000 	/usr/lib/system/libsystem_sandbox.dylib
0x00007ff82126f000 	/usr/lib/system/libsystem_secinit.dylib
0x00007ff81513b000 	/usr/lib/system/libsystem_kernel.dylib
0x00007ff8151a2000 	/usr/lib/system/libsystem_platform.dylib
0x00007ff815175000 	/usr/lib/system/libsystem_pthread.dylib
0x00007ff81b790000 	/usr/lib/system/libsystem_symptoms.dylib
0x00007ff814f1d000 	/usr/lib/system/libsystem_trace.dylib
0x00007ff821245000 	/usr/lib/system/libunwind.dylib
0x00007ff814edd000 	/usr/lib/system/libxpc.dylib
0x00007ff815125000 	/usr/lib/libc++abi.dylib
0x00007ff814e08000 	/usr/lib/libobjc.A.dylib
0x00007ff821250000 	/usr/lib/liboah.dylib
0x00007ff8150cc000 	/usr/lib/libc++.1.dylib
0x00007ff82d682000 	/System/Library/Frameworks/Cocoa.framework/Versions/A/Cocoa
0x00007ff818273000 	/System/Library/Frameworks/AppKit.framework/Versions/C/AppKit
0x00007ff81af21000 	/System/Library/Frameworks/CoreData.framework/Versions/A/CoreData
0x00007ff815f88000 	/System/Library/Frameworks/Foundation.framework/Versions/C/Foundation
0x00007ff819278000 	/System/Library/PrivateFrameworks/UIFoundation.framework/Versions/A/UIFoundation
0x00007ffa341c5000 	/System/Library/PrivateFrameworks/CollectionViewCore.framework/Versions/A/CollectionViewCore
0x00007ff827696000 	/System/Library/PrivateFrameworks/RemoteViewServices.framework/Versions/A/RemoteViewServices
0x00007ff81f358000 	/System/Library/PrivateFrameworks/XCTTargetBootstrap.framework/Versions/A/XCTTargetBootstrap
0x00007ff8231b0000 	/System/Library/PrivateFrameworks/InternationalSupport.framework/Versions/A/InternationalSupport
0x00007ff823239000 	/System/Library/PrivateFrameworks/UserActivity.framework/Versions/A/UserActivity
0x00007ffb29fba000 	/System/Library/PrivateFrameworks/WindowManagement.framework/Versions/A/WindowManagement
0x00007ff815c74000 	/System/Library/Frameworks/SystemConfiguration.framework/Versions/A/SystemConfiguration
0x00007ff8225ae000 	/usr/lib/libspindump.dylib
0x00007ff819445000 	/System/Library/Frameworks/UniformTypeIdentifiers.framework/Versions/A/UniformTypeIdentifiers
0x00007ff81d84f000 	/usr/lib/libapp_launch_measurement.dylib
0x00007ff81c4c7000 	/System/Library/PrivateFrameworks/CoreAnalytics.framework/Versions/A/CoreAnalytics
0x00007ff81d852000 	/System/Library/PrivateFrameworks/CoreAutoLayout.framework/Versions/A/CoreAutoLayout
0x00007ff81ebdf000 	/System/Library/Frameworks/Metal.framework/Versions/A/Metal
0x00007ff81fb17000 	/usr/lib/liblangid.dylib
0x00007ff81f35d000 	/System/Library/PrivateFrameworks/CoreSVG.framework/Versions/A/CoreSVG
0x00007ff819d79000 	/System/Library/PrivateFrameworks/SkyLight.framework/Versions/A/SkyLight
0x00007ff81a162000 	/System/Library/Frameworks/CoreGraphics.framework/Versions/A/CoreGraphics
0x00007ff827d70000 	/System/Library/Frameworks/Accelerate.framework/Versions/A/Accelerate
0x00007ff822023000 	/System/Library/PrivateFrameworks/IconServices.framework/Versions/A/IconServices
0x00007ff81ebc2000 	/System/Library/Frameworks/IOSurface.framework/Versions/A/IOSurface
0x00007ff81c4f0000 	/usr/lib/libDiagnosticMessagesClient.dylib
0x00007ff82b2af000 	/System/Library/Frameworks/ApplicationServices.framework/Versions/A/ApplicationServices
0x00007ff81f344000 	/System/Library/PrivateFrameworks/DFRFoundation.framework/Versions/A/DFRFoundation
0x00007ff817b3f000 	/usr/lib/libicucore.A.dylib
0x00007ff824050000 	/System/Library/Frameworks/AudioToolbox.framework/Versions/A/AudioToolbox
0x00007ff8231bb000 	/System/Library/PrivateFrameworks/DataDetectorsCore.framework/Versions/A/DataDetectorsCore
0x00007ff91c9ae000 	/System/Library/PrivateFrameworks/TextInput.framework/Versions/A/TextInput
0x00007ff819cee000 	/usr/lib/libMobileGestalt.dylib
0x00007ff81f04c000 	/System/Library/Frameworks/Carbon.framework/Versions/A/Frameworks/HIToolbox.framework/Versions/A/HIToolbox
0x00007ff81d1f3000 	/System/Library/Frameworks/QuartzCore.framework/Versions/A/QuartzCore
0x00007ff8177bf000 	/System/Library/Frameworks/Security.framework/Versions/A/Security
0x00007ff8276ce000 	/System/Library/Frameworks/Carbon.framework/Versions/A/Frameworks/SpeechRecognition.framework/Versions/A/SpeechRecognition
0x00007ff81d58f000 	/System/Library/PrivateFrameworks/CoreUI.framework/Versions/A/CoreUI
0x00007ff8170c4000 	/System/Library/Frameworks/CoreAudio.framework/Versions/A/CoreAudio
0x00007ff81c5ca000 	/System/Library/Frameworks/DiskArbitration.framework/Versions/A/DiskArbitration
0x00007ff8229cb000 	/System/Library/PrivateFrameworks/MultitouchSupport.framework/Versions/A/MultitouchSupport
0x00007ff819ced000 	/usr/lib/libenergytrace.dylib
0x00007ff818155000 	/System/Library/Frameworks/IOKit.framework/Versions/A/IOKit
0x00007ff827ac7000 	/System/Library/Frameworks/CoreServices.framework/Versions/A/CoreServices
0x00007ff81d7e7000 	/System/Library/PrivateFrameworks/PerformanceAnalysis.framework/Versions/A/PerformanceAnalysis
0x00007ffa2a1bb000 	/System/Library/Frameworks/OpenGL.framework/Versions/A/OpenGL
0x00007ff81d89a000 	/usr/lib/libxml2.2.dylib
0x00007ff82071a000 	/System/Library/PrivateFrameworks/MobileKeyBag.framework/Versions/A/MobileKeyBag
0x00007ff81a983000 	/System/Library/Frameworks/ColorSync.framework/Versions/A/ColorSync
0x00007ff8151d7000 	/System/Library/Frameworks/CoreFoundation.framework/Versions/A/CoreFoundation
0x00007ff81f6f9000 	/System/Library/Frameworks/CoreImage.framework/Versions/A/CoreImage
0x00007ff816ed5000 	/System/Library/Frameworks/CoreText.framework/Versions/A/CoreText
0x00007ff81f398000 	/System/Library/Frameworks/ImageIO.framework/Versions/A/ImageIO
0x00007ff821289000 	/System/Library/PrivateFrameworks/SoftLinking.framework/Versions/A/SoftLinking
0x00007ff821508000 	/usr/lib/libcompression.dylib
0x00007ff8230e2000 	/System/Library/PrivateFrameworks/TextureIO.framework/Versions/A/TextureIO
0x00007ff821c52000 	/usr/lib/libate.dylib
0x00007ff8219e3000 	/usr/lib/liblzma.5.dylib
0x00007ff821285000 	/usr/lib/libfakelink.dylib
0x00007ff819931000 	/System/Library/Frameworks/CFNetwork.framework/Versions/A/CFNetwork
0x00007ff8213c2000 	/usr/lib/libarchive.2.dylib
0x00007ff82597f000 	/System/Library/Frameworks/Combine.framework/Versions/A/Combine
0x00007ff823ac8000 	/usr/lib/swift/libswiftCore.dylib
0x00007ff919a28000 	/usr/lib/swift/libswiftCoreFoundation.dylib
0x00007ff917a2a000 	/usr/lib/swift/libswiftDarwin.dylib
0x00007ff8292ea000 	/usr/lib/swift/libswiftDispatch.dylib
0x00007ff919a44000 	/usr/lib/swift/libswiftIOKit.dylib
0x00007ff82b6d8000 	/usr/lib/swift/libswiftObjectiveC.dylib
0x00007ff919a39000 	/usr/lib/swift/libswiftXPC.dylib
0x00007ffb30836000 	/usr/lib/swift/libswift_Concurrency.dylib
0x00007ffb30975000 	/usr/lib/swift/libswift_StringProcessing.dylib
0x00007ff82b6dc000 	/usr/lib/swift/libswiftos.dylib
0x00007ff8180da000 	/System/Library/PrivateFrameworks/CoreServicesInternal.framework/Versions/A/CoreServicesInternal
0x00007ff82082d000 	/usr/lib/libbsm.0.dylib
0x00007ff82121d000 	/usr/lib/system/libkxld.dylib
0x00007ff81d81b000 	/System/Library/Frameworks/CoreServices.framework/Versions/A/Frameworks/FSEvents.framework/Versions/A/FSEvents
0x00007ff817dde000 	/System/Library/Frameworks/CoreServices.framework/Versions/A/Frameworks/CarbonCore.framework/Versions/A/CarbonCore
0x00007ff81c533000 	/System/Library/Frameworks/CoreServices.framework/Versions/A/Frameworks/Metadata.framework/Versions/A/Metadata
0x00007ff820ee9000 	/System/Library/Frameworks/CoreServices.framework/Versions/A/Frameworks/OSServices.framework/Versions/A/OSServices
0x00007ff82144a000 	/System/Library/Frameworks/CoreServices.framework/Versions/A/Frameworks/SearchKit.framework/Versions/A/SearchKit
0x00007ff81b717000 	/System/Library/Frameworks/CoreServices.framework/Versions/A/Frameworks/AE.framework/Versions/A/AE
0x00007ff81566f000 	/System/Library/Frameworks/CoreServices.framework/Versions/A/Frameworks/LaunchServices.framework/Versions/A/LaunchServices
0x00007ff821994000 	/System/Library/Frameworks/CoreServices.framework/Versions/A/Frameworks/DictionaryServices.framework/Versions/A/DictionaryServices
0x00007ff81d828000 	/System/Library/Frameworks/CoreServices.framework/Versions/A/Frameworks/SharedFileList.framework/Versions/A/SharedFileList
0x00007ff8214d6000 	/usr/lib/libapple_nghttp2.dylib
0x00007ff81992d000 	/usr/lib/libnetwork.dylib
0x00007ff81b397000 	/usr/lib/libsqlite3.dylib
0x00007ff81b798000 	/System/Library/Frameworks/Network.framework/Versions/A/Network
0x00007ffb2f862000 	/usr/lib/libCoreEntitlements.dylib
0x00007ffb1d5b7000 	/System/Library/PrivateFrameworks/MessageSecurity.framework/Versions/A/MessageSecurity
0x00007ff81b37e000 	/System/Library/PrivateFrameworks/ProtocolBuffer.framework/Versions/A/ProtocolBuffer
0x00007ff820ec3000 	/System/Library/PrivateFrameworks/AppleFSCompression.framework/Versions/A/AppleFSCompression
0x00007ff820815000 	/usr/lib/libcoretls.dylib
0x00007ff8219fd000 	/usr/lib/libcoretls_cfhelpers.dylib
0x00007ff821503000 	/usr/lib/libpam.2.dylib
0x00007ff821a6a000 	/usr/lib/libxar.1.dylib
0x00007ff821fff000 	/usr/lib/libheimdal-asn1.dylib
0x00007ff82128a000 	/usr/lib/libpcap.A.dylib
0x00007ff81b787000 	/usr/lib/libdns_services.dylib
0x00007ff81fb13000 	/System/Library/PrivateFrameworks/AppleSystemInfo.framework/Versions/A/AppleSystemInfo
0x00007ff820524000 	/System/Library/PrivateFrameworks/IOMobileFramebuffer.framework/Versions/A/IOMobileFramebuffer
0x00007ff820ed3000 	/usr/lib/libbz2.1.0.dylib
0x00007ff820809000 	/usr/lib/libCheckFix.dylib
0x00007ff819d5e000 	/System/Library/PrivateFrameworks/TCC.framework/Versions/A/TCC
0x00007ff81fb19000 	/System/Library/PrivateFrameworks/CoreNLP.framework/Versions/A/CoreNLP
0x00007ff81c4f2000 	/System/Library/PrivateFrameworks/MetadataUtilities.framework/Versions/A/MetadataUtilities
0x00007ff82083d000 	/usr/lib/libmecab.dylib
0x00007ff815cf3000 	/usr/lib/libCRFSuite.dylib
0x00007ff820897000 	/usr/lib/libgermantok.dylib
0x00007ff8214b1000 	/usr/lib/libThaiTokenizer.dylib
0x00007ff81c5d2000 	/System/Library/Frameworks/Accelerate.framework/Versions/A/Frameworks/vImage.framework/Versions/A/vImage
0x00007ff827a9a000 	/System/Library/Frameworks/Accelerate.framework/Versions/A/Frameworks/vecLib.framework/Versions/A/vecLib
0x00007ff821aac000 	/System/Library/Frameworks/Accelerate.framework/Versions/A/Frameworks/vecLib.framework/Versions/A/libvMisc.dylib
0x00007ff82031f000 	/System/Library/Frameworks/Accelerate.framework/Versions/A/Frameworks/vecLib.framework/Versions/A/libvDSP.dylib
0x00007ff815a29000 	/System/Library/Frameworks/Accelerate.framework/Versions/A/Frameworks/vecLib.framework/Versions/A/libBLAS.dylib
0x00007ff8215e7000 	/System/Library/Frameworks/Accelerate.framework/Versions/A/Frameworks/vecLib.framework/Versions/A/libLAPACK.dylib
0x00007ff82089a000 	/System/Library/Frameworks/Accelerate.framework/Versions/A/Frameworks/vecLib.framework/Versions/A/libLinearAlgebra.dylib
0x00007ff8214ee000 	/System/Library/Frameworks/Accelerate.framework/Versions/A/Frameworks/vecLib.framework/Versions/A/libSparseBLAS.dylib
0x00007ff8215e1000 	/System/Library/Frameworks/Accelerate.framework/Versions/A/Frameworks/vecLib.framework/Versions/A/libQuadrature.dylib
0x00007ff81fc06000 	/System/Library/Frameworks/Accelerate.framework/Versions/A/Frameworks/vecLib.framework/Versions/A/libBNNS.dylib
0x00007ff815bfd000 	/System/Library/Frameworks/Accelerate.framework/Versions/A/Frameworks/vecLib.framework/Versions/A/libSparse.dylib
0x00007ffb1c8f4000 	/System/Library/PrivateFrameworks/MIL.framework/Versions/A/MIL
0x00007ff8212bf000 	/usr/lib/libiconv.2.dylib
0x00007ff821217000 	/usr/lib/libcharset.1.dylib
0x00007ff81d7ff000 	/System/Library/Frameworks/OpenDirectory.framework/Versions/A/Frameworks/CFOpenDirectory.framework/Versions/A/CFOpenDirectory
0x00007ff81d7f3000 	/System/Library/Frameworks/OpenDirectory.framework/Versions/A/OpenDirectory
0x00007ff8219ff000 	/System/Library/PrivateFrameworks/APFS.framework/Versions/A/APFS
0x00007ff82074d000 	/System/Library/Frameworks/SecurityFoundation.framework/Versions/A/SecurityFoundation
0x00007ff821a78000 	/usr/lib/libutil.dylib
0x00007ffb1bafa000 	/System/Library/PrivateFrameworks/InstalledContentLibrary.framework/Versions/A/InstalledContentLibrary
0x00007ff818119000 	/System/Library/PrivateFrameworks/CoreServicesStore.framework/Versions/A/CoreServicesStore
0x00007ffa32d32000 	/System/Library/PrivateFrameworks/AppleMobileFileIntegrity.framework/Versions/A/AppleMobileFileIntegrity
0x00007ff919a08000 	/usr/lib/libmis.dylib
0x00007ff927ed2000 	/System/Library/PrivateFrameworks/MobileSystemServices.framework/Versions/A/MobileSystemServices
0x00007ffa21c6d000 	/System/Library/PrivateFrameworks/ConfigProfileHelper.framework/Versions/A/ConfigProfileHelper
0x00007ff8214b3000 	/System/Library/PrivateFrameworks/AppleSauce.framework/Versions/A/AppleSauce
0x00007ff81699a000 	/System/Library/PrivateFrameworks/LanguageModeling.framework/Versions/A/LanguageModeling
0x00007ff821a7c000 	/usr/lib/libxslt.1.dylib
0x00007ff8213b1000 	/usr/lib/libcmph.dylib
0x00007ff820512000 	/System/Library/PrivateFrameworks/CoreEmoji.framework/Versions/A/CoreEmoji
0x00007ff81fc00000 	/System/Library/PrivateFrameworks/LinguisticData.framework/Versions/A/LinguisticData
0x00007ff815bb3000 	/System/Library/PrivateFrameworks/Lexicon.framework/Versions/A/Lexicon
0x00007ff8207db000 	/System/Library/PrivateFrameworks/BackgroundTaskManagement.framework/Versions/A/BackgroundTaskManagement
0x00007ffb2f998000 	/usr/lib/libTLE.dylib
0x00007ffb308ba000 	/usr/lib/swift/libswift_RegexParser.dylib
0x00007ff822895000 	/System/Library/PrivateFrameworks/AppleJPEG.framework/Versions/A/AppleJPEG
0x00007ff821fe4000 	/usr/lib/libexpat.1.dylib
0x00007ff822f3f000 	/System/Library/Frameworks/ImageIO.framework/Versions/A/Resources/libPng.dylib
0x00007ff822f6c000 	/System/Library/Frameworks/ImageIO.framework/Versions/A/Resources/libTIFF.dylib
0x00007ff82305c000 	/System/Library/Frameworks/ImageIO.framework/Versions/A/Resources/libGIF.dylib
0x00007ff8228e0000 	/System/Library/Frameworks/ImageIO.framework/Versions/A/Resources/libJP2.dylib
0x00007ff822ffc000 	/System/Library/Frameworks/ImageIO.framework/Versions/A/Resources/libJPEG.dylib
0x00007ff822ff3000 	/System/Library/Frameworks/ImageIO.framework/Versions/A/Resources/libRadiance.dylib
0x00007ff81eee2000 	/System/Library/PrivateFrameworks/FontServices.framework/libFontParser.dylib
0x00007ff81b6bd000 	/System/Library/PrivateFrameworks/RunningBoardServices.framework/Versions/A/RunningBoardServices
0x00007ff82dcb8000 	/System/Library/PrivateFrameworks/IOSurfaceAccelerator.framework/Versions/A/IOSurfaceAccelerator
0x00007ff8229c7000 	/System/Library/PrivateFrameworks/WatchdogClient.framework/Versions/A/WatchdogClient
0x00007ff816afc000 	/System/Library/Frameworks/CoreDisplay.framework/Versions/A/CoreDisplay
0x00007ff81edd2000 	/System/Library/Frameworks/CoreMedia.framework/Versions/A/CoreMedia
0x00007ff81ebd6000 	/System/Library/PrivateFrameworks/IOAccelerator.framework/Versions/A/IOAccelerator
0x00007ff81d979000 	/System/Library/Frameworks/CoreVideo.framework/Versions/A/CoreVideo
0x00007ff821501000 	/System/Library/Frameworks/MetalPerformanceShaders.framework/Versions/A/MetalPerformanceShaders
0x00007ff822a04000 	/System/Library/Frameworks/VideoToolbox.framework/Versions/A/VideoToolbox
0x00007ff81b602000 	/System/Library/PrivateFrameworks/BaseBoard.framework/Versions/A/BaseBoard
0x00007ff822fec000 	/System/Library/PrivateFrameworks/GPUWrangler.framework/Versions/A/GPUWrangler
0x00007ff822fd0000 	/System/Library/PrivateFrameworks/IOPresentment.framework/Versions/A/IOPresentment
0x00007ff822ff6000 	/System/Library/PrivateFrameworks/DSExternalDisplay.framework/Versions/A/DSExternalDisplay
0x00007ffb18213000 	/System/Library/PrivateFrameworks/GPUCompiler.framework/Versions/31001/Libraries/libllvm-flatbuffers.dylib
0x00007ffa2a1af000 	/System/Library/Frameworks/OpenGL.framework/Versions/A/Libraries/libCoreFSCache.dylib
0x00007ffb1820f000 	/System/Library/PrivateFrameworks/GPUCompiler.framework/Versions/31001/Libraries/libGPUCompilerUtils.dylib
0x00007ff823062000 	/System/Library/PrivateFrameworks/CMCaptureCore.framework/Versions/A/CMCaptureCore
0x00007ffa2d39b000 	/System/Library/Frameworks/ExtensionFoundation.framework/Versions/A/ExtensionFoundation
0x00007ff829a63000 	/System/Library/PrivateFrameworks/CoreTime.framework/Versions/A/CoreTime
0x00007ff822598000 	/System/Library/PrivateFrameworks/AppServerSupport.framework/Versions/A/AppServerSupport
0x00007ff824915000 	/System/Library/PrivateFrameworks/perfdata.framework/Versions/A/perfdata
0x00007ff816c28000 	/System/Library/PrivateFrameworks/AudioToolboxCore.framework/Versions/A/AudioToolboxCore
0x00007ff81edac000 	/System/Library/PrivateFrameworks/caulk.framework/Versions/A/caulk
0x00007ff8241e7000 	/usr/lib/libAudioStatistics.dylib
0x00007ff918ead000 	/System/Library/PrivateFrameworks/SystemPolicy.framework/Versions/A/SystemPolicy
0x00007ff824480000 	/usr/lib/libSMC.dylib
0x00007ff82d527000 	/System/Library/Frameworks/CoreMIDI.framework/Versions/A/CoreMIDI
0x00007ff822f0d000 	/usr/lib/libAudioToolboxUtility.dylib
0x00007ff8329ee000 	/System/Library/PrivateFrameworks/OSAServicesClient.framework/Versions/A/OSAServicesClient
0x00007ff824922000 	/usr/lib/libperfcheck.dylib
0x00007ff821ec8000 	/System/Library/PrivateFrameworks/PlugInKit.framework/Versions/A/PlugInKit
0x00007ff820740000 	/System/Library/PrivateFrameworks/AssertionServices.framework/Versions/A/AssertionServices
0x00007ffa2a20a000 	/System/Library/Frameworks/OpenGL.framework/Versions/A/Libraries/libGLU.dylib
0x00007ffa2a1ce000 	/System/Library/Frameworks/OpenGL.framework/Versions/A/Libraries/libGFXShared.dylib
0x00007ffa2a3d7000 	/System/Library/Frameworks/OpenGL.framework/Versions/A/Libraries/libGL.dylib
0x00007ffa2a1d7000 	/System/Library/Frameworks/OpenGL.framework/Versions/A/Libraries/libGLImage.dylib
0x00007ffa2a1cb000 	/System/Library/Frameworks/OpenGL.framework/Versions/A/Libraries/libCVMSPluginSupport.dylib
0x00007ffb2f977000 	/usr/lib/libRosetta.dylib
0x00007ffa2a1b6000 	/System/Library/Frameworks/OpenGL.framework/Versions/A/Libraries/libCoreVMClient.dylib
0x00007ff81fa91000 	/System/Library/Frameworks/MetalPerformanceShaders.framework/Versions/A/Frameworks/MPSCore.framework/Versions/A/MPSCore
0x00007ff820e2d000 	/System/Library/Frameworks/MetalPerformanceShaders.framework/Versions/A/Frameworks/MPSImage.framework/Versions/A/MPSImage
0x00007ff8208b0000 	/System/Library/Frameworks/MetalPerformanceShaders.framework/Versions/A/Frameworks/MPSNeuralNetwork.framework/Versions/A/MPSNeuralNetwork
0x00007ff820d23000 	/System/Library/Frameworks/MetalPerformanceShaders.framework/Versions/A/Frameworks/MPSMatrix.framework/Versions/A/MPSMatrix
0x00007ff820ade000 	/System/Library/Frameworks/MetalPerformanceShaders.framework/Versions/A/Frameworks/MPSRayIntersector.framework/Versions/A/MPSRayIntersector
0x00007ff820d5e000 	/System/Library/Frameworks/MetalPerformanceShaders.framework/Versions/A/Frameworks/MPSNDArray.framework/Versions/A/MPSNDArray
0x00007ffa2e6ec000 	/System/Library/Frameworks/MetalPerformanceShaders.framework/Versions/A/Frameworks/MPSFunctions.framework/Versions/A/MPSFunctions
0x00007ff8158ea000 	/System/Library/PrivateFrameworks/MetalTools.framework/Versions/A/MetalTools
0x00007ff81fb12000 	/System/Library/PrivateFrameworks/AggregateDictionary.framework/Versions/A/AggregateDictionary
0x00007ff821d82000 	/usr/lib/libIOReport.dylib
0x00007ffa2ae9e000 	/System/Library/Frameworks/OpenCL.framework/Versions/A/OpenCL
0x00007ff82212a000 	/System/Library/PrivateFrameworks/GraphVisualizer.framework/Versions/A/GraphVisualizer
0x00007ffb18114000 	/System/Library/PrivateFrameworks/FontServices.framework/Versions/A/FontServices
0x00007ff822553000 	/System/Library/PrivateFrameworks/OTSVG.framework/Versions/A/OTSVG
0x00007ff81d543000 	/System/Library/Frameworks/ApplicationServices.framework/Versions/A/Frameworks/ATS.framework/Versions/A/Resources/libFontRegistry.dylib
0x00007ff8225a2000 	/System/Library/PrivateFrameworks/FontServices.framework/libhvf.dylib
0x00007ffb18115000 	/System/Library/PrivateFrameworks/FontServices.framework/libXTFontStaticRegistryData.dylib
0x00007ffb28f96000 	/System/Library/PrivateFrameworks/VideoToolboxParavirtualizationSupport.framework/Versions/A/VideoToolboxParavirtualizationSupport
0x00007ff821f94000 	/System/Library/PrivateFrameworks/AppleVA.framework/Versions/A/AppleVA
0x00007ff824223000 	/System/Library/Frameworks/ApplicationServices.framework/Versions/A/Frameworks/ATS.framework/Versions/A/ATS
0x00007ff81aa73000 	/System/Library/Frameworks/ApplicationServices.framework/Versions/A/Frameworks/HIServices.framework/Versions/A/HIServices
0x00007ff82306e000 	/System/Library/Frameworks/ApplicationServices.framework/Versions/A/Frameworks/PrintCore.framework/Versions/A/PrintCore
0x00007ff8245d5000 	/System/Library/Frameworks/ApplicationServices.framework/Versions/A/Frameworks/QD.framework/Versions/A/QD
0x00007ff8245cd000 	/System/Library/Frameworks/ApplicationServices.framework/Versions/A/Frameworks/ColorSyncLegacy.framework/Versions/A/ColorSyncLegacy
0x00007ff8241fb000 	/System/Library/Frameworks/ApplicationServices.framework/Versions/A/Frameworks/SpeechSynthesis.framework/Versions/A/SpeechSynthesis
0x00007ff82302c000 	/System/Library/Frameworks/ApplicationServices.framework/Versions/A/Frameworks/ATSUI.framework/Versions/A/ATSUI
0x00007ff824560000 	/usr/lib/libcups.2.dylib
0x00007ff824931000 	/System/Library/Frameworks/Kerberos.framework/Versions/A/Kerberos
0x00007ff824940000 	/System/Library/Frameworks/GSS.framework/Versions/A/GSS
0x00007ff824291000 	/usr/lib/libresolv.9.dylib
0x00007ff8225b3000 	/System/Library/PrivateFrameworks/Heimdal.framework/Versions/A/Heimdal
0x00007ff82b65c000 	/System/Library/Frameworks/Kerberos.framework/Versions/A/Libraries/libHeimdalProxy.dylib
0x00007ff82498b000 	/System/Library/PrivateFrameworks/CommonAuth.framework/Versions/A/CommonAuth
0x00007ffa2c67b000 	/System/Library/Frameworks/AVFAudio.framework/Versions/A/AVFAudio
0x00007ff832a37000 	/System/Library/PrivateFrameworks/AXCoreUtilities.framework/Versions/A/AXCoreUtilities
0x00007ff824177000 	/System/Library/PrivateFrameworks/AudioSession.framework/Versions/A/AudioSession
0x00007ff825758000 	/System/Library/Frameworks/IOBluetooth.framework/Versions/A/IOBluetooth
0x00007ff82209a000 	/System/Library/PrivateFrameworks/MediaExperience.framework/Versions/A/MediaExperience
0x00007ff82401f000 	/System/Library/PrivateFrameworks/AudioSession.framework/libSessionUtility.dylib
0x00007ff8245e1000 	/System/Library/PrivateFrameworks/AudioResourceArbitration.framework/Versions/A/AudioResourceArbitration
0x00007ff8286a7000 	/System/Library/PrivateFrameworks/PowerLog.framework/Versions/A/PowerLog
0x00007ff8285e9000 	/System/Library/Frameworks/CoreBluetooth.framework/Versions/A/CoreBluetooth
0x00007ff82b65d000 	/System/Library/Frameworks/AudioUnit.framework/Versions/A/AudioUnit
0x00007ff8205ab000 	/System/Library/PrivateFrameworks/CoreUtils.framework/Versions/A/CoreUtils
0x00007ffb16ce9000 	/System/Library/PrivateFrameworks/CoreUtilsExtras.framework/Versions/A/CoreUtilsExtras
0x00007ffb1b991000 	/System/Library/PrivateFrameworks/IO80211.framework/Versions/A/IO80211
0x00007ff822008000 	/System/Library/PrivateFrameworks/IconFoundation.framework/Versions/A/IconFoundation
0x00007ff8276be000 	/System/Library/PrivateFrameworks/SpeechRecognitionCore.framework/Versions/A/SpeechRecognitionCore
0x000000010dbfc000 	/Library/Java/JavaVirtualMachines/jdk-18.0.2.1.jdk/Contents/Home/lib/server/libjvm.dylib
0x000000010cbcb000 	/Library/Java/JavaVirtualMachines/jdk-18.0.2.1.jdk/Contents/Home/lib/libjimage.dylib
0x000000010cc2e000 	/Library/Java/JavaVirtualMachines/jdk-18.0.2.1.jdk/Contents/Home/lib/libjdwp.dylib
0x000000010ccda000 	/Library/Java/JavaVirtualMachines/jdk-18.0.2.1.jdk/Contents/Home/lib/libjava.dylib
0x000000010cbea000 	/Library/Java/JavaVirtualMachines/jdk-18.0.2.1.jdk/Contents/Home/lib/libinstrument.dylib
0x000000010d980000 	/Library/Java/JavaVirtualMachines/jdk-18.0.2.1.jdk/Contents/Home/lib/libdt_socket.dylib
0x000000010d9b1000 	/Library/Java/JavaVirtualMachines/jdk-18.0.2.1.jdk/Contents/Home/lib/libzip.dylib
0x000000010d9ef000 	/Library/Java/JavaVirtualMachines/jdk-18.0.2.1.jdk/Contents/Home/lib/libnio.dylib
0x000000010da28000 	/Library/Java/JavaVirtualMachines/jdk-18.0.2.1.jdk/Contents/Home/lib/libnet.dylib
0x0000000131cbe000 	/Library/Java/JavaVirtualMachines/jdk-18.0.2.1.jdk/Contents/Home/lib/libverify.dylib
0x0000000131fba000 	/Library/Java/JavaVirtualMachines/jdk-18.0.2.1.jdk/Contents/Home/lib/libmanagement.dylib
0x0000000131fe3000 	/Library/Java/JavaVirtualMachines/jdk-18.0.2.1.jdk/Contents/Home/lib/libmanagement_ext.dylib
0x000000013724e000 	/Library/Java/JavaVirtualMachines/jdk-18.0.2.1.jdk/Contents/Home/lib/libextnet.dylib


VM Arguments:
jvm_args: -XX:+ShowCodeDetailsInExceptionMessages -agentlib:jdwp=transport=dt_socket,suspend=y,address=localhost:56383 -javaagent:/Users/tranhainam/eclipse/java-2022-06/Eclipse.app/Contents/Eclipse/configuration/org.eclipse.osgi/207/0/.cp/lib/javaagent-shaded.jar -Dfile.encoding=UTF-8 
java_command: com.cacaotalk.user.CacaoSocialMediaApplication
java_class_path (initial): /Users/tranhainam/Downloads/user/target/classes:/Users/tranhainam/.m2/repository/io/jsonwebtoken/jjwt/0.9.1/jjwt-0.9.1.jar:/Users/tranhainam/.m2/repository/com/fasterxml/jackson/core/jackson-databind/2.11.3/jackson-databind-2.11.3.jar:/Users/tranhainam/.m2/repository/com/fasterxml/jackson/core/jackson-annotations/2.11.3/jackson-annotations-2.11.3.jar:/Users/tranhainam/.m2/repository/org/springframework/boot/spring-boot-starter-security/2.4.1/spring-boot-starter-security-2.4.1.jar:/Users/tranhainam/.m2/repository/org/springframework/spring-aop/5.3.2/spring-aop-5.3.2.jar:/Users/tranhainam/.m2/repository/org/springframework/spring-beans/5.3.2/spring-beans-5.3.2.jar:/Users/tranhainam/.m2/repository/org/springframework/security/spring-security-config/5.4.2/spring-security-config-5.4.2.jar:/Users/tranhainam/.m2/repository/org/springframework/security/spring-security-core/5.4.2/spring-security-core-5.4.2.jar:/Users/tranhainam/.m2/repository/org/springframework/spring-context/5.3.2/spring-context-5.3.2.jar:/Users/tranhainam/.m2/repository/org/springframework/security/spring-security-web/5.4.2/spring-security-web-5.4.2.jar:/Users/tranhainam/.m2/repository/org/springframework/spring-expression/5.3.2/spring-expression-5.3.2.jar:/Users/tranhainam/.m2/repository/org/thymeleaf/extras/thymeleaf-extras-springsecurity5/3.0.4.RELEASE/thymeleaf-extras-springsecurity5-3.0.4.RELEASE.jar:/Users/tranhainam/.m2/repository/org/slf4j/slf4j-api/1.7.30/slf4j-api-1.7.30.jar:/Users/tranhainam/.m2/repository/org/springframework/boot/spring-boot-starter/2.4.1/spring-boot-starter-2.4.1.jar:/Users/tranhainam/.m2/repository/org/springframework/boot/spring-boot/2.4.1/spring-boot-2.4.1.jar:/Users/tranhainam/.m2/repository/org/springframework/boot/spring-boot-autoconfigure/2.4.1/spring-boot-autoconfigure-2.4.1.jar:/Users/tranhainam/.m2/repository/org/springframework/boot/spring-boot-starter-logging/2.4.1/spring-boot-starter-logging-2.4.1.jar:/Users/tranhainam/.m2/repository/ch/qos/logback/logback-classic/1.2.3/logback-classic-1.2.3.jar:/Users/tranhainam/.m2/repository/ch/qos/logback/logback-core/1.2.3/logback-core-1.2.3.jar:/Users/tranhainam/.m2/repository/org/apache/logging/log4j/log4j-to-slf4j/2.13.3/log4j-to-slf4j-2.13.3.jar:/Users/tranhainam/.m2/repository/org/apache/logging/log4j/log4j-api/2.13.3/log4j-api-2.13.3.jar:/Users/tranhainam/.m2/repository/org/slf4j/jul-to-slf4j/1.7.30/jul-to-slf4j-1.7.30.jar:/Users/tranhainam/.m2/repository/jakarta/annotation/jakarta.annotation-api/1.3.5/jakarta.annotation-api-1.3.5.jar:/Users/tranhainam/.m2/repository/org/springframework/spring-core/5.3.2/spring-core-5.3.2.jar:/Users/tranhainam/.m2/repository/org/springframework/spring-jcl/5.3.2/spring-jcl-5.3.2.jar:/Users/tranhainam/.m2/repository/org/yaml/snakeyaml/1.27/snakeyaml-1.27.jar:/Users/tranhainam/.m2/repository/org/springframework/boot/spring-boot-starter-web/2.4.1/spring-boot-starter-web-2.4.1.jar:/Users/tranhainam/.m2/repository/org/springframework/boot/spring-boot-starter-json/2.4.1/spring-boot-starter-json-2.4.1.jar:/Users/tranhainam/.m2/repository/com/fasterxml/jackson/datatype/jackson-datatype-jdk8/2.11.3/jackson-datatype-jdk8-2.11.3.jar:/Users/tranhainam/.m2/repository/com/fasterxml/jackson/datatype/jackson-datatype-jsr310/2.11.3/jackson-datatype-jsr310-2.11.3.jar:/Users/tranhainam/.m2/repository/com/fasterxml/jackson/module/jackson-module-parameter-names/2.11.3/jackson-module-parameter-names-2.11.3.jar:/Users/tranhainam/.m2/repository/org/springframework/boot/spring-boot-starter-tomcat/2.4.1/spring-boot-starter-tomcat-2.4.1.jar:/Users/tranhainam/.m2/repository/org/apache/tomcat/embed/tomcat-embed-core/9.0.41/tomcat-embed-core-9.0.41.jar:/Users/tranhainam/.m2/repository/org/glassfish/jakarta.el/3.0.3/jakarta.el-3.0.3.jar:/Users/tranhainam/.m2/repository/org/apache/tomcat/embed/tomcat-embed-websocket/9.0.41/tomcat-embed-websocket-9.0.41.jar:/Users/tranhainam/.m2/repository/org/springframework/spring-web/5.3.2/spring-web-5.3.2.jar:/Users/tranhainam/.m2/repository/org/springframework/spring-webmvc/5.3.2/spring-webmvc-5.3.2.jar:/Users/tranhainam/.m2/repository/jakarta/xml/bind/jakarta.xml.bind-api/2.3.3/jakarta.xml.bind-api-2.3.3.jar:/Users/tranhainam/.m2/repository/jakarta/activation/jakarta.activation-api/1.2.2/jakarta.activation-api-1.2.2.jar:/Users/tranhainam/.m2/repository/net/bytebuddy/byte-buddy/1.10.18/byte-buddy-1.10.18.jar:/Users/tranhainam/.m2/repository/org/springframework/boot/spring-boot-starter-data-jpa/2.4.1/spring-boot-starter-data-jpa-2.4.1.jar:/Users/tranhainam/.m2/repository/org/springframework/boot/spring-boot-starter-aop/2.4.1/spring-boot-starter-aop-2.4.1.jar:/Users/tranhainam/.m2/repository/org/aspectj/aspectjweaver/1.9.6/aspectjweaver-1.9.6.jar:/Users/tranhainam/.m2/repository/org/springframework/boot/spring-boot-starter-jdbc/2.4.1/spring-boot-starter-jdbc-2.4.1.jar:/Users/tranhainam/.m2/repository/com/zaxxer/HikariCP/3.4.5/HikariCP-3.4.5.jar:/Users/tranhainam/.m2/repository/org/springframework/spring-jdbc/5.3.2/spring-jdbc-5.3.2.jar:/Users/tranhainam/.m2/repository/jakarta/transaction/jakarta.transaction-api/1.3.3/jakarta.transaction-api-1.3.3.jar:/Users/tranhainam/.m2/repository/jakarta/persistence/jakarta.persistence-api/2.2.3/jakarta.persistence-api-2.2.3.jar:/Users/tranhainam/.m2/repository/org/hibernate/hibernate-core/5.4.25.Final/hibernate-core-5.4.25.Final.jar:/Users/tranhainam/.m2/repository/org/jboss/logging/jboss-logging/3.4.1.Final/jboss-logging-3.4.1.Final.jar:/Users/tranhainam/.m2/repository/org/javassist/javassist/3.27.0-GA/javassist-3.27.0-GA.jar:/Users/tranhainam/.m2/repository/antlr/antlr/2.7.7/antlr-2.7.7.jar:/Users/tranhainam/.m2/repository/org/jboss/jandex/2.1.3.Final/jandex-2.1.3.Final.jar:/Users/tranhainam/.m2/repository/com/fasterxml/classmate/1.5.1/classmate-1.5.1.jar:/Users/tranhainam/.m2/repository/org/dom4j/dom4j/2.1.3/dom4j-2.1.3.jar:/Users/tranhainam/.m2/repository/org/hibernate/common/hibernate-commons-annotations/5.1.2.Final/hibernate-commons-annotations-5.1.2.Final.jar:/Users/tranhainam/.m2/repository/org/glassfish/jaxb/jaxb-runtime/2.3.3/jaxb-runtime-2.3.3.jar:/Users/tranhainam/.m2/repository/org/glassfish/jaxb/txw2/2.3.3/txw2-2.3.3.jar:/Users/tranhainam/.m2/repository/com/sun/istack/istack-commons-runtime/3.0.11/istack-commons-runtime-3.0.11.jar:/Users/tranhainam/.m2/repository/com/sun/activation/jakarta.activation/1.2.2/jakarta.activation-1.2.2.jar:/Users/tranhainam/.m2/repository/org/springframework/data/spring-data-jpa/2.4.2/spring-data-jpa-2.4.2.jar:/Users/tranhainam/.m2/repository/org/springframework/data/spring-data-commons/2.4.2/spring-data-commons-2.4.2.jar:/Users/tranhainam/.m2/repository/org/springframework/spring-orm/5.3.2/spring-orm-5.3.2.jar:/Users/tranhainam/.m2/repository/org/springframework/spring-tx/5.3.2/spring-tx-5.3.2.jar:/Users/tranhainam/.m2/repository/org/springframework/spring-aspects/5.3.2/spring-aspects-5.3.2.jar:/Users/tranhainam/.m2/repository/org/springframework/boot/spring-boot-devtools/2.4.1/spring-boot-devtools-2.4.1.jar:/Users/tranhainam/.m2/repository/mysql/mysql-connector-java/8.0.22/mysql-connector-java-8.0.22.jar:/Users/tranhainam/.m2/repository/net/sf/supercsv/super-csv/2.4.0/super-csv-2.4.0.jar:/Users/tranhainam/.m2/repository/org/apache/poi/poi-ooxml/4.1.0/poi-ooxml-4.1.0.jar:/Users/tranhainam/.m2/repository/org/apache/poi/poi/4.1.0/poi-4.1.0.jar:/Users/tranhainam/.m2/repository/commons-codec/commons-codec/1.15/commons-codec-1.15.jar:/Users/tranhainam/.m2/repository/org/apache/commons/commons-collections4/4.3/commons-collections4-4.3.jar:/Users/tranhainam/.m2/repository/org/apache/commons/commons-math3/3.6.1/commons-math3-3.6.1.jar:/Users/tranhainam/.m2/repository/org/apache/poi/poi-ooxml-schemas/4.1.0/poi-ooxml-schemas-4.1.0.jar:/Users/tranhainam/.m2/repository/org/apache/xmlbeans/xmlbeans/3.1.0/xmlbeans-3.1.0.jar:/Users/tranhainam/.m2/repository/org/apache/commons/commons-compress/1.18/commons-compress-1.18.jar:/Users/tranhainam/.m2/repository/com/github/virtuald/curvesapi/1.06/curvesapi-1.06.jar:/Users/tranhainam/.m2/repository/com/github/librepdf/openpdf/1.3.8/openpdf-1.3.8.jar:/Users/tranhainam/.m2/repository/com/github/albfernandez/juniversalchardet/2.3.0/juniversalchardet-2.3.0.jar:/Users/tranhainam/.m2/repository/org/webjars/bootstrap/4.3.1/bootstrap-4.3.1.jar:/Users/tranhainam/.m2/repository/org/webjars/popper.js/1.14.3/popper.js-1.14.3.jar:/Users/tranhainam/.m2/repository/org/webjars/jquery/3.4.1/jquery-3.4.1.jar:/Users/tranhainam/.m2/repository/org/webjars/webjars-locator-core/0.46/webjars-locator-core-0.46.jar:/Users/tranhainam/.m2/repository/io/github/classgraph/classgraph/4.8.69/classgraph-4.8.69.jar:/Users/tranhainam/.m2/repository/com/fasterxml/jackson/core/jackson-core/2.11.3/jackson-core-2.11.3.jar
Launcher Type: SUN_STANDARD

[Global flags]
     intx CICompilerCount                          = 4                                         {product} {ergonomic}
     uint ConcGCThreads                            = 2                                         {product} {ergonomic}
     uint G1ConcRefinementThreads                  = 8                                         {product} {ergonomic}
   size_t G1HeapRegionSize                         = 2097152                                   {product} {ergonomic}
    uintx GCDrainStackTargetSize                   = 64                                        {product} {ergonomic}
   size_t InitialHeapSize                          = 268435456                                 {product} {ergonomic}
   size_t MarkStackSize                            = 4194304                                   {product} {ergonomic}
   size_t MaxHeapSize                              = 4294967296                                {product} {ergonomic}
   size_t MaxNewSize                               = 2575302656                                {product} {ergonomic}
   size_t MinHeapDeltaBytes                        = 2097152                                   {product} {ergonomic}
   size_t MinHeapSize                              = 8388608                                   {product} {ergonomic}
    uintx NonNMethodCodeHeapSize                   = 5839372                                {pd product} {ergonomic}
    uintx NonProfiledCodeHeapSize                  = 122909434                              {pd product} {ergonomic}
    uintx ProfiledCodeHeapSize                     = 122909434                              {pd product} {ergonomic}
    uintx ReservedCodeCacheSize                    = 251658240                              {pd product} {ergonomic}
     bool SegmentedCodeCache                       = true                                      {product} {ergonomic}
     bool ShowCodeDetailsInExceptionMessages       = true                                   {manageable} {command line}
   size_t SoftMaxHeapSize                          = 4294967296                             {manageable} {ergonomic}
     bool UseCompressedClassPointers               = true                           {product lp64_product} {ergonomic}
     bool UseCompressedOops                        = true                           {product lp64_product} {ergonomic}
     bool UseG1GC                                  = true                                      {product} {ergonomic}
     bool UseNUMA                                  = false                                     {product} {ergonomic}
     bool UseNUMAInterleaving                      = false                                     {product} {ergonomic}

Logging:
Log output configuration:
 #0: stdout all=warning uptime,level,tags foldmultilines=false
 #1: stderr all=off uptime,level,tags foldmultilines=false

Environment Variables:
PATH=/usr/bin:/bin:/usr/sbin:/sbin
SHELL=/bin/zsh

Signal Handlers:
   SIGSEGV: crash_handler in libjvm.dylib, mask=11100110100111111111111111111111, flags=SA_RESTART|SA_SIGINFO
    SIGBUS: crash_handler in libjvm.dylib, mask=11100110100111111111111111111111, flags=SA_RESTART|SA_SIGINFO
    SIGFPE: crash_handler in libjvm.dylib, mask=11100110100111111111111111111111, flags=SA_RESTART|SA_SIGINFO
   SIGPIPE: javaSignalHandler in libjvm.dylib, mask=11100110100111111111111111111111, flags=SA_RESTART|SA_SIGINFO
   SIGXFSZ: javaSignalHandler in libjvm.dylib, mask=11100110100111111111111111111111, flags=SA_RESTART|SA_SIGINFO
    SIGILL: crash_handler in libjvm.dylib, mask=11100110100111111111111111111111, flags=SA_RESTART|SA_SIGINFO
   SIGUSR2: SR_handler in libjvm.dylib, mask=00100000000000000000000000000000, flags=SA_RESTART|SA_SIGINFO
    SIGHUP: UserHandler in libjvm.dylib, mask=11100110100111111111111111111111, flags=SA_RESTART|SA_SIGINFO
    SIGINT: UserHandler in libjvm.dylib, mask=11100110100111111111111111111111, flags=SA_RESTART|SA_SIGINFO
   SIGTERM: UserHandler in libjvm.dylib, mask=11100110100111111111111111111111, flags=SA_RESTART|SA_SIGINFO
   SIGQUIT: UserHandler in libjvm.dylib, mask=11100110100111111111111111111111, flags=SA_RESTART|SA_SIGINFO
   SIGTRAP: crash_handler in libjvm.dylib, mask=11100110100111111111111111111111, flags=SA_RESTART|SA_SIGINFO


---------------  S Y S T E M  ---------------

OS:
uname: Darwin 22.1.0 Darwin Kernel Version 22.1.0: Sun Oct  9 20:14:30 PDT 2022; root:xnu-8792.41.9~2/RELEASE_ARM64_T8103 x86_64
OS uptime: 24 days 21:30 hours
rlimit (soft/hard): STACK 8176k/65520k , CORE 0k/infinity , NPROC 2666/4000 , NOFILE 10240/infinity , AS infinity/infinity , CPU infinity/infinity , DATA infinity/infinity , FSIZE infinity/infinity , MEMLOCK infinity/infinity , RSS infinity/infinity
load average: 2.46 3.67 3.58

CPU: (EMULATED) total 8 (initial active 8) (1 cores per cpu, 1 threads per core) family 6 model 44 stepping 0 microcode 0x0, cx8, cmov, fxsr, mmx, sse, sse2, sse3, ssse3, sse4.1, sse4.2, popcnt, tsc, tscinvbit, aes, clmul, clflush

Memory: 4k page, physical 16777216k(27460k free), swap 11534336k(993024k free)

vm_info: Java HotSpot(TM) 64-Bit Server VM (18.0.2.1+1-1) for bsd-amd64 JRE (18.0.2.1+1-1), built on Aug 16 2022 00:46:02 by "mach5one" with clang Apple LLVM 12.0.0 (clang-1200.0.32.29)

END.
